{"log_type": "authentication", "raw": "<Event xmlns='http://schemas.microsoft.com/win/2004/08/events/event'><System><Provider Name='Microsoft-Windows-Security-Auditing' Guid='{54849625-5478-4994-a5ba-3e3b0328c30d}'/><EventID>4672</EventID><Version>0</Version><Level>0</Level><Task>12548</Task><Opcode>0</Opcode><Keywords>0x8020000000000000</Keywords><TimeCreated SystemTime='2026-09-24T06:50:35.8446765Z'/><EventRecordID>2734657</EventRecordID><Correlation ActivityID='{f8dd15b2-4bf0-0006-b71b-ddf8f04bdd01}'/><Execution ProcessID='1168' ThreadID='1292'/><Channel>Security</Channel><Computer>ANURAGYADAV</Computer><Security/></System><EventData><Data Name='SubjectUserSid'>S-1-5-18</Data><Data Name='SubjectUserName'>SYSTEM</Data><Data Name='SubjectDomainName'>NT AUTHORITY</Data><Data Name='SubjectLogonId'>0x3e7</Data><Data Name='PrivilegeList'>SeAssignPrimaryTokenPrivilege\n\t\t\tSeTcbPrivilege\n\t\t\tSeSecurityPrivilege\n\t\t\tSeTakeOwnershipPrivilege\n\t\t\tSeLoadDriverPrivilege\n\t\t\tSeBackupPrivilege\n\t\t\tSeRestorePrivilege\n\t\t\tSeDebugPrivilege\n\t\t\tSeAuditPrivilege\n\t\t\tSeSystemEnvironmentPrivilege\n\t\t\tSeImpersonatePrivilege\n\t\t\tSeDelegateSessionUserImpersonatePrivilege</Data></EventData></Event>", "timestamp": "2026-09-24T06:59:00.000Z", "hostname": "", "event_id": "", "action": "event", "message": "Windows Event ", "severity": "info"}
{"log_type": "authentication", "raw": "<Event xmlns='http://schemas.microsoft.com/win/2004/08/events/event'><System><Provider Name='Microsoft-Windows-Security-Auditing' Guid='{54849625-5478-4994-a5ba-3e3b0328c30d}'/><EventID>4624</EventID><Version>3</Version><Level>0</Level><Task>12544</Task><Opcode>0</Opcode><Keywords>0x8020000000000000</Keywords><TimeCreated SystemTime='2026-09-24T06:50:35.8478849Z'/><EventRecordID>2734658</EventRecordID><Correlation ActivityID='{f8dd15b2-4bf0-0006-b71b-ddf8f04bdd01}'/><Execution ProcessID='1168' ThreadID='1280'/><Channel>Security</Channel><Computer>ANURAGYADAV</Computer><Security/></System><EventData><Data Name='SubjectUserSid'>S-1-5-18</Data><Data Name='SubjectUserName'>ANURAGYADAV$</Data><Data Name='SubjectDomainName'>WORKGROUP</Data><Data Name='SubjectLogonId'>0x3e7</Data><Data Name='TargetUserSid'>S-1-5-18</Data><Data Name='TargetUserName'>SYSTEM</Data><Data Name='TargetDomainName'>NT AUTHORITY</Data><Data Name='TargetLogonId'>0x3e7</Data><Data Name='LogonType'>5</Data><Data Name='LogonProcessName'>Advapi  </Data><Data Name='AuthenticationPackageName'>Negotiate</Data><Data Name='WorkstationName'>-</Data><Data Name='LogonGuid'>{00000000-0000-0000-0000-000000000000}</Data><Data Name='TransmittedServices'>-</Data><Data Name='LmPackageName'>-</Data><Data Name='KeyLength'>0</Data><Data Name='ProcessId'>0x474</Data><Data Name='ProcessName'>C:\\Windows\\System32\\services.exe</Data><Data Name='IpAddress'>-</Data><Data Name='IpPort'>-</Data><Data Name='ImpersonationLevel'>%%1833</Data><Data Name='RestrictedAdminMode'>-</Data><Data Name='RemoteCredentialGuard'>-</Data><Data Name='TargetOutboundUserName'>-</Data><Data Name='TargetOutboundDomainName'>-</Data><Data Name='VirtualAccount'>%%1843</Data><Data Name='TargetLinkedLogonId'>0x0</Data><Data Name='ElevatedToken'>%%1842</Data></EventData></Event>", "timestamp": "2026-09-24T06:59:00.000Z", "hostname": "", "event_id": "", "action": "event", "message": "Windows Event ", "severity": "info"}
{"log_type": "authentication", "raw": "<Event xmlns='http://schemas.microsoft.com/win/2004/08/events/event'><System><Provider Name='Microsoft-Windows-Security-Auditing' Guid='{54849625-5478-4994-a5ba-3e3b0328c30d}'/><EventID>4672</EventID><Version>0</Version><Level>0</Level><Task>12548</Task><Opcode>0</Opcode><Keywords>0x8020000000000000</Keywords><TimeCreated SystemTime='2026-09-24T06:50:35.8478968Z'/><EventRecordID>2734659</EventRecordID><Correlation ActivityID='{f8dd15b2-4bf0-0006-b71b-ddf8f04bdd01}'/><Execution ProcessID='1168' ThreadID='1280'/><Channel>Security</Channel><Computer>ANURAGYADAV</Computer><Security/></System><EventData><Data Name='SubjectUserSid'>S-1-5-18</Data><Data Name='SubjectUserName'>SYSTEM</Data><Data Name='SubjectDomainName'>NT AUTHORITY</Data><Data Name='SubjectLogonId'>0x3e7</Data><Data Name='PrivilegeList'>SeAssignPrimaryTokenPrivilege\n\t\t\tSeTcbPrivilege\n\t\t\tSeSecurityPrivilege\n\t\t\tSeTakeOwnershipPrivilege\n\t\t\tSeLoadDriverPrivilege\n\t\t\tSeBackupPrivilege\n\t\t\tSeRestorePrivilege\n\t\t\tSeDebugPrivilege\n\t\t\tSeAuditPrivilege\n\t\t\tSeSystemEnvironmentPrivilege\n\t\t\tSeImpersonatePrivilege\n\t\t\tSeDelegateSessionUserImpersonatePrivilege</Data></EventData></Event>", "timestamp": "2026-09-24T06:59:00.000Z", "hostname": "", "event_id": "", "action": "event", "message": "Windows Event ", "severity": "info"}
{"log_type": "authentication", "raw": "<Event xmlns='http://schemas.microsoft.com/win/2004/08/events/event'><System><Provider Name='Microsoft-Windows-Security-Auditing' Guid='{54849625-5478-4994-a5ba-3e3b0328c30d}'/><EventID>4624</EventID><Version>3</Version><Level>0</Level><Task>12544</Task><Opcode>0</Opcode><Keywords>0x8020000000000000</Keywords><TimeCreated SystemTime='2026-09-24T06:50:35.8766563Z'/><EventRecordID>2734660</EventRecordID><Correlation ActivityID='{f8dd15b2-4bf0-0006-b71b-ddf8f04bdd01}'/><Execution ProcessID='1168' ThreadID='1292'/><Channel>Security</Channel><Computer>ANURAGYADAV</Computer><Security/></System><EventData><Data Name='SubjectUserSid'>S-1-5-18</Data><Data Name='SubjectUserName'>ANURAGYADAV$</Data><Data Name='SubjectDomainName'>WORKGROUP</Data><Data Name='SubjectLogonId'>0x3e7</Data><Data Name='TargetUserSid'>S-1-5-18</Data><Data Name='TargetUserName'>SYSTEM</Data><Data Name='TargetDomainName'>NT AUTHORITY</Data><Data Name='TargetLogonId'>0x3e7</Data><Data Name='LogonType'>5</Data><Data Name='LogonProcessName'>Advapi  </Data><Data Name='AuthenticationPackageName'>Negotiate</Data><Data Name='WorkstationName'>-</Data><Data Name='LogonGuid'>{00000000-0000-0000-0000-000000000000}</Data><Data Name='TransmittedServices'>-</Data><Data Name='LmPackageName'>-</Data><Data Name='KeyLength'>0</Data><Data Name='ProcessId'>0x474</Data><Data Name='ProcessName'>C:\\Windows\\System32\\services.exe</Data><Data Name='IpAddress'>-</Data><Data Name='IpPort'>-</Data><Data Name='ImpersonationLevel'>%%1833</Data><Data Name='RestrictedAdminMode'>-</Data><Data Name='RemoteCredentialGuard'>-</Data><Data Name='TargetOutboundUserName'>-</Data><Data Name='TargetOutboundDomainName'>-</Data><Data Name='VirtualAccount'>%%1843</Data><Data Name='TargetLinkedLogonId'>0x0</Data><Data Name='ElevatedToken'>%%1842</Data></EventData></Event>", "timestamp": "2026-09-24T06:59:00.000Z", "hostname": "", "event_id": "", "action": "event", "message": "Windows Event ", "severity": "info"}
{"log_type": "authentication", "raw": "<Event xmlns='http://schemas.microsoft.com/win/2004/08/events/event'><System><Provider Name='Microsoft-Windows-Security-Auditing' Guid='{54849625-5478-4994-a5ba-3e3b0328c30d}'/><EventID>4672</EventID><Version>0</Version><Level>0</Level><Task>12548</Task><Opcode>0</Opcode><Keywords>0x8020000000000000</Keywords><TimeCreated SystemTime='2026-09-24T06:50:35.8766695Z'/><EventRecordID>2734661</EventRecordID><Correlation ActivityID='{f8dd15b2-4bf0-0006-b71b-ddf8f04bdd01}'/><Execution ProcessID='1168' ThreadID='1292'/><Channel>Security</Channel><Computer>ANURAGYADAV</Computer><Security/></System><EventData><Data Name='SubjectUserSid'>S-1-5-18</Data><Data Name='SubjectUserName'>SYSTEM</Data><Data Name='SubjectDomainName'>NT AUTHORITY</Data><Data Name='SubjectLogonId'>0x3e7</Data><Data Name='PrivilegeList'>SeAssignPrimaryTokenPrivilege\n\t\t\tSeTcbPrivilege\n\t\t\tSeSecurityPrivilege\n\t\t\tSeTakeOwnershipPrivilege\n\t\t\tSeLoadDriverPrivilege\n\t\t\tSeBackupPrivilege\n\t\t\tSeRestorePrivilege\n\t\t\tSeDebugPrivilege\n\t\t\tSeAuditPrivilege\n\t\t\tSeSystemEnvironmentPrivilege\n\t\t\tSeImpersonatePrivilege\n\t\t\tSeDelegateSessionUserImpersonatePrivilege</Data></EventData></Event>", "timestamp": "2026-09-24T06:59:00.000Z", "hostname": "", "event_id": "", "action": "event", "message": "Windows Event ", "severity": "info"}
{"log_type": "authentication", "raw": "<Event xmlns='http://schemas.microsoft.com/win/2004/08/events/event'><System><Provider Name='Microsoft-Windows-Security-Auditing' Guid='{54849625-5478-4994-a5ba-3e3b0328c30d}'/><EventID>4624</EventID><Version>3</Version><Level>0</Level><Task>12544</Task><Opcode>0</Opcode><Keywords>0x8020000000000000</Keywords><TimeCreated SystemTime='2026-09-24T06:50:35.9007005Z'/><EventRecordID>2734662</EventRecordID><Correlation ActivityID='{f8dd15b2-4bf0-0006-b71b-ddf8f04bdd01}'/><Execution ProcessID='1168' ThreadID='876'/><Channel>Security</Channel><Computer>ANURAGYADAV</Computer><Security/></System><EventData><Data Name='SubjectUserSid'>S-1-5-18</Data><Data Name='SubjectUserName'>ANURAGYADAV$</Data><Data Name='SubjectDomainName'>WORKGROUP</Data><Data Name='SubjectLogonId'>0x3e7</Data><Data Name='TargetUserSid'>S-1-5-18</Data><Data Name='TargetUserName'>SYSTEM</Data><Data Name='TargetDomainName'>NT AUTHORITY</Data><Data Name='TargetLogonId'>0x3e7</Data><Data Name='LogonType'>5</Data><Data Name='LogonProcessName'>Advapi  </Data><Data Name='AuthenticationPackageName'>Negotiate</Data><Data Name='WorkstationName'>-</Data><Data Name='LogonGuid'>{00000000-0000-0000-0000-000000000000}</Data><Data Name='TransmittedServices'>-</Data><Data Name='LmPackageName'>-</Data><Data Name='KeyLength'>0</Data><Data Name='ProcessId'>0x474</Data><Data Name='ProcessName'>C:\\Windows\\System32\\services.exe</Data><Data Name='IpAddress'>-</Data><Data Name='IpPort'>-</Data><Data Name='ImpersonationLevel'>%%1833</Data><Data Name='RestrictedAdminMode'>-</Data><Data Name='RemoteCredentialGuard'>-</Data><Data Name='TargetOutboundUserName'>-</Data><Data Name='TargetOutboundDomainName'>-</Data><Data Name='VirtualAccount'>%%1843</Data><Data Name='TargetLinkedLogonId'>0x0</Data><Data Name='ElevatedToken'>%%1842</Data></EventData></Event>", "timestamp": "2026-09-24T06:59:00.000Z", "hostname": "", "event_id": "", "action": "event", "message": "Windows Event ", "severity": "info"}
{"log_type": "authentication", "raw": "<Event xmlns='http://schemas.microsoft.com/win/2004/08/events/event'><System><Provider Name='Microsoft-Windows-Security-Auditing' Guid='{54849625-5478-4994-a5ba-3e3b0328c30d}'/><EventID>4672</EventID><Version>0</Version><Level>0</Level><Task>12548</Task><Opcode>0</Opcode><Keywords>0x8020000000000000</Keywords><TimeCreated SystemTime='2026-09-24T06:50:35.9007152Z'/><EventRecordID>2734663</EventRecordID><Correlation ActivityID='{f8dd15b2-4bf0-0006-b71b-ddf8f04bdd01}'/><Execution ProcessID='1168' ThreadID='876'/><Channel>Security</Channel><Computer>ANURAGYADAV</Computer><Security/></System><EventData><Data Name='SubjectUserSid'>S-1-5-18</Data><Data Name='SubjectUserName'>SYSTEM</Data><Data Name='SubjectDomainName'>NT AUTHORITY</Data><Data Name='SubjectLogonId'>0x3e7</Data><Data Name='PrivilegeList'>SeAssignPrimaryTokenPrivilege\n\t\t\tSeTcbPrivilege\n\t\t\tSeSecurityPrivilege\n\t\t\tSeTakeOwnershipPrivilege\n\t\t\tSeLoadDriverPrivilege\n\t\t\tSeBackupPrivilege\n\t\t\tSeRestorePrivilege\n\t\t\tSeDebugPrivilege\n\t\t\tSeAuditPrivilege\n\t\t\tSeSystemEnvironmentPrivilege\n\t\t\tSeImpersonatePrivilege\n\t\t\tSeDelegateSessionUserImpersonatePrivilege</Data></EventData></Event>", "timestamp": "2026-09-24T06:59:00.000Z", "hostname": "", "event_id": "", "action": "event", "message": "Windows Event ", "severity": "info"}
{"log_type": "authentication", "raw": "<Event xmlns='http://schemas.microsoft.com/win/2004/08/events/event'><System><Provider Name='Microsoft-Windows-Security-Auditing' Guid='{54849625-5478-4994-a5ba-3e3b0328c30d}'/><EventID>4624</EventID><Version>3</Version><Level>0</Level><Task>12544</Task><Opcode>0</Opcode><Keywords>0x8020000000000000</Keywords><TimeCreated SystemTime='2026-09-24T06:50:35.9107357Z'/><EventRecordID>2734664</EventRecordID><Correlation ActivityID='{f8dd15b2-4bf0-0006-b71b-ddf8f04bdd01}'/><Execution ProcessID='1168' ThreadID='876'/><Channel>Security</Channel><Computer>ANURAGYADAV</Computer><Security/></System><EventData><Data Name='SubjectUserSid'>S-1-5-18</Data><Data Name='SubjectUserName'>ANURAGYADAV$</Data><Data Name='SubjectDomainName'>WORKGROUP</Data><Data Name='SubjectLogonId'>0x3e7</Data><Data Name='TargetUserSid'>S-1-5-18</Data><Data Name='TargetUserName'>SYSTEM</Data><Data Name='TargetDomainName'>NT AUTHORITY</Data><Data Name='TargetLogonId'>0x3e7</Data><Data Name='LogonType'>5</Data><Data Name='LogonProcessName'>Advapi  </Data><Data Name='AuthenticationPackageName'>Negotiate</Data><Data Name='WorkstationName'>-</Data><Data Name='LogonGuid'>{00000000-0000-0000-0000-000000000000}</Data><Data Name='TransmittedServices'>-</Data><Data Name='LmPackageName'>-</Data><Data Name='KeyLength'>0</Data><Data Name='ProcessId'>0x474</Data><Data Name='ProcessName'>C:\\Windows\\System32\\services.exe</Data><Data Name='IpAddress'>-</Data><Data Name='IpPort'>-</Data><Data Name='ImpersonationLevel'>%%1833</Data><Data Name='RestrictedAdminMode'>-</Data><Data Name='RemoteCredentialGuard'>-</Data><Data Name='TargetOutboundUserName'>-</Data><Data Name='TargetOutboundDomainName'>-</Data><Data Name='VirtualAccount'>%%1843</Data><Data Name='TargetLinkedLogonId'>0x0</Data><Data Name='ElevatedToken'>%%1842</Data></EventData></Event>", "timestamp": "2026-09-24T06:59:00.000Z", "hostname": "", "event_id": "", "action": "event", "message": "Windows Event ", "severity": "info"}
{"log_type": "authentication", "raw": "<Event xmlns='http://schemas.microsoft.com/win/2004/08/events/event'><System><Provider Name='Microsoft-Windows-Security-Auditing' Guid='{54849625-5478-4994-a5ba-3e3b0328c30d}'/><EventID>4672</EventID><Version>0</Version><Level>0</Level><Task>12548</Task><Opcode>0</Opcode><Keywords>0x8020000000000000</Keywords><TimeCreated SystemTime='2026-09-24T06:50:35.9107491Z'/><EventRecordID>2734665</EventRecordID><Correlation ActivityID='{f8dd15b2-4bf0-0006-b71b-ddf8f04bdd01}'/><Execution ProcessID='1168' ThreadID='876'/><Channel>Security</Channel><Computer>ANURAGYADAV</Computer><Security/></System><EventData><Data Name='SubjectUserSid'>S-1-5-18</Data><Data Name='SubjectUserName'>SYSTEM</Data><Data Name='SubjectDomainName'>NT AUTHORITY</Data><Data Name='SubjectLogonId'>0x3e7</Data><Data Name='PrivilegeList'>SeAssignPrimaryTokenPrivilege\n\t\t\tSeTcbPrivilege\n\t\t\tSeSecurityPrivilege\n\t\t\tSeTakeOwnershipPrivilege\n\t\t\tSeLoadDriverPrivilege\n\t\t\tSeBackupPrivilege\n\t\t\tSeRestorePrivilege\n\t\t\tSeDebugPrivilege\n\t\t\tSeAuditPrivilege\n\t\t\tSeSystemEnvironmentPrivilege\n\t\t\tSeImpersonatePrivilege\n\t\t\tSeDelegateSessionUserImpersonatePrivilege</Data></EventData></Event>", "timestamp": "2026-09-24T06:59:00.000Z", "hostname": "", "event_id": "", "action": "event", "message": "Windows Event ", "severity": "info"}
{"log_type": "authentication", "raw": "<Event xmlns='http://schemas.microsoft.com/win/2004/08/events/event'><System><Provider Name='Microsoft-Windows-Security-Auditing' Guid='{54849625-5478-4994-a5ba-3e3b0328c30d}'/><EventID>4624</EventID><Version>3</Version><Level>0</Level><Task>12544</Task><Opcode>0</Opcode><Keywords>0x8020000000000000</Keywords><TimeCreated SystemTime='2026-09-24T06:50:35.9608859Z'/><EventRecordID>2734666</EventRecordID><Correlation ActivityID='{f8dd15b2-4bf0-0006-b71b-ddf8f04bdd01}'/><Execution ProcessID='1168' ThreadID='1296'/><Channel>Security</Channel><Computer>ANURAGYADAV</Computer><Security/></System><EventData><Data Name='SubjectUserSid'>S-1-5-18</Data><Data Name='SubjectUserName'>ANURAGYADAV$</Data><Data Name='SubjectDomainName'>WORKGROUP</Data><Data Name='SubjectLogonId'>0x3e7</Data><Data Name='TargetUserSid'>S-1-5-18</Data><Data Name='TargetUserName'>SYSTEM</Data><Data Name='TargetDomainName'>NT AUTHORITY</Data><Data Name='TargetLogonId'>0x3e7</Data><Data Name='LogonType'>5</Data><Data Name='LogonProcessName'>Advapi  </Data><Data Name='AuthenticationPackageName'>Negotiate</Data><Data Name='WorkstationName'>-</Data><Data Name='LogonGuid'>{00000000-0000-0000-0000-000000000000}</Data><Data Name='TransmittedServices'>-</Data><Data Name='LmPackageName'>-</Data><Data Name='KeyLength'>0</Data><Data Name='ProcessId'>0x474</Data><Data Name='ProcessName'>C:\\Windows\\System32\\services.exe</Data><Data Name='IpAddress'>-</Data><Data Name='IpPort'>-</Data><Data Name='ImpersonationLevel'>%%1833</Data><Data Name='RestrictedAdminMode'>-</Data><Data Name='RemoteCredentialGuard'>-</Data><Data Name='TargetOutboundUserName'>-</Data><Data Name='TargetOutboundDomainName'>-</Data><Data Name='VirtualAccount'>%%1843</Data><Data Name='TargetLinkedLogonId'>0x0</Data><Data Name='ElevatedToken'>%%1842</Data></EventData></Event>", "timestamp": "2026-09-24T06:59:00.000Z", "hostname": "", "event_id": "", "action": "event", "message": "Windows Event ", "severity": "info"}
{"log_type": "authentication", "raw": "<Event xmlns='http://schemas.microsoft.com/win/2004/08/events/event'><System><Provider Name='Microsoft-Windows-Security-Auditing' Guid='{54849625-5478-4994-a5ba-3e3b0328c30d}'/><EventID>4672</EventID><Version>0</Version><Level>0</Level><Task>12548</Task><Opcode>0</Opcode><Keywords>0x8020000000000000</Keywords><TimeCreated SystemTime='2026-09-24T06:50:35.9609894Z'/><EventRecordID>2734667</EventRecordID><Correlation ActivityID='{f8dd15b2-4bf0-0006-b71b-ddf8f04bdd01}'/><Execution ProcessID='1168' ThreadID='1296'/><Channel>Security</Channel><Computer>ANURAGYADAV</Computer><Security/></System><EventData><Data Name='SubjectUserSid'>S-1-5-18</Data><Data Name='SubjectUserName'>SYSTEM</Data><Data Name='SubjectDomainName'>NT AUTHORITY</Data><Data Name='SubjectLogonId'>0x3e7</Data><Data Name='PrivilegeList'>SeAssignPrimaryTokenPrivilege\n\t\t\tSeTcbPrivilege\n\t\t\tSeSecurityPrivilege\n\t\t\tSeTakeOwnershipPrivilege\n\t\t\tSeLoadDriverPrivilege\n\t\t\tSeBackupPrivilege\n\t\t\tSeRestorePrivilege\n\t\t\tSeDebugPrivilege\n\t\t\tSeAuditPrivilege\n\t\t\tSeSystemEnvironmentPrivilege\n\t\t\tSeImpersonatePrivilege\n\t\t\tSeDelegateSessionUserImpersonatePrivilege</Data></EventData></Event>", "timestamp": "2026-09-24T06:59:00.000Z", "hostname": "", "event_id": "", "action": "event", "message": "Windows Event ", "severity": "info"}
{"log_type": "authentication", "raw": "<Event xmlns='http://schemas.microsoft.com/win/2004/08/events/event'><System><Provider Name='Microsoft-Windows-Security-Auditing' Guid='{54849625-5478-4994-a5ba-3e3b0328c30d}'/><EventID>4624</EventID><Version>3</Version><Level>0</Level><Task>12544</Task><Opcode>0</Opcode><Keywords>0x8020000000000000</Keywords><TimeCreated SystemTime='2026-09-24T06:50:36.0357163Z'/><EventRecordID>2734668</EventRecordID><Correlation ActivityID='{f8dd15b2-4bf0-0006-b71b-ddf8f04bdd01}'/><Execution ProcessID='1168' ThreadID='876'/><Channel>Security</Channel><Computer>ANURAGYADAV</Computer><Security/></System><EventData><Data Name='SubjectUserSid'>S-1-5-18</Data><Data Name='SubjectUserName'>ANURAGYADAV$</Data><Data Name='SubjectDomainName'>WORKGROUP</Data><Data Name='SubjectLogonId'>0x3e7</Data><Data Name='TargetUserSid'>S-1-5-18</Data><Data Name='TargetUserName'>SYSTEM</Data><Data Name='TargetDomainName'>NT AUTHORITY</Data><Data Name='TargetLogonId'>0x3e7</Data><Data Name='LogonType'>5</Data><Data Name='LogonProcessName'>Advapi  </Data><Data Name='AuthenticationPackageName'>Negotiate</Data><Data Name='WorkstationName'>-</Data><Data Name='LogonGuid'>{00000000-0000-0000-0000-000000000000}</Data><Data Name='TransmittedServices'>-</Data><Data Name='LmPackageName'>-</Data><Data Name='KeyLength'>0</Data><Data Name='ProcessId'>0x474</Data><Data Name='ProcessName'>C:\\Windows\\System32\\services.exe</Data><Data Name='IpAddress'>-</Data><Data Name='IpPort'>-</Data><Data Name='ImpersonationLevel'>%%1833</Data><Data Name='RestrictedAdminMode'>-</Data><Data Name='RemoteCredentialGuard'>-</Data><Data Name='TargetOutboundUserName'>-</Data><Data Name='TargetOutboundDomainName'>-</Data><Data Name='VirtualAccount'>%%1843</Data><Data Name='TargetLinkedLogonId'>0x0</Data><Data Name='ElevatedToken'>%%1842</Data></EventData></Event>", "timestamp": "2026-09-24T06:59:00.000Z", "hostname": "", "event_id": "", "action": "event", "message": "Windows Event ", "severity": "info"}
{"log_type": "authentication", "raw": "<Event xmlns='http://schemas.microsoft.com/win/2004/08/events/event'><System><Provider Name='Microsoft-Windows-Security-Auditing' Guid='{54849625-5478-4994-a5ba-3e3b0328c30d}'/><EventID>4672</EventID><Version>0</Version><Level>0</Level><Task>12548</Task><Opcode>0</Opcode><Keywords>0x8020000000000000</Keywords><TimeCreated SystemTime='2026-09-24T06:50:36.0357289Z'/><EventRecordID>2734669</EventRecordID><Correlation ActivityID='{f8dd15b2-4bf0-0006-b71b-ddf8f04bdd01}'/><Execution ProcessID='1168' ThreadID='876'/><Channel>Security</Channel><Computer>ANURAGYADAV</Computer><Security/></System><EventData><Data Name='SubjectUserSid'>S-1-5-18</Data><Data Name='SubjectUserName'>SYSTEM</Data><Data Name='SubjectDomainName'>NT AUTHORITY</Data><Data Name='SubjectLogonId'>0x3e7</Data><Data Name='PrivilegeList'>SeAssignPrimaryTokenPrivilege\n\t\t\tSeTcbPrivilege\n\t\t\tSeSecurityPrivilege\n\t\t\tSeTakeOwnershipPrivilege\n\t\t\tSeLoadDriverPrivilege\n\t\t\tSeBackupPrivilege\n\t\t\tSeRestorePrivilege\n\t\t\tSeDebugPrivilege\n\t\t\tSeAuditPrivilege\n\t\t\tSeSystemEnvironmentPrivilege\n\t\t\tSeImpersonatePrivilege\n\t\t\tSeDelegateSessionUserImpersonatePrivilege</Data></EventData></Event>", "timestamp": "2026-09-24T06:59:00.000Z", "hostname": "", "event_id": "", "action": "event", "message": "Windows Event ", "severity": "info"}
{"log_type": "dns", "raw": "24-Sep-2026 06:59:01.000 queries: info: client @0x7f 127.0.0.1#53 (default.exp-tas.com): query: default.exp-tas.com IN A + (127.0.0.1)", "timestamp": "24-Sep-2026 06:59:01.000", "source_ip": "127.0.0.1", "source_port": 53, "protocol": "UDP", "action": "query", "message": "DNS query from 127.0.0.1: default.exp-tas.com (A)", "severity": "info", "extra": {"query_name": "default.exp-tas.com", "query_type": "A", "domain": "default.exp-tas.com"}}
{"log_type": "firewall", "raw": "Sep 24 12:28:44 FIREWALL kernel: [UFW ALLOW] IN=eth0 OUT= SRC=10.0.64.63 DST=151.101.106.172 PROTO=TCP SPT=63540 DPT=80", "timestamp": "2026-09-24T12:28:44.000Z", "hostname": "FIREWALL", "action": "allow", "source_ip": "10.0.64.63", "destination_ip": "151.101.106.172", "protocol": "TCP", "source_port": 63540, "destination_port": 80, "message": "Firewall allowed TCP 10.0.64.63 -> 151.101.106.172:80", "severity": "info", "extra": {"interface": "unknown"}}
{"log_type": "firewall", "raw": "Sep 24 12:28:45 FIREWALL kernel: [UFW ALLOW] IN=eth0 OUT= SRC=10.0.64.63 DST=4.240.189.72 PROTO=TCP SPT=63541 DPT=80", "timestamp": "2026-09-24T12:28:45.000Z", "hostname": "FIREWALL", "action": "allow", "source_ip": "10.0.64.63", "destination_ip": "4.240.189.72", "protocol": "TCP", "source_port": 63541, "destination_port": 80, "message": "Firewall allowed TCP 10.0.64.63 -> 4.240.189.72:80", "severity": "info", "extra": {"interface": "unknown"}}
{"log_type": "firewall", "raw": "Sep 24 12:28:45 FIREWALL kernel: [UFW ALLOW] IN=eth0 OUT= SRC=10.0.64.63 DST=49.44.95.143 PROTO=TCP SPT=55515 DPT=443", "timestamp": "2026-09-24T12:28:45.000Z", "hostname": "FIREWALL", "action": "allow", "source_ip": "10.0.64.63", "destination_ip": "49.44.95.143", "protocol": "TCP", "source_port": 55515, "destination_port": 443, "message": "Firewall allowed TCP 10.0.64.63 -> 49.44.95.143:443", "severity": "info", "extra": {"interface": "unknown"}}
{"log_type": "firewall", "raw": "Sep 24 12:28:45 FIREWALL kernel: [UFW ALLOW] IN=eth0 OUT= SRC=10.0.64.63 DST=172.31.0.17 PROTO=UDP SPT=52590 DPT=53", "timestamp": "2026-09-24T12:28:45.000Z", "hostname": "FIREWALL", "action": "allow", "source_ip": "10.0.64.63", "destination_ip": "172.31.0.17", "protocol": "UDP", "source_port": 52590, "destination_port": 53, "message": "Firewall allowed UDP 10.0.64.63 -> 172.31.0.17:53", "severity": "info", "extra": {"interface": "unknown"}}
{"log_type": "firewall", "raw": "Sep 24 12:28:45 FIREWALL kernel: [UFW ALLOW] IN=eth0 OUT= SRC=10.0.64.63 DST=74.226.60.120 PROTO=TCP SPT=55517 DPT=443", "timestamp": "2026-09-24T12:28:45.000Z", "hostname": "FIREWALL", "action": "allow", "source_ip": "10.0.64.63", "destination_ip": "74.226.60.120", "protocol": "TCP", "source_port": 55517, "destination_port": 443, "message": "Firewall allowed TCP 10.0.64.63 -> 74.226.60.120:443", "severity": "info", "extra": {"interface": "unknown"}}
{"log_type": "firewall", "raw": "Sep 24 12:28:46 FIREWALL kernel: [UFW ALLOW] IN=eth0 OUT= SRC=10.0.64.63 DST=8.8.8.8 PROTO=UDP SPT=52590 DPT=53", "timestamp": "2026-09-24T12:28:46.000Z", "hostname": "FIREWALL", "action": "allow", "source_ip": "10.0.64.63", "destination_ip": "8.8.8.8", "protocol": "UDP", "source_port": 52590, "destination_port": 53, "message": "Firewall allowed UDP 10.0.64.63 -> 8.8.8.8:53", "severity": "info", "extra": {"interface": "unknown"}}
{"log_type": "firewall", "raw": "Sep 24 12:28:46 FIREWALL kernel: [UFW ALLOW] IN=eth0 OUT= SRC=10.0.64.63 DST=20.99.129.183 PROTO=TCP SPT=55518 DPT=443", "timestamp": "2026-09-24T12:28:46.000Z", "hostname": "FIREWALL", "action": "allow", "source_ip": "10.0.64.63", "destination_ip": "20.99.129.183", "protocol": "TCP", "source_port": 55518, "destination_port": 443, "message": "Firewall allowed TCP 10.0.64.63 -> 20.99.129.183:443", "severity": "info", "extra": {"interface": "unknown"}}
{"log_type": "firewall", "raw": "Sep 24 12:28:47 FIREWALL kernel: [UFW ALLOW] IN=eth0 OUT= SRC=10.0.64.63 DST=172.31.0.17 PROTO=UDP SPT=65092 DPT=53", "timestamp": "2026-09-24T12:28:47.000Z", "hostname": "FIREWALL", "action": "allow", "source_ip": "10.0.64.63", "destination_ip": "172.31.0.17", "protocol": "UDP", "source_port": 65092, "destination_port": 53, "message": "Firewall allowed UDP 10.0.64.63 -> 172.31.0.17:53", "severity": "info", "extra": {"interface": "unknown"}}
{"log_type": "firewall", "raw": "Sep 24 12:28:47 FIREWALL kernel: [UFW ALLOW] IN=eth0 OUT= SRC=10.0.64.63 DST=8.8.8.8 PROTO=UDP SPT=65092 DPT=53", "timestamp": "2026-09-24T12:28:47.000Z", "hostname": "FIREWALL", "action": "allow", "source_ip": "10.0.64.63", "destination_ip": "8.8.8.8", "protocol": "UDP", "source_port": 65092, "destination_port": 53, "message": "Firewall allowed UDP 10.0.64.63 -> 8.8.8.8:53", "severity": "info", "extra": {"interface": "unknown"}}
{"log_type": "firewall", "raw": "Sep 24 12:28:47 FIREWALL kernel: [UFW ALLOW] IN=eth0 OUT= SRC=10.0.64.63 DST=23.10.232.2 PROTO=TCP SPT=55519 DPT=443", "timestamp": "2026-09-24T12:28:47.000Z", "hostname": "FIREWALL", "action": "allow", "source_ip": "10.0.64.63", "destination_ip": "23.10.232.2", "protocol": "TCP", "source_port": 55519, "destination_port": 443, "message": "Firewall allowed TCP 10.0.64.63 -> 23.10.232.2:443", "severity": "info", "extra": {"interface": "unknown"}}
{"log_type": "firewall", "raw": "Sep 24 12:28:47 FIREWALL kernel: [UFW ALLOW] IN=eth0 OUT= SRC=10.0.64.63 DST=172.31.0.17 PROTO=UDP SPT=64382 DPT=53", "timestamp": "2026-09-24T12:28:47.000Z", "hostname": "FIREWALL", "action": "allow", "source_ip": "10.0.64.63", "destination_ip": "172.31.0.17", "protocol": "UDP", "source_port": 64382, "destination_port": 53, "message": "Firewall allowed UDP 10.0.64.63 -> 172.31.0.17:53", "severity": "info", "extra": {"interface": "unknown"}}
{"log_type": "firewall", "raw": "Sep 24 12:28:47 FIREWALL kernel: [UFW ALLOW] IN=eth0 OUT= SRC=10.0.64.63 DST=204.79.197.203 PROTO=TCP SPT=55520 DPT=80", "timestamp": "2026-09-24T12:28:47.000Z", "hostname": "FIREWALL", "action": "allow", "source_ip": "10.0.64.63", "destination_ip": "204.79.197.203", "protocol": "TCP", "source_port": 55520, "destination_port": 80, "message": "Firewall allowed TCP 10.0.64.63 -> 204.79.197.203:80", "severity": "info", "extra": {"interface": "unknown"}}
{"log_type": "firewall", "raw": "Sep 24 12:28:47 FIREWALL kernel: [UFW ALLOW] IN=eth0 OUT= SRC=10.0.64.63 DST=20.190.146.37 PROTO=TCP SPT=55521 DPT=443", "timestamp": "2026-09-24T12:28:47.000Z", "hostname": "FIREWALL", "action": "allow", "source_ip": "10.0.64.63", "destination_ip": "20.190.146.37", "protocol": "TCP", "source_port": 55521, "destination_port": 443, "message": "Firewall allowed TCP 10.0.64.63 -> 20.190.146.37:443", "severity": "info", "extra": {"interface": "unknown"}}
{"log_type": "firewall", "raw": "Sep 24 12:28:49 FIREWALL kernel: [UFW ALLOW] IN=eth0 OUT= SRC=10.0.64.63 DST=8.8.8.8 PROTO=UDP SPT=64382 DPT=53", "timestamp": "2026-09-24T12:28:49.000Z", "hostname": "FIREWALL", "action": "allow", "source_ip": "10.0.64.63", "destination_ip": "8.8.8.8", "protocol": "UDP", "source_port": 64382, "destination_port": 53, "message": "Firewall allowed UDP 10.0.64.63 -> 8.8.8.8:53", "severity": "info", "extra": {"interface": "unknown"}}
{"log_type": "netflow", "raw": "{\"start\": \"2026-09-24T06:59:04Z\", \"src_ip\": \"10.0.64.63\", \"src_port\": 55524, \"dst_ip\": \"13.107.5.93\", \"dst_port\": 443, \"proto\": \"TCP\", \"bytes\": 0, \"packets\": 0, \"duration\": 0.0}", "timestamp": "2026-09-24T06:59:04Z", "source_ip": "10.0.64.63", "destination_ip": "13.107.5.93", "source_port": 55524, "destination_port": 443, "protocol": "TCP", "action": "connect", "message": "NetFlow: 10.0.64.63:55524 -> 13.107.5.93:443 [TCP] 0 bytes 0 pkts 0.0s", "severity": "info", "extra": {"bytes": 0, "packets": 0, "duration_sec": 0.0}}
{"log_type": "edr", "raw": "{\"timestamp\": \"2026-09-24T06:59:04Z\", \"event_type\": \"ProcessCreate\", \"hostname\": \"ANURAGYADAV\", \"user\": \"anura\", \"process\": {\"pid\": 18596, \"name\": \"powershell.exe\", \"cmdline\": \"powershell.exe\", \"parent_name\": \"unknown\"}}", "timestamp": "2026-09-24T06:59:04Z", "hostname": "ANURAGYADAV", "user": "anura", "action": "processcreate", "event_id": "ProcessCreate", "message": "EDR ProcessCreate [proc=powershell.exe, user=anura]", "severity": "info", "extra": {"process_name": "powershell.exe", "process_pid": 18596, "cmdline": "powershell.exe", "parent_process": "unknown", "event_type": "ProcessCreate"}}
{"log_type": "authentication", "raw": "<Event xmlns='http://schemas.microsoft.com/win/2004/08/events/event'><System><Provider Name='Microsoft-Windows-Security-Auditing' Guid='{54849625-5478-4994-a5ba-3e3b0328c30d}'/><EventID>4624</EventID><Version>3</Version><Level>0</Level><Task>12544</Task><Opcode>0</Opcode><Keywords>0x8020000000000000</Keywords><TimeCreated SystemTime='2026-09-24T06:50:36.1377103Z'/><EventRecordID>2734670</EventRecordID><Correlation ActivityID='{f8dd15b2-4bf0-0006-b71b-ddf8f04bdd01}'/><Execution ProcessID='1168' ThreadID='1280'/><Channel>Security</Channel><Computer>ANURAGYADAV</Computer><Security/></System><EventData><Data Name='SubjectUserSid'>S-1-5-18</Data><Data Name='SubjectUserName'>ANURAGYADAV$</Data><Data Name='SubjectDomainName'>WORKGROUP</Data><Data Name='SubjectLogonId'>0x3e7</Data><Data Name='TargetUserSid'>S-1-5-18</Data><Data Name='TargetUserName'>SYSTEM</Data><Data Name='TargetDomainName'>NT AUTHORITY</Data><Data Name='TargetLogonId'>0x3e7</Data><Data Name='LogonType'>5</Data><Data Name='LogonProcessName'>Advapi  </Data><Data Name='AuthenticationPackageName'>Negotiate</Data><Data Name='WorkstationName'>-</Data><Data Name='LogonGuid'>{00000000-0000-0000-0000-000000000000}</Data><Data Name='TransmittedServices'>-</Data><Data Name='LmPackageName'>-</Data><Data Name='KeyLength'>0</Data><Data Name='ProcessId'>0x474</Data><Data Name='ProcessName'>C:\\Windows\\System32\\services.exe</Data><Data Name='IpAddress'>-</Data><Data Name='IpPort'>-</Data><Data Name='ImpersonationLevel'>%%1833</Data><Data Name='RestrictedAdminMode'>-</Data><Data Name='RemoteCredentialGuard'>-</Data><Data Name='TargetOutboundUserName'>-</Data><Data Name='TargetOutboundDomainName'>-</Data><Data Name='VirtualAccount'>%%1843</Data><Data Name='TargetLinkedLogonId'>0x0</Data><Data Name='ElevatedToken'>%%1842</Data></EventData></Event>", "timestamp": "2026-09-24T06:59:07.000Z", "hostname": "", "event_id": "", "action": "event", "message": "Windows Event ", "severity": "info"}
{"log_type": "authentication", "raw": "<Event xmlns='http://schemas.microsoft.com/win/2004/08/events/event'><System><Provider Name='Microsoft-Windows-Security-Auditing' Guid='{54849625-5478-4994-a5ba-3e3b0328c30d}'/><EventID>4672</EventID><Version>0</Version><Level>0</Level><Task>12548</Task><Opcode>0</Opcode><Keywords>0x8020000000000000</Keywords><TimeCreated SystemTime='2026-09-24T06:50:36.1377229Z'/><EventRecordID>2734671</EventRecordID><Correlation ActivityID='{f8dd15b2-4bf0-0006-b71b-ddf8f04bdd01}'/><Execution ProcessID='1168' ThreadID='1280'/><Channel>Security</Channel><Computer>ANURAGYADAV</Computer><Security/></System><EventData><Data Name='SubjectUserSid'>S-1-5-18</Data><Data Name='SubjectUserName'>SYSTEM</Data><Data Name='SubjectDomainName'>NT AUTHORITY</Data><Data Name='SubjectLogonId'>0x3e7</Data><Data Name='PrivilegeList'>SeAssignPrimaryTokenPrivilege\n\t\t\tSeTcbPrivilege\n\t\t\tSeSecurityPrivilege\n\t\t\tSeTakeOwnershipPrivilege\n\t\t\tSeLoadDriverPrivilege\n\t\t\tSeBackupPrivilege\n\t\t\tSeRestorePrivilege\n\t\t\tSeDebugPrivilege\n\t\t\tSeAuditPrivilege\n\t\t\tSeSystemEnvironmentPrivilege\n\t\t\tSeImpersonatePrivilege\n\t\t\tSeDelegateSessionUserImpersonatePrivilege</Data></EventData></Event>", "timestamp": "2026-09-24T06:59:07.000Z", "hostname": "", "event_id": "", "action": "event", "message": "Windows Event ", "severity": "info"}
{"log_type": "authentication", "raw": "<Event xmlns='http://schemas.microsoft.com/win/2004/08/events/event'><System><Provider Name='Microsoft-Windows-Security-Auditing' Guid='{54849625-5478-4994-a5ba-3e3b0328c30d}'/><EventID>4624</EventID><Version>3</Version><Level>0</Level><Task>12544</Task><Opcode>0</Opcode><Keywords>0x8020000000000000</Keywords><TimeCreated SystemTime='2026-09-24T06:50:36.1391375Z'/><EventRecordID>2734672</EventRecordID><Correlation ActivityID='{f8dd15b2-4bf0-0006-b71b-ddf8f04bdd01}'/><Execution ProcessID='1168' ThreadID='876'/><Channel>Security</Channel><Computer>ANURAGYADAV</Computer><Security/></System><EventData><Data Name='SubjectUserSid'>S-1-5-18</Data><Data Name='SubjectUserName'>ANURAGYADAV$</Data><Data Name='SubjectDomainName'>WORKGROUP</Data><Data Name='SubjectLogonId'>0x3e7</Data><Data Name='TargetUserSid'>S-1-5-18</Data><Data Name='TargetUserName'>SYSTEM</Data><Data Name='TargetDomainName'>NT AUTHORITY</Data><Data Name='TargetLogonId'>0x3e7</Data><Data Name='LogonType'>5</Data><Data Name='LogonProcessName'>Advapi  </Data><Data Name='AuthenticationPackageName'>Negotiate</Data><Data Name='WorkstationName'>-</Data><Data Name='LogonGuid'>{00000000-0000-0000-0000-000000000000}</Data><Data Name='TransmittedServices'>-</Data><Data Name='LmPackageName'>-</Data><Data Name='KeyLength'>0</Data><Data Name='ProcessId'>0x474</Data><Data Name='ProcessName'>C:\\Windows\\System32\\services.exe</Data><Data Name='IpAddress'>-</Data><Data Name='IpPort'>-</Data><Data Name='ImpersonationLevel'>%%1833</Data><Data Name='RestrictedAdminMode'>-</Data><Data Name='RemoteCredentialGuard'>-</Data><Data Name='TargetOutboundUserName'>-</Data><Data Name='TargetOutboundDomainName'>-</Data><Data Name='VirtualAccount'>%%1843</Data><Data Name='TargetLinkedLogonId'>0x0</Data><Data Name='ElevatedToken'>%%1842</Data></EventData></Event>", "timestamp": "2026-09-24T06:59:07.000Z", "hostname": "", "event_id": "", "action": "event", "message": "Windows Event ", "severity": "info"}
{"log_type": "authentication", "raw": "<Event xmlns='http://schemas.microsoft.com/win/2004/08/events/event'><System><Provider Name='Microsoft-Windows-Security-Auditing' Guid='{54849625-5478-4994-a5ba-3e3b0328c30d}'/><EventID>4672</EventID><Version>0</Version><Level>0</Level><Task>12548</Task><Opcode>0</Opcode><Keywords>0x8020000000000000</Keywords><TimeCreated SystemTime='2026-09-24T06:50:36.1391492Z'/><EventRecordID>2734673</EventRecordID><Correlation ActivityID='{f8dd15b2-4bf0-0006-b71b-ddf8f04bdd01}'/><Execution ProcessID='1168' ThreadID='876'/><Channel>Security</Channel><Computer>ANURAGYADAV</Computer><Security/></System><EventData><Data Name='SubjectUserSid'>S-1-5-18</Data><Data Name='SubjectUserName'>SYSTEM</Data><Data Name='SubjectDomainName'>NT AUTHORITY</Data><Data Name='SubjectLogonId'>0x3e7</Data><Data Name='PrivilegeList'>SeAssignPrimaryTokenPrivilege\n\t\t\tSeTcbPrivilege\n\t\t\tSeSecurityPrivilege\n\t\t\tSeTakeOwnershipPrivilege\n\t\t\tSeLoadDriverPrivilege\n\t\t\tSeBackupPrivilege\n\t\t\tSeRestorePrivilege\n\t\t\tSeDebugPrivilege\n\t\t\tSeAuditPrivilege\n\t\t\tSeSystemEnvironmentPrivilege\n\t\t\tSeImpersonatePrivilege\n\t\t\tSeDelegateSessionUserImpersonatePrivilege</Data></EventData></Event>", "timestamp": "2026-09-24T06:59:07.000Z", "hostname": "", "event_id": "", "action": "event", "message": "Windows Event ", "severity": "info"}
{"log_type": "authentication", "raw": "<Event xmlns='http://schemas.microsoft.com/win/2004/08/events/event'><System><Provider Name='Microsoft-Windows-Security-Auditing' Guid='{54849625-5478-4994-a5ba-3e3b0328c30d}'/><EventID>4624</EventID><Version>3</Version><Level>0</Level><Task>12544</Task><Opcode>0</Opcode><Keywords>0x8020000000000000</Keywords><TimeCreated SystemTime='2026-09-24T06:50:36.1753885Z'/><EventRecordID>2734674</EventRecordID><Correlation ActivityID='{f8dd15b2-4bf0-0006-b71b-ddf8f04bdd01}'/><Execution ProcessID='1168' ThreadID='876'/><Channel>Security</Channel><Computer>ANURAGYADAV</Computer><Security/></System><EventData><Data Name='SubjectUserSid'>S-1-5-18</Data><Data Name='SubjectUserName'>ANURAGYADAV$</Data><Data Name='SubjectDomainName'>WORKGROUP</Data><Data Name='SubjectLogonId'>0x3e7</Data><Data Name='TargetUserSid'>S-1-5-18</Data><Data Name='TargetUserName'>SYSTEM</Data><Data Name='TargetDomainName'>NT AUTHORITY</Data><Data Name='TargetLogonId'>0x3e7</Data><Data Name='LogonType'>5</Data><Data Name='LogonProcessName'>Advapi  </Data><Data Name='AuthenticationPackageName'>Negotiate</Data><Data Name='WorkstationName'>-</Data><Data Name='LogonGuid'>{00000000-0000-0000-0000-000000000000}</Data><Data Name='TransmittedServices'>-</Data><Data Name='LmPackageName'>-</Data><Data Name='KeyLength'>0</Data><Data Name='ProcessId'>0x474</Data><Data Name='ProcessName'>C:\\Windows\\System32\\services.exe</Data><Data Name='IpAddress'>-</Data><Data Name='IpPort'>-</Data><Data Name='ImpersonationLevel'>%%1833</Data><Data Name='RestrictedAdminMode'>-</Data><Data Name='RemoteCredentialGuard'>-</Data><Data Name='TargetOutboundUserName'>-</Data><Data Name='TargetOutboundDomainName'>-</Data><Data Name='VirtualAccount'>%%1843</Data><Data Name='TargetLinkedLogonId'>0x0</Data><Data Name='ElevatedToken'>%%1842</Data></EventData></Event>", "timestamp": "2026-09-24T06:59:07.000Z", "hostname": "", "event_id": "", "action": "event", "message": "Windows Event ", "severity": "info"}
{"log_type": "authentication", "raw": "<Event xmlns='http://schemas.microsoft.com/win/2004/08/events/event'><System><Provider Name='Microsoft-Windows-Security-Auditing' Guid='{54849625-5478-4994-a5ba-3e3b0328c30d}'/><EventID>4672</EventID><Version>0</Version><Level>0</Level><Task>12548</Task><Opcode>0</Opcode><Keywords>0x8020000000000000</Keywords><TimeCreated SystemTime='2026-09-24T06:50:36.1754011Z'/><EventRecordID>2734675</EventRecordID><Correlation ActivityID='{f8dd15b2-4bf0-0006-b71b-ddf8f04bdd01}'/><Execution ProcessID='1168' ThreadID='876'/><Channel>Security</Channel><Computer>ANURAGYADAV</Computer><Security/></System><EventData><Data Name='SubjectUserSid'>S-1-5-18</Data><Data Name='SubjectUserName'>SYSTEM</Data><Data Name='SubjectDomainName'>NT AUTHORITY</Data><Data Name='SubjectLogonId'>0x3e7</Data><Data Name='PrivilegeList'>SeAssignPrimaryTokenPrivilege\n\t\t\tSeTcbPrivilege\n\t\t\tSeSecurityPrivilege\n\t\t\tSeTakeOwnershipPrivilege\n\t\t\tSeLoadDriverPrivilege\n\t\t\tSeBackupPrivilege\n\t\t\tSeRestorePrivilege\n\t\t\tSeDebugPrivilege\n\t\t\tSeAuditPrivilege\n\t\t\tSeSystemEnvironmentPrivilege\n\t\t\tSeImpersonatePrivilege\n\t\t\tSeDelegateSessionUserImpersonatePrivilege</Data></EventData></Event>", "timestamp": "2026-09-24T06:59:07.000Z", "hostname": "", "event_id": "", "action": "event", "message": "Windows Event ", "severity": "info"}
{"log_type": "authentication", "raw": "<Event xmlns='http://schemas.microsoft.com/win/2004/08/events/event'><System><Provider Name='Microsoft-Windows-Security-Auditing' Guid='{54849625-5478-4994-a5ba-3e3b0328c30d}'/><EventID>4624</EventID><Version>3</Version><Level>0</Level><Task>12544</Task><Opcode>0</Opcode><Keywords>0x8020000000000000</Keywords><TimeCreated SystemTime='2026-09-24T06:50:36.2619101Z'/><EventRecordID>2734676</EventRecordID><Correlation ActivityID='{f8dd15b2-4bf0-0006-b71b-ddf8f04bdd01}'/><Execution ProcessID='1168' ThreadID='876'/><Channel>Security</Channel><Computer>ANURAGYADAV</Computer><Security/></System><EventData><Data Name='SubjectUserSid'>S-1-5-18</Data><Data Name='SubjectUserName'>ANURAGYADAV$</Data><Data Name='SubjectDomainName'>WORKGROUP</Data><Data Name='SubjectLogonId'>0x3e7</Data><Data Name='TargetUserSid'>S-1-5-18</Data><Data Name='TargetUserName'>SYSTEM</Data><Data Name='TargetDomainName'>NT AUTHORITY</Data><Data Name='TargetLogonId'>0x3e7</Data><Data Name='LogonType'>5</Data><Data Name='LogonProcessName'>Advapi  </Data><Data Name='AuthenticationPackageName'>Negotiate</Data><Data Name='WorkstationName'>-</Data><Data Name='LogonGuid'>{00000000-0000-0000-0000-000000000000}</Data><Data Name='TransmittedServices'>-</Data><Data Name='LmPackageName'>-</Data><Data Name='KeyLength'>0</Data><Data Name='ProcessId'>0x474</Data><Data Name='ProcessName'>C:\\Windows\\System32\\services.exe</Data><Data Name='IpAddress'>-</Data><Data Name='IpPort'>-</Data><Data Name='ImpersonationLevel'>%%1833</Data><Data Name='RestrictedAdminMode'>-</Data><Data Name='RemoteCredentialGuard'>-</Data><Data Name='TargetOutboundUserName'>-</Data><Data Name='TargetOutboundDomainName'>-</Data><Data Name='VirtualAccount'>%%1843</Data><Data Name='TargetLinkedLogonId'>0x0</Data><Data Name='ElevatedToken'>%%1842</Data></EventData></Event>", "timestamp": "2026-09-24T06:59:07.000Z", "hostname": "", "event_id": "", "action": "event", "message": "Windows Event ", "severity": "info"}
{"log_type": "authentication", "raw": "<Event xmlns='http://schemas.microsoft.com/win/2004/08/events/event'><System><Provider Name='Microsoft-Windows-Security-Auditing' Guid='{54849625-5478-4994-a5ba-3e3b0328c30d}'/><EventID>4672</EventID><Version>0</Version><Level>0</Level><Task>12548</Task><Opcode>0</Opcode><Keywords>0x8020000000000000</Keywords><TimeCreated SystemTime='2026-09-24T06:50:36.2619226Z'/><EventRecordID>2734677</EventRecordID><Correlation ActivityID='{f8dd15b2-4bf0-0006-b71b-ddf8f04bdd01}'/><Execution ProcessID='1168' ThreadID='876'/><Channel>Security</Channel><Computer>ANURAGYADAV</Computer><Security/></System><EventData><Data Name='SubjectUserSid'>S-1-5-18</Data><Data Name='SubjectUserName'>SYSTEM</Data><Data Name='SubjectDomainName'>NT AUTHORITY</Data><Data Name='SubjectLogonId'>0x3e7</Data><Data Name='PrivilegeList'>SeAssignPrimaryTokenPrivilege\n\t\t\tSeTcbPrivilege\n\t\t\tSeSecurityPrivilege\n\t\t\tSeTakeOwnershipPrivilege\n\t\t\tSeLoadDriverPrivilege\n\t\t\tSeBackupPrivilege\n\t\t\tSeRestorePrivilege\n\t\t\tSeDebugPrivilege\n\t\t\tSeAuditPrivilege\n\t\t\tSeSystemEnvironmentPrivilege\n\t\t\tSeImpersonatePrivilege\n\t\t\tSeDelegateSessionUserImpersonatePrivilege</Data></EventData></Event>", "timestamp": "2026-09-24T06:59:07.000Z", "hostname": "", "event_id": "", "action": "event", "message": "Windows Event ", "severity": "info"}
{"log_type": "authentication", "raw": "<Event xmlns='http://schemas.microsoft.com/win/2004/08/events/event'><System><Provider Name='Microsoft-Windows-Security-Auditing' Guid='{54849625-5478-4994-a5ba-3e3b0328c30d}'/><EventID>4624</EventID><Version>3</Version><Level>0</Level><Task>12544</Task><Opcode>0</Opcode><Keywords>0x8020000000000000</Keywords><TimeCreated SystemTime='2026-09-24T06:50:36.6051690Z'/><EventRecordID>2734678</EventRecordID><Correlation ActivityID='{f8dd15b2-4bf0-0006-b71b-ddf8f04bdd01}'/><Execution ProcessID='1168' ThreadID='1292'/><Channel>Security</Channel><Computer>ANURAGYADAV</Computer><Security/></System><EventData><Data Name='SubjectUserSid'>S-1-5-18</Data><Data Name='SubjectUserName'>ANURAGYADAV$</Data><Data Name='SubjectDomainName'>WORKGROUP</Data><Data Name='SubjectLogonId'>0x3e7</Data><Data Name='TargetUserSid'>S-1-5-18</Data><Data Name='TargetUserName'>SYSTEM</Data><Data Name='TargetDomainName'>NT AUTHORITY</Data><Data Name='TargetLogonId'>0x3e7</Data><Data Name='LogonType'>5</Data><Data Name='LogonProcessName'>Advapi  </Data><Data Name='AuthenticationPackageName'>Negotiate</Data><Data Name='WorkstationName'>-</Data><Data Name='LogonGuid'>{00000000-0000-0000-0000-000000000000}</Data><Data Name='TransmittedServices'>-</Data><Data Name='LmPackageName'>-</Data><Data Name='KeyLength'>0</Data><Data Name='ProcessId'>0x474</Data><Data Name='ProcessName'>C:\\Windows\\System32\\services.exe</Data><Data Name='IpAddress'>-</Data><Data Name='IpPort'>-</Data><Data Name='ImpersonationLevel'>%%1833</Data><Data Name='RestrictedAdminMode'>-</Data><Data Name='RemoteCredentialGuard'>-</Data><Data Name='TargetOutboundUserName'>-</Data><Data Name='TargetOutboundDomainName'>-</Data><Data Name='VirtualAccount'>%%1843</Data><Data Name='TargetLinkedLogonId'>0x0</Data><Data Name='ElevatedToken'>%%1842</Data></EventData></Event>", "timestamp": "2026-09-24T06:59:07.000Z", "hostname": "", "event_id": "", "action": "event", "message": "Windows Event ", "severity": "info"}
{"log_type": "authentication", "raw": "<Event xmlns='http://schemas.microsoft.com/win/2004/08/events/event'><System><Provider Name='Microsoft-Windows-Security-Auditing' Guid='{54849625-5478-4994-a5ba-3e3b0328c30d}'/><EventID>4672</EventID><Version>0</Version><Level>0</Level><Task>12548</Task><Opcode>0</Opcode><Keywords>0x8020000000000000</Keywords><TimeCreated SystemTime='2026-09-24T06:50:36.6051814Z'/><EventRecordID>2734679</EventRecordID><Correlation ActivityID='{f8dd15b2-4bf0-0006-b71b-ddf8f04bdd01}'/><Execution ProcessID='1168' ThreadID='1292'/><Channel>Security</Channel><Computer>ANURAGYADAV</Computer><Security/></System><EventData><Data Name='SubjectUserSid'>S-1-5-18</Data><Data Name='SubjectUserName'>SYSTEM</Data><Data Name='SubjectDomainName'>NT AUTHORITY</Data><Data Name='SubjectLogonId'>0x3e7</Data><Data Name='PrivilegeList'>SeAssignPrimaryTokenPrivilege\n\t\t\tSeTcbPrivilege\n\t\t\tSeSecurityPrivilege\n\t\t\tSeTakeOwnershipPrivilege\n\t\t\tSeLoadDriverPrivilege\n\t\t\tSeBackupPrivilege\n\t\t\tSeRestorePrivilege\n\t\t\tSeDebugPrivilege\n\t\t\tSeAuditPrivilege\n\t\t\tSeSystemEnvironmentPrivilege\n\t\t\tSeImpersonatePrivilege\n\t\t\tSeDelegateSessionUserImpersonatePrivilege</Data></EventData></Event>", "timestamp": "2026-09-24T06:59:07.000Z", "hostname": "", "event_id": "", "action": "event", "message": "Windows Event ", "severity": "info"}
{"log_type": "authentication", "raw": "<Event xmlns='http://schemas.microsoft.com/win/2004/08/events/event'><System><Provider Name='Microsoft-Windows-Security-Auditing' Guid='{54849625-5478-4994-a5ba-3e3b0328c30d}'/><EventID>4624</EventID><Version>3</Version><Level>0</Level><Task>12544</Task><Opcode>0</Opcode><Keywords>0x8020000000000000</Keywords><TimeCreated SystemTime='2026-09-24T06:50:36.6171231Z'/><EventRecordID>2734680</EventRecordID><Correlation ActivityID='{f8dd15b2-4bf0-0006-b71b-ddf8f04bdd01}'/><Execution ProcessID='1168' ThreadID='1292'/><Channel>Security</Channel><Computer>ANURAGYADAV</Computer><Security/></System><EventData><Data Name='SubjectUserSid'>S-1-5-18</Data><Data Name='SubjectUserName'>ANURAGYADAV$</Data><Data Name='SubjectDomainName'>WORKGROUP</Data><Data Name='SubjectLogonId'>0x3e7</Data><Data Name='TargetUserSid'>S-1-5-18</Data><Data Name='TargetUserName'>SYSTEM</Data><Data Name='TargetDomainName'>NT AUTHORITY</Data><Data Name='TargetLogonId'>0x3e7</Data><Data Name='LogonType'>5</Data><Data Name='LogonProcessName'>Advapi  </Data><Data Name='AuthenticationPackageName'>Negotiate</Data><Data Name='WorkstationName'>-</Data><Data Name='LogonGuid'>{00000000-0000-0000-0000-000000000000}</Data><Data Name='TransmittedServices'>-</Data><Data Name='LmPackageName'>-</Data><Data Name='KeyLength'>0</Data><Data Name='ProcessId'>0x474</Data><Data Name='ProcessName'>C:\\Windows\\System32\\services.exe</Data><Data Name='IpAddress'>-</Data><Data Name='IpPort'>-</Data><Data Name='ImpersonationLevel'>%%1833</Data><Data Name='RestrictedAdminMode'>-</Data><Data Name='RemoteCredentialGuard'>-</Data><Data Name='TargetOutboundUserName'>-</Data><Data Name='TargetOutboundDomainName'>-</Data><Data Name='VirtualAccount'>%%1843</Data><Data Name='TargetLinkedLogonId'>0x0</Data><Data Name='ElevatedToken'>%%1842</Data></EventData></Event>", "timestamp": "2026-09-24T06:59:07.000Z", "hostname": "", "event_id": "", "action": "event", "message": "Windows Event ", "severity": "info"}
