{"log_type": "edr", "raw": "{\"timestamp\": \"2026-09-24T06:59:15Z\", \"event_type\": \"ProcessCreate\", \"hostname\": \"ANURAGYADAV\", \"user\": \"anura\", \"process\": {\"pid\": 6732, \"name\": \"msedge.exe\", \"cmdline\": \"msedge.exe\", \"parent_name\": \"unknown\"}}", "timestamp": "2026-09-24T06:59:15Z", "hostname": "ANURAGYADAV", "user": "anura", "action": "processcreate", "event_id": "ProcessCreate", "message": "EDR ProcessCreate [proc=msedge.exe, user=anura]", "severity": "info", "extra": {"process_name": "msedge.exe", "process_pid": 6732, "cmdline": "msedge.exe", "parent_process": "unknown", "event_type": "ProcessCreate"}}
{"log_type": "edr", "raw": "{\"timestamp\": \"2026-09-24T06:59:15Z\", \"event_type\": \"ProcessCreate\", \"hostname\": \"ANURAGYADAV\", \"user\": \"anura\", \"process\": {\"pid\": 19120, \"name\": \"powershell.exe\", \"cmdline\": \"powershell.exe\", \"parent_name\": \"unknown\"}}", "timestamp": "2026-09-24T06:59:15Z", "hostname": "ANURAGYADAV", "user": "anura", "action": "processcreate", "event_id": "ProcessCreate", "message": "EDR ProcessCreate [proc=powershell.exe, user=anura]", "severity": "info", "extra": {"process_name": "powershell.exe", "process_pid": 19120, "cmdline": "powershell.exe", "parent_process": "unknown", "event_type": "ProcessCreate"}}
{"log_type": "edr", "raw": "{\"timestamp\": \"2026-09-24T06:59:15Z\", \"event_type\": \"ProcessCreate\", \"hostname\": \"ANURAGYADAV\", \"user\": \"anura\", \"process\": {\"pid\": 19244, \"name\": \"powershell.exe\", \"cmdline\": \"powershell.exe\", \"parent_name\": \"unknown\"}}", "timestamp": "2026-09-24T06:59:15Z", "hostname": "ANURAGYADAV", "user": "anura", "action": "processcreate", "event_id": "ProcessCreate", "message": "EDR ProcessCreate [proc=powershell.exe, user=anura]", "severity": "info", "extra": {"process_name": "powershell.exe", "process_pid": 19244, "cmdline": "powershell.exe", "parent_process": "unknown", "event_type": "ProcessCreate"}}
{"log_type": "firewall", "raw": "Sep 24 12:28:49 FIREWALL kernel: [UFW ALLOW] IN=eth0 OUT= SRC=10.0.64.63 DST=23.50.14.100 PROTO=TCP SPT=55522 DPT=443", "timestamp": "2026-09-24T12:28:49.000Z", "hostname": "FIREWALL", "action": "allow", "source_ip": "10.0.64.63", "destination_ip": "23.50.14.100", "protocol": "TCP", "source_port": 55522, "destination_port": 443, "message": "Firewall allowed TCP 10.0.64.63 -> 23.50.14.100:443", "severity": "info", "extra": {"interface": "unknown"}}
{"log_type": "firewall", "raw": "Sep 24 12:28:55 FIREWALL kernel: [UFW ALLOW] IN=eth0 OUT= SRC=10.0.64.63 DST=74.226.60.120 PROTO=TCP SPT=55523 DPT=443", "timestamp": "2026-09-24T12:28:55.000Z", "hostname": "FIREWALL", "action": "allow", "source_ip": "10.0.64.63", "destination_ip": "74.226.60.120", "protocol": "TCP", "source_port": 55523, "destination_port": 443, "message": "Firewall allowed TCP 10.0.64.63 -> 74.226.60.120:443", "severity": "info", "extra": {"interface": "unknown"}}
{"log_type": "firewall", "raw": "Sep 24 12:28:56 FIREWALL kernel: [UFW ALLOW] IN=eth0 OUT= SRC=10.0.64.63 DST=172.31.0.17 PROTO=UDP SPT=61001 DPT=53", "timestamp": "2026-09-24T12:28:56.000Z", "hostname": "FIREWALL", "action": "allow", "source_ip": "10.0.64.63", "destination_ip": "172.31.0.17", "protocol": "UDP", "source_port": 61001, "destination_port": 53, "message": "Firewall allowed UDP 10.0.64.63 -> 172.31.0.17:53", "severity": "info", "extra": {"interface": "unknown"}}
{"log_type": "firewall", "raw": "Sep 24 12:28:57 FIREWALL kernel: [UFW ALLOW] IN=eth0 OUT= SRC=10.0.64.63 DST=13.107.5.93 PROTO=TCP SPT=55524 DPT=443", "timestamp": "2026-09-24T12:28:57.000Z", "hostname": "FIREWALL", "action": "allow", "source_ip": "10.0.64.63", "destination_ip": "13.107.5.93", "protocol": "TCP", "source_port": 55524, "destination_port": 443, "message": "Firewall allowed TCP 10.0.64.63 -> 13.107.5.93:443", "severity": "info", "extra": {"interface": "unknown"}}
{"log_type": "firewall", "raw": "Sep 24 12:29:02 FIREWALL kernel: [UFW ALLOW] IN=eth0 OUT= SRC=10.0.64.63 DST=172.31.0.17 PROTO=UDP SPT=57266 DPT=53", "timestamp": "2026-09-24T12:29:02.000Z", "hostname": "FIREWALL", "action": "allow", "source_ip": "10.0.64.63", "destination_ip": "172.31.0.17", "protocol": "UDP", "source_port": 57266, "destination_port": 53, "message": "Firewall allowed UDP 10.0.64.63 -> 172.31.0.17:53", "severity": "info", "extra": {"interface": "unknown"}}
{"log_type": "authentication", "raw": "<Event xmlns='http://schemas.microsoft.com/win/2004/08/events/event'><System><Provider Name='Microsoft-Windows-Security-Auditing' Guid='{54849625-5478-4994-a5ba-3e3b0328c30d}'/><EventID>4624</EventID><Version>3</Version><Level>0</Level><Task>12544</Task><Opcode>0</Opcode><Keywords>0x8020000000000000</Keywords><TimeCreated SystemTime='2026-09-24T06:50:37.8943422Z'/><EventRecordID>2734713</EventRecordID><Correlation ActivityID='{f8dd15b2-4bf0-0006-b71b-ddf8f04bdd01}'/><Execution ProcessID='1168' ThreadID='1292'/><Channel>Security</Channel><Computer>ANURAGYADAV</Computer><Security/></System><EventData><Data Name='SubjectUserSid'>S-1-5-18</Data><Data Name='SubjectUserName'>ANURAGYADAV$</Data><Data Name='SubjectDomainName'>WORKGROUP</Data><Data Name='SubjectLogonId'>0x3e7</Data><Data Name='TargetUserSid'>S-1-5-18</Data><Data Name='TargetUserName'>SYSTEM</Data><Data Name='TargetDomainName'>NT AUTHORITY</Data><Data Name='TargetLogonId'>0x3e7</Data><Data Name='LogonType'>5</Data><Data Name='LogonProcessName'>Advapi  </Data><Data Name='AuthenticationPackageName'>Negotiate</Data><Data Name='WorkstationName'>-</Data><Data Name='LogonGuid'>{00000000-0000-0000-0000-000000000000}</Data><Data Name='TransmittedServices'>-</Data><Data Name='LmPackageName'>-</Data><Data Name='KeyLength'>0</Data><Data Name='ProcessId'>0x474</Data><Data Name='ProcessName'>C:\\Windows\\System32\\services.exe</Data><Data Name='IpAddress'>-</Data><Data Name='IpPort'>-</Data><Data Name='ImpersonationLevel'>%%1833</Data><Data Name='RestrictedAdminMode'>-</Data><Data Name='RemoteCredentialGuard'>-</Data><Data Name='TargetOutboundUserName'>-</Data><Data Name='TargetOutboundDomainName'>-</Data><Data Name='VirtualAccount'>%%1843</Data><Data Name='TargetLinkedLogonId'>0x0</Data><Data Name='ElevatedToken'>%%1842</Data></EventData></Event>", "timestamp": "2026-09-24T06:59:22.000Z", "hostname": "", "event_id": "", "action": "event", "message": "Windows Event ", "severity": "info"}
{"log_type": "authentication", "raw": "<Event xmlns='http://schemas.microsoft.com/win/2004/08/events/event'><System><Provider Name='Microsoft-Windows-Security-Auditing' Guid='{54849625-5478-4994-a5ba-3e3b0328c30d}'/><EventID>4672</EventID><Version>0</Version><Level>0</Level><Task>12548</Task><Opcode>0</Opcode><Keywords>0x8020000000000000</Keywords><TimeCreated SystemTime='2026-09-24T06:50:37.8943537Z'/><EventRecordID>2734714</EventRecordID><Correlation ActivityID='{f8dd15b2-4bf0-0006-b71b-ddf8f04bdd01}'/><Execution ProcessID='1168' ThreadID='1292'/><Channel>Security</Channel><Computer>ANURAGYADAV</Computer><Security/></System><EventData><Data Name='SubjectUserSid'>S-1-5-18</Data><Data Name='SubjectUserName'>SYSTEM</Data><Data Name='SubjectDomainName'>NT AUTHORITY</Data><Data Name='SubjectLogonId'>0x3e7</Data><Data Name='PrivilegeList'>SeAssignPrimaryTokenPrivilege\n\t\t\tSeTcbPrivilege\n\t\t\tSeSecurityPrivilege\n\t\t\tSeTakeOwnershipPrivilege\n\t\t\tSeLoadDriverPrivilege\n\t\t\tSeBackupPrivilege\n\t\t\tSeRestorePrivilege\n\t\t\tSeDebugPrivilege\n\t\t\tSeAuditPrivilege\n\t\t\tSeSystemEnvironmentPrivilege\n\t\t\tSeImpersonatePrivilege\n\t\t\tSeDelegateSessionUserImpersonatePrivilege</Data></EventData></Event>", "timestamp": "2026-09-24T06:59:22.000Z", "hostname": "", "event_id": "", "action": "event", "message": "Windows Event ", "severity": "info"}
{"log_type": "authentication", "raw": "<Event xmlns='http://schemas.microsoft.com/win/2004/08/events/event'><System><Provider Name='Microsoft-Windows-Security-Auditing' Guid='{54849625-5478-4994-a5ba-3e3b0328c30d}'/><EventID>4648</EventID><Version>0</Version><Level>0</Level><Task>12544</Task><Opcode>0</Opcode><Keywords>0x8020000000000000</Keywords><TimeCreated SystemTime='2026-09-24T06:50:40.3110079Z'/><EventRecordID>2734721</EventRecordID><Correlation ActivityID='{f8dd15b2-4bf0-0006-b71b-ddf8f04bdd01}'/><Execution ProcessID='1168' ThreadID='876'/><Channel>Security</Channel><Computer>ANURAGYADAV</Computer><Security/></System><EventData><Data Name='SubjectUserSid'>S-1-5-18</Data><Data Name='SubjectUserName'>ANURAGYADAV$</Data><Data Name='SubjectDomainName'>WORKGROUP</Data><Data Name='SubjectLogonId'>0x3e7</Data><Data Name='LogonGuid'>{00000000-0000-0000-0000-000000000000}</Data><Data Name='TargetUserName'>anurag2003y@gmail.com</Data><Data Name='TargetDomainName'>MicrosoftAccount</Data><Data Name='TargetLogonGuid'>{00000000-0000-0000-0000-000000000000}</Data><Data Name='TargetServerName'>localhost</Data><Data Name='TargetInfo'>localhost</Data><Data Name='ProcessId'>0x9fc</Data><Data Name='ProcessName'>C:\\Windows\\System32\\svchost.exe</Data><Data Name='IpAddress'>127.0.0.1</Data><Data Name='IpPort'>0</Data></EventData></Event>", "timestamp": "2026-09-24T06:59:22.000Z", "hostname": "", "event_id": "", "action": "event", "message": "Windows Event ", "severity": "info"}
{"log_type": "authentication", "raw": "<Event xmlns='http://schemas.microsoft.com/win/2004/08/events/event'><System><Provider Name='Microsoft-Windows-Security-Auditing' Guid='{54849625-5478-4994-a5ba-3e3b0328c30d}'/><EventID>4624</EventID><Version>3</Version><Level>0</Level><Task>12544</Task><Opcode>0</Opcode><Keywords>0x8020000000000000</Keywords><TimeCreated SystemTime='2026-09-24T06:50:40.3110570Z'/><EventRecordID>2734722</EventRecordID><Correlation ActivityID='{f8dd15b2-4bf0-0006-b71b-ddf8f04bdd01}'/><Execution ProcessID='1168' ThreadID='876'/><Channel>Security</Channel><Computer>ANURAGYADAV</Computer><Security/></System><EventData><Data Name='SubjectUserSid'>S-1-5-18</Data><Data Name='SubjectUserName'>ANURAGYADAV$</Data><Data Name='SubjectDomainName'>WORKGROUP</Data><Data Name='SubjectLogonId'>0x3e7</Data><Data Name='TargetUserSid'>S-1-5-21-1961232722-1676839713-1897321690-1001</Data><Data Name='TargetUserName'>anurag2003y@gmail.com</Data><Data Name='TargetDomainName'>MicrosoftAccount</Data><Data Name='TargetLogonId'>0x734d7</Data><Data Name='LogonType'>11</Data><Data Name='LogonProcessName'>User32 </Data><Data Name='AuthenticationPackageName'>Negotiate</Data><Data Name='WorkstationName'>ANURAGYADAV</Data><Data Name='LogonGuid'>{00000000-0000-0000-0000-000000000000}</Data><Data Name='TransmittedServices'>-</Data><Data Name='LmPackageName'>-</Data><Data Name='KeyLength'>0</Data><Data Name='ProcessId'>0x9fc</Data><Data Name='ProcessName'>C:\\Windows\\System32\\svchost.exe</Data><Data Name='IpAddress'>127.0.0.1</Data><Data Name='IpPort'>0</Data><Data Name='ImpersonationLevel'>%%1833</Data><Data Name='RestrictedAdminMode'>-</Data><Data Name='RemoteCredentialGuard'>-</Data><Data Name='TargetOutboundUserName'>-</Data><Data Name='TargetOutboundDomainName'>-</Data><Data Name='VirtualAccount'>%%1843</Data><Data Name='TargetLinkedLogonId'>0x73666</Data><Data Name='ElevatedToken'>%%1842</Data></EventData></Event>", "timestamp": "2026-09-24T06:59:22.000Z", "hostname": "", "event_id": "", "action": "event", "message": "Windows Event ", "severity": "info"}
{"log_type": "authentication", "raw": "<Event xmlns='http://schemas.microsoft.com/win/2004/08/events/event'><System><Provider Name='Microsoft-Windows-Security-Auditing' Guid='{54849625-5478-4994-a5ba-3e3b0328c30d}'/><EventID>4624</EventID><Version>3</Version><Level>0</Level><Task>12544</Task><Opcode>0</Opcode><Keywords>0x8020000000000000</Keywords><TimeCreated SystemTime='2026-09-24T06:50:40.3110853Z'/><EventRecordID>2734723</EventRecordID><Correlation ActivityID='{f8dd15b2-4bf0-0006-b71b-ddf8f04bdd01}'/><Execution ProcessID='1168' ThreadID='876'/><Channel>Security</Channel><Computer>ANURAGYADAV</Computer><Security/></System><EventData><Data Name='SubjectUserSid'>S-1-5-18</Data><Data Name='SubjectUserName'>ANURAGYADAV$</Data><Data Name='SubjectDomainName'>WORKGROUP</Data><Data Name='SubjectLogonId'>0x3e7</Data><Data Name='TargetUserSid'>S-1-5-21-1961232722-1676839713-1897321690-1001</Data><Data Name='TargetUserName'>anurag2003y@gmail.com</Data><Data Name='TargetDomainName'>MicrosoftAccount</Data><Data Name='TargetLogonId'>0x73666</Data><Data Name='LogonType'>11</Data><Data Name='LogonProcessName'>User32 </Data><Data Name='AuthenticationPackageName'>Negotiate</Data><Data Name='WorkstationName'>ANURAGYADAV</Data><Data Name='LogonGuid'>{00000000-0000-0000-0000-000000000000}</Data><Data Name='TransmittedServices'>-</Data><Data Name='LmPackageName'>-</Data><Data Name='KeyLength'>0</Data><Data Name='ProcessId'>0x9fc</Data><Data Name='ProcessName'>C:\\Windows\\System32\\svchost.exe</Data><Data Name='IpAddress'>127.0.0.1</Data><Data Name='IpPort'>0</Data><Data Name='ImpersonationLevel'>%%1833</Data><Data Name='RestrictedAdminMode'>-</Data><Data Name='RemoteCredentialGuard'>-</Data><Data Name='TargetOutboundUserName'>-</Data><Data Name='TargetOutboundDomainName'>-</Data><Data Name='VirtualAccount'>%%1843</Data><Data Name='TargetLinkedLogonId'>0x734d7</Data><Data Name='ElevatedToken'>%%1843</Data></EventData></Event>", "timestamp": "2026-09-24T06:59:22.000Z", "hostname": "", "event_id": "", "action": "event", "message": "Windows Event ", "severity": "info"}
{"log_type": "authentication", "raw": "<Event xmlns='http://schemas.microsoft.com/win/2004/08/events/event'><System><Provider Name='Microsoft-Windows-Security-Auditing' Guid='{54849625-5478-4994-a5ba-3e3b0328c30d}'/><EventID>4672</EventID><Version>0</Version><Level>0</Level><Task>12548</Task><Opcode>0</Opcode><Keywords>0x8020000000000000</Keywords><TimeCreated SystemTime='2026-09-24T06:50:40.3110934Z'/><EventRecordID>2734724</EventRecordID><Correlation ActivityID='{f8dd15b2-4bf0-0006-b71b-ddf8f04bdd01}'/><Execution ProcessID='1168' ThreadID='876'/><Channel>Security</Channel><Computer>ANURAGYADAV</Computer><Security/></System><EventData><Data Name='SubjectUserSid'>S-1-5-21-1961232722-1676839713-1897321690-1001</Data><Data Name='SubjectUserName'>anurag2003y@gmail.com</Data><Data Name='SubjectDomainName'>MicrosoftAccount</Data><Data Name='SubjectLogonId'>0x734d7</Data><Data Name='PrivilegeList'>SeSecurityPrivilege\n\t\t\tSeTakeOwnershipPrivilege\n\t\t\tSeLoadDriverPrivilege\n\t\t\tSeBackupPrivilege\n\t\t\tSeRestorePrivilege\n\t\t\tSeDebugPrivilege\n\t\t\tSeSystemEnvironmentPrivilege\n\t\t\tSeImpersonatePrivilege\n\t\t\tSeDelegateSessionUserImpersonatePrivilege</Data></EventData></Event>", "timestamp": "2026-09-24T06:59:22.000Z", "hostname": "", "event_id": "", "action": "event", "message": "Windows Event ", "severity": "info"}
{"log_type": "authentication", "raw": "<Event xmlns='http://schemas.microsoft.com/win/2004/08/events/event'><System><Provider Name='Microsoft-Windows-Security-Auditing' Guid='{54849625-5478-4994-a5ba-3e3b0328c30d}'/><EventID>4648</EventID><Version>0</Version><Level>0</Level><Task>12544</Task><Opcode>0</Opcode><Keywords>0x8020000000000000</Keywords><TimeCreated SystemTime='2026-09-24T06:50:40.3816724Z'/><EventRecordID>2734728</EventRecordID><Correlation/><Execution ProcessID='1168' ThreadID='4272'/><Channel>Security</Channel><Computer>ANURAGYADAV</Computer><Security/></System><EventData><Data Name='SubjectUserSid'>S-1-5-18</Data><Data Name='SubjectUserName'>ANURAGYADAV$</Data><Data Name='SubjectDomainName'>WORKGROUP</Data><Data Name='SubjectLogonId'>0x3e7</Data><Data Name='LogonGuid'>{00000000-0000-0000-0000-000000000000}</Data><Data Name='TargetUserName'>anurag2003y@gmail.com</Data><Data Name='TargetDomainName'>MicrosoftAccount</Data><Data Name='TargetLogonGuid'>{00000000-0000-0000-0000-000000000000}</Data><Data Name='TargetServerName'>localhost</Data><Data Name='TargetInfo'>localhost</Data><Data Name='ProcessId'>0x490</Data><Data Name='ProcessName'>C:\\Windows\\System32\\lsass.exe</Data><Data Name='IpAddress'>-</Data><Data Name='IpPort'>-</Data></EventData></Event>", "timestamp": "2026-09-24T06:59:22.000Z", "hostname": "", "event_id": "", "action": "event", "message": "Windows Event ", "severity": "info"}
{"log_type": "authentication", "raw": "<Event xmlns='http://schemas.microsoft.com/win/2004/08/events/event'><System><Provider Name='Microsoft-Windows-Security-Auditing' Guid='{54849625-5478-4994-a5ba-3e3b0328c30d}'/><EventID>4624</EventID><Version>3</Version><Level>0</Level><Task>12544</Task><Opcode>0</Opcode><Keywords>0x8020000000000000</Keywords><TimeCreated SystemTime='2026-09-24T06:50:40.3817260Z'/><EventRecordID>2734729</EventRecordID><Correlation/><Execution ProcessID='1168' ThreadID='4272'/><Channel>Security</Channel><Computer>ANURAGYADAV</Computer><Security/></System><EventData><Data Name='SubjectUserSid'>S-1-5-18</Data><Data Name='SubjectUserName'>ANURAGYADAV$</Data><Data Name='SubjectDomainName'>WORKGROUP</Data><Data Name='SubjectLogonId'>0x3e7</Data><Data Name='TargetUserSid'>S-1-5-21-1961232722-1676839713-1897321690-1001</Data><Data Name='TargetUserName'>anurag2003y@gmail.com</Data><Data Name='TargetDomainName'>MicrosoftAccount</Data><Data Name='TargetLogonId'>0x745e5</Data><Data Name='LogonType'>7</Data><Data Name='LogonProcessName'>Negotiat</Data><Data Name='AuthenticationPackageName'>Negotiate</Data><Data Name='WorkstationName'>ANURAGYADAV</Data><Data Name='LogonGuid'>{00000000-0000-0000-0000-000000000000}</Data><Data Name='TransmittedServices'>-</Data><Data Name='LmPackageName'>-</Data><Data Name='KeyLength'>0</Data><Data Name='ProcessId'>0x490</Data><Data Name='ProcessName'>C:\\Windows\\System32\\lsass.exe</Data><Data Name='IpAddress'>-</Data><Data Name='IpPort'>-</Data><Data Name='ImpersonationLevel'>%%1833</Data><Data Name='RestrictedAdminMode'>-</Data><Data Name='RemoteCredentialGuard'>-</Data><Data Name='TargetOutboundUserName'>-</Data><Data Name='TargetOutboundDomainName'>-</Data><Data Name='VirtualAccount'>%%1843</Data><Data Name='TargetLinkedLogonId'>0x74706</Data><Data Name='ElevatedToken'>%%1842</Data></EventData></Event>", "timestamp": "2026-09-24T06:59:22.000Z", "hostname": "", "event_id": "", "action": "event", "message": "Windows Event ", "severity": "info"}
{"log_type": "authentication", "raw": "<Event xmlns='http://schemas.microsoft.com/win/2004/08/events/event'><System><Provider Name='Microsoft-Windows-Security-Auditing' Guid='{54849625-5478-4994-a5ba-3e3b0328c30d}'/><EventID>4624</EventID><Version>3</Version><Level>0</Level><Task>12544</Task><Opcode>0</Opcode><Keywords>0x8020000000000000</Keywords><TimeCreated SystemTime='2026-09-24T06:50:40.3817540Z'/><EventRecordID>2734730</EventRecordID><Correlation/><Execution ProcessID='1168' ThreadID='4272'/><Channel>Security</Channel><Computer>ANURAGYADAV</Computer><Security/></System><EventData><Data Name='SubjectUserSid'>S-1-5-18</Data><Data Name='SubjectUserName'>ANURAGYADAV$</Data><Data Name='SubjectDomainName'>WORKGROUP</Data><Data Name='SubjectLogonId'>0x3e7</Data><Data Name='TargetUserSid'>S-1-5-21-1961232722-1676839713-1897321690-1001</Data><Data Name='TargetUserName'>anurag2003y@gmail.com</Data><Data Name='TargetDomainName'>MicrosoftAccount</Data><Data Name='TargetLogonId'>0x74706</Data><Data Name='LogonType'>7</Data><Data Name='LogonProcessName'>Negotiat</Data><Data Name='AuthenticationPackageName'>Negotiate</Data><Data Name='WorkstationName'>ANURAGYADAV</Data><Data Name='LogonGuid'>{00000000-0000-0000-0000-000000000000}</Data><Data Name='TransmittedServices'>-</Data><Data Name='LmPackageName'>-</Data><Data Name='KeyLength'>0</Data><Data Name='ProcessId'>0x490</Data><Data Name='ProcessName'>C:\\Windows\\System32\\lsass.exe</Data><Data Name='IpAddress'>-</Data><Data Name='IpPort'>-</Data><Data Name='ImpersonationLevel'>%%1833</Data><Data Name='RestrictedAdminMode'>-</Data><Data Name='RemoteCredentialGuard'>-</Data><Data Name='TargetOutboundUserName'>-</Data><Data Name='TargetOutboundDomainName'>-</Data><Data Name='VirtualAccount'>%%1843</Data><Data Name='TargetLinkedLogonId'>0x745e5</Data><Data Name='ElevatedToken'>%%1843</Data></EventData></Event>", "timestamp": "2026-09-24T06:59:22.000Z", "hostname": "", "event_id": "", "action": "event", "message": "Windows Event ", "severity": "info"}
{"log_type": "authentication", "raw": "<Event xmlns='http://schemas.microsoft.com/win/2004/08/events/event'><System><Provider Name='Microsoft-Windows-Security-Auditing' Guid='{54849625-5478-4994-a5ba-3e3b0328c30d}'/><EventID>4672</EventID><Version>0</Version><Level>0</Level><Task>12548</Task><Opcode>0</Opcode><Keywords>0x8020000000000000</Keywords><TimeCreated SystemTime='2026-09-24T06:50:40.3817644Z'/><EventRecordID>2734731</EventRecordID><Correlation/><Execution ProcessID='1168' ThreadID='4272'/><Channel>Security</Channel><Computer>ANURAGYADAV</Computer><Security/></System><EventData><Data Name='SubjectUserSid'>S-1-5-21-1961232722-1676839713-1897321690-1001</Data><Data Name='SubjectUserName'>anurag2003y@gmail.com</Data><Data Name='SubjectDomainName'>MicrosoftAccount</Data><Data Name='SubjectLogonId'>0x745e5</Data><Data Name='PrivilegeList'>SeSecurityPrivilege\n\t\t\tSeTakeOwnershipPrivilege\n\t\t\tSeLoadDriverPrivilege\n\t\t\tSeBackupPrivilege\n\t\t\tSeRestorePrivilege\n\t\t\tSeDebugPrivilege\n\t\t\tSeSystemEnvironmentPrivilege\n\t\t\tSeImpersonatePrivilege\n\t\t\tSeDelegateSessionUserImpersonatePrivilege</Data></EventData></Event>", "timestamp": "2026-09-24T06:59:22.000Z", "hostname": "", "event_id": "", "action": "event", "message": "Windows Event ", "severity": "info"}
{"log_type": "authentication", "raw": "<Event xmlns='http://schemas.microsoft.com/win/2004/08/events/event'><System><Provider Name='Microsoft-Windows-Security-Auditing' Guid='{54849625-5478-4994-a5ba-3e3b0328c30d}'/><EventID>4624</EventID><Version>3</Version><Level>0</Level><Task>12544</Task><Opcode>0</Opcode><Keywords>0x8020000000000000</Keywords><TimeCreated SystemTime='2026-09-24T06:50:40.3931772Z'/><EventRecordID>2734734</EventRecordID><Correlation ActivityID='{f8dd15b2-4bf0-0006-b71b-ddf8f04bdd01}'/><Execution ProcessID='1168' ThreadID='1292'/><Channel>Security</Channel><Computer>ANURAGYADAV</Computer><Security/></System><EventData><Data Name='SubjectUserSid'>S-1-5-18</Data><Data Name='SubjectUserName'>ANURAGYADAV$</Data><Data Name='SubjectDomainName'>WORKGROUP</Data><Data Name='SubjectLogonId'>0x3e7</Data><Data Name='TargetUserSid'>S-1-5-18</Data><Data Name='TargetUserName'>SYSTEM</Data><Data Name='TargetDomainName'>NT AUTHORITY</Data><Data Name='TargetLogonId'>0x3e7</Data><Data Name='LogonType'>5</Data><Data Name='LogonProcessName'>Advapi  </Data><Data Name='AuthenticationPackageName'>Negotiate</Data><Data Name='WorkstationName'>-</Data><Data Name='LogonGuid'>{00000000-0000-0000-0000-000000000000}</Data><Data Name='TransmittedServices'>-</Data><Data Name='LmPackageName'>-</Data><Data Name='KeyLength'>0</Data><Data Name='ProcessId'>0x474</Data><Data Name='ProcessName'>C:\\Windows\\System32\\services.exe</Data><Data Name='IpAddress'>-</Data><Data Name='IpPort'>-</Data><Data Name='ImpersonationLevel'>%%1833</Data><Data Name='RestrictedAdminMode'>-</Data><Data Name='RemoteCredentialGuard'>-</Data><Data Name='TargetOutboundUserName'>-</Data><Data Name='TargetOutboundDomainName'>-</Data><Data Name='VirtualAccount'>%%1843</Data><Data Name='TargetLinkedLogonId'>0x0</Data><Data Name='ElevatedToken'>%%1842</Data></EventData></Event>", "timestamp": "2026-09-24T06:59:22.000Z", "hostname": "", "event_id": "", "action": "event", "message": "Windows Event ", "severity": "info"}
{"log_type": "authentication", "raw": "<Event xmlns='http://schemas.microsoft.com/win/2004/08/events/event'><System><Provider Name='Microsoft-Windows-Security-Auditing' Guid='{54849625-5478-4994-a5ba-3e3b0328c30d}'/><EventID>4672</EventID><Version>0</Version><Level>0</Level><Task>12548</Task><Opcode>0</Opcode><Keywords>0x8020000000000000</Keywords><TimeCreated SystemTime='2026-09-24T06:50:40.3931859Z'/><EventRecordID>2734735</EventRecordID><Correlation ActivityID='{f8dd15b2-4bf0-0006-b71b-ddf8f04bdd01}'/><Execution ProcessID='1168' ThreadID='1292'/><Channel>Security</Channel><Computer>ANURAGYADAV</Computer><Security/></System><EventData><Data Name='SubjectUserSid'>S-1-5-18</Data><Data Name='SubjectUserName'>SYSTEM</Data><Data Name='SubjectDomainName'>NT AUTHORITY</Data><Data Name='SubjectLogonId'>0x3e7</Data><Data Name='PrivilegeList'>SeAssignPrimaryTokenPrivilege\n\t\t\tSeTcbPrivilege\n\t\t\tSeSecurityPrivilege\n\t\t\tSeTakeOwnershipPrivilege\n\t\t\tSeLoadDriverPrivilege\n\t\t\tSeBackupPrivilege\n\t\t\tSeRestorePrivilege\n\t\t\tSeDebugPrivilege\n\t\t\tSeAuditPrivilege\n\t\t\tSeSystemEnvironmentPrivilege\n\t\t\tSeImpersonatePrivilege\n\t\t\tSeDelegateSessionUserImpersonatePrivilege</Data></EventData></Event>", "timestamp": "2026-09-24T06:59:22.000Z", "hostname": "", "event_id": "", "action": "event", "message": "Windows Event ", "severity": "info"}
{"log_type": "authentication", "raw": "<Event xmlns='http://schemas.microsoft.com/win/2004/08/events/event'><System><Provider Name='Microsoft-Windows-Security-Auditing' Guid='{54849625-5478-4994-a5ba-3e3b0328c30d}'/><EventID>4624</EventID><Version>3</Version><Level>0</Level><Task>12544</Task><Opcode>0</Opcode><Keywords>0x8020000000000000</Keywords><TimeCreated SystemTime='2026-09-24T06:50:42.2726779Z'/><EventRecordID>2734738</EventRecordID><Correlation ActivityID='{f8dd15b2-4bf0-0006-b71b-ddf8f04bdd01}'/><Execution ProcessID='1168' ThreadID='876'/><Channel>Security</Channel><Computer>ANURAGYADAV</Computer><Security/></System><EventData><Data Name='SubjectUserSid'>S-1-5-18</Data><Data Name='SubjectUserName'>ANURAGYADAV$</Data><Data Name='SubjectDomainName'>WORKGROUP</Data><Data Name='SubjectLogonId'>0x3e7</Data><Data Name='TargetUserSid'>S-1-5-18</Data><Data Name='TargetUserName'>SYSTEM</Data><Data Name='TargetDomainName'>NT AUTHORITY</Data><Data Name='TargetLogonId'>0x3e7</Data><Data Name='LogonType'>5</Data><Data Name='LogonProcessName'>Advapi  </Data><Data Name='AuthenticationPackageName'>Negotiate</Data><Data Name='WorkstationName'>-</Data><Data Name='LogonGuid'>{00000000-0000-0000-0000-000000000000}</Data><Data Name='TransmittedServices'>-</Data><Data Name='LmPackageName'>-</Data><Data Name='KeyLength'>0</Data><Data Name='ProcessId'>0x474</Data><Data Name='ProcessName'>C:\\Windows\\System32\\services.exe</Data><Data Name='IpAddress'>-</Data><Data Name='IpPort'>-</Data><Data Name='ImpersonationLevel'>%%1833</Data><Data Name='RestrictedAdminMode'>-</Data><Data Name='RemoteCredentialGuard'>-</Data><Data Name='TargetOutboundUserName'>-</Data><Data Name='TargetOutboundDomainName'>-</Data><Data Name='VirtualAccount'>%%1843</Data><Data Name='TargetLinkedLogonId'>0x0</Data><Data Name='ElevatedToken'>%%1842</Data></EventData></Event>", "timestamp": "2026-09-24T06:59:22.000Z", "hostname": "", "event_id": "", "action": "event", "message": "Windows Event ", "severity": "info"}
{"log_type": "authentication", "raw": "<Event xmlns='http://schemas.microsoft.com/win/2004/08/events/event'><System><Provider Name='Microsoft-Windows-Security-Auditing' Guid='{54849625-5478-4994-a5ba-3e3b0328c30d}'/><EventID>4624</EventID><Version>3</Version><Level>0</Level><Task>12544</Task><Opcode>0</Opcode><Keywords>0x8020000000000000</Keywords><TimeCreated SystemTime='2026-09-24T06:50:42.2726786Z'/><EventRecordID>2734739</EventRecordID><Correlation ActivityID='{f8dd15b2-4bf0-0006-b71b-ddf8f04bdd01}'/><Execution ProcessID='1168' ThreadID='1292'/><Channel>Security</Channel><Computer>ANURAGYADAV</Computer><Security/></System><EventData><Data Name='SubjectUserSid'>S-1-5-18</Data><Data Name='SubjectUserName'>ANURAGYADAV$</Data><Data Name='SubjectDomainName'>WORKGROUP</Data><Data Name='SubjectLogonId'>0x3e7</Data><Data Name='TargetUserSid'>S-1-5-18</Data><Data Name='TargetUserName'>SYSTEM</Data><Data Name='TargetDomainName'>NT AUTHORITY</Data><Data Name='TargetLogonId'>0x3e7</Data><Data Name='LogonType'>5</Data><Data Name='LogonProcessName'>Advapi  </Data><Data Name='AuthenticationPackageName'>Negotiate</Data><Data Name='WorkstationName'>-</Data><Data Name='LogonGuid'>{00000000-0000-0000-0000-000000000000}</Data><Data Name='TransmittedServices'>-</Data><Data Name='LmPackageName'>-</Data><Data Name='KeyLength'>0</Data><Data Name='ProcessId'>0x474</Data><Data Name='ProcessName'>C:\\Windows\\System32\\services.exe</Data><Data Name='IpAddress'>-</Data><Data Name='IpPort'>-</Data><Data Name='ImpersonationLevel'>%%1833</Data><Data Name='RestrictedAdminMode'>-</Data><Data Name='RemoteCredentialGuard'>-</Data><Data Name='TargetOutboundUserName'>-</Data><Data Name='TargetOutboundDomainName'>-</Data><Data Name='VirtualAccount'>%%1843</Data><Data Name='TargetLinkedLogonId'>0x0</Data><Data Name='ElevatedToken'>%%1842</Data></EventData></Event>", "timestamp": "2026-09-24T06:59:22.000Z", "hostname": "", "event_id": "", "action": "event", "message": "Windows Event ", "severity": "info"}
{"log_type": "authentication", "raw": "<Event xmlns='http://schemas.microsoft.com/win/2004/08/events/event'><System><Provider Name='Microsoft-Windows-Security-Auditing' Guid='{54849625-5478-4994-a5ba-3e3b0328c30d}'/><EventID>4672</EventID><Version>0</Version><Level>0</Level><Task>12548</Task><Opcode>0</Opcode><Keywords>0x8020000000000000</Keywords><TimeCreated SystemTime='2026-09-24T06:50:42.2726888Z'/><EventRecordID>2734740</EventRecordID><Correlation ActivityID='{f8dd15b2-4bf0-0006-b71b-ddf8f04bdd01}'/><Execution ProcessID='1168' ThreadID='1292'/><Channel>Security</Channel><Computer>ANURAGYADAV</Computer><Security/></System><EventData><Data Name='SubjectUserSid'>S-1-5-18</Data><Data Name='SubjectUserName'>SYSTEM</Data><Data Name='SubjectDomainName'>NT AUTHORITY</Data><Data Name='SubjectLogonId'>0x3e7</Data><Data Name='PrivilegeList'>SeAssignPrimaryTokenPrivilege\n\t\t\tSeTcbPrivilege\n\t\t\tSeSecurityPrivilege\n\t\t\tSeTakeOwnershipPrivilege\n\t\t\tSeLoadDriverPrivilege\n\t\t\tSeBackupPrivilege\n\t\t\tSeRestorePrivilege\n\t\t\tSeDebugPrivilege\n\t\t\tSeAuditPrivilege\n\t\t\tSeSystemEnvironmentPrivilege\n\t\t\tSeImpersonatePrivilege\n\t\t\tSeDelegateSessionUserImpersonatePrivilege</Data></EventData></Event>", "timestamp": "2026-09-24T06:59:22.000Z", "hostname": "", "event_id": "", "action": "event", "message": "Windows Event ", "severity": "info"}
{"log_type": "authentication", "raw": "<Event xmlns='http://schemas.microsoft.com/win/2004/08/events/event'><System><Provider Name='Microsoft-Windows-Security-Auditing' Guid='{54849625-5478-4994-a5ba-3e3b0328c30d}'/><EventID>4672</EventID><Version>0</Version><Level>0</Level><Task>12548</Task><Opcode>0</Opcode><Keywords>0x8020000000000000</Keywords><TimeCreated SystemTime='2026-09-24T06:50:42.2726889Z'/><EventRecordID>2734741</EventRecordID><Correlation ActivityID='{f8dd15b2-4bf0-0006-b71b-ddf8f04bdd01}'/><Execution ProcessID='1168' ThreadID='876'/><Channel>Security</Channel><Computer>ANURAGYADAV</Computer><Security/></System><EventData><Data Name='SubjectUserSid'>S-1-5-18</Data><Data Name='SubjectUserName'>SYSTEM</Data><Data Name='SubjectDomainName'>NT AUTHORITY</Data><Data Name='SubjectLogonId'>0x3e7</Data><Data Name='PrivilegeList'>SeAssignPrimaryTokenPrivilege\n\t\t\tSeTcbPrivilege\n\t\t\tSeSecurityPrivilege\n\t\t\tSeTakeOwnershipPrivilege\n\t\t\tSeLoadDriverPrivilege\n\t\t\tSeBackupPrivilege\n\t\t\tSeRestorePrivilege\n\t\t\tSeDebugPrivilege\n\t\t\tSeAuditPrivilege\n\t\t\tSeSystemEnvironmentPrivilege\n\t\t\tSeImpersonatePrivilege\n\t\t\tSeDelegateSessionUserImpersonatePrivilege</Data></EventData></Event>", "timestamp": "2026-09-24T06:59:22.000Z", "hostname": "", "event_id": "", "action": "event", "message": "Windows Event ", "severity": "info"}
{"log_type": "authentication", "raw": "<Event xmlns='http://schemas.microsoft.com/win/2004/08/events/event'><System><Provider Name='Microsoft-Windows-Security-Auditing' Guid='{54849625-5478-4994-a5ba-3e3b0328c30d}'/><EventID>4624</EventID><Version>3</Version><Level>0</Level><Task>12544</Task><Opcode>0</Opcode><Keywords>0x8020000000000000</Keywords><TimeCreated SystemTime='2026-09-24T06:50:42.2726931Z'/><EventRecordID>2734742</EventRecordID><Correlation ActivityID='{f8dd15b2-4bf0-0006-b71b-ddf8f04bdd01}'/><Execution ProcessID='1168' ThreadID='1220'/><Channel>Security</Channel><Computer>ANURAGYADAV</Computer><Security/></System><EventData><Data Name='SubjectUserSid'>S-1-5-18</Data><Data Name='SubjectUserName'>ANURAGYADAV$</Data><Data Name='SubjectDomainName'>WORKGROUP</Data><Data Name='SubjectLogonId'>0x3e7</Data><Data Name='TargetUserSid'>S-1-5-18</Data><Data Name='TargetUserName'>SYSTEM</Data><Data Name='TargetDomainName'>NT AUTHORITY</Data><Data Name='TargetLogonId'>0x3e7</Data><Data Name='LogonType'>5</Data><Data Name='LogonProcessName'>Advapi  </Data><Data Name='AuthenticationPackageName'>Negotiate</Data><Data Name='WorkstationName'>-</Data><Data Name='LogonGuid'>{00000000-0000-0000-0000-000000000000}</Data><Data Name='TransmittedServices'>-</Data><Data Name='LmPackageName'>-</Data><Data Name='KeyLength'>0</Data><Data Name='ProcessId'>0x474</Data><Data Name='ProcessName'>C:\\Windows\\System32\\services.exe</Data><Data Name='IpAddress'>-</Data><Data Name='IpPort'>-</Data><Data Name='ImpersonationLevel'>%%1833</Data><Data Name='RestrictedAdminMode'>-</Data><Data Name='RemoteCredentialGuard'>-</Data><Data Name='TargetOutboundUserName'>-</Data><Data Name='TargetOutboundDomainName'>-</Data><Data Name='VirtualAccount'>%%1843</Data><Data Name='TargetLinkedLogonId'>0x0</Data><Data Name='ElevatedToken'>%%1842</Data></EventData></Event>", "timestamp": "2026-09-24T06:59:22.000Z", "hostname": "", "event_id": "", "action": "event", "message": "Windows Event ", "severity": "info"}
{"log_type": "authentication", "raw": "<Event xmlns='http://schemas.microsoft.com/win/2004/08/events/event'><System><Provider Name='Microsoft-Windows-Security-Auditing' Guid='{54849625-5478-4994-a5ba-3e3b0328c30d}'/><EventID>4672</EventID><Version>0</Version><Level>0</Level><Task>12548</Task><Opcode>0</Opcode><Keywords>0x8020000000000000</Keywords><TimeCreated SystemTime='2026-09-24T06:50:42.2727061Z'/><EventRecordID>2734743</EventRecordID><Correlation ActivityID='{f8dd15b2-4bf0-0006-b71b-ddf8f04bdd01}'/><Execution ProcessID='1168' ThreadID='1220'/><Channel>Security</Channel><Computer>ANURAGYADAV</Computer><Security/></System><EventData><Data Name='SubjectUserSid'>S-1-5-18</Data><Data Name='SubjectUserName'>SYSTEM</Data><Data Name='SubjectDomainName'>NT AUTHORITY</Data><Data Name='SubjectLogonId'>0x3e7</Data><Data Name='PrivilegeList'>SeAssignPrimaryTokenPrivilege\n\t\t\tSeTcbPrivilege\n\t\t\tSeSecurityPrivilege\n\t\t\tSeTakeOwnershipPrivilege\n\t\t\tSeLoadDriverPrivilege\n\t\t\tSeBackupPrivilege\n\t\t\tSeRestorePrivilege\n\t\t\tSeDebugPrivilege\n\t\t\tSeAuditPrivilege\n\t\t\tSeSystemEnvironmentPrivilege\n\t\t\tSeImpersonatePrivilege\n\t\t\tSeDelegateSessionUserImpersonatePrivilege</Data></EventData></Event>", "timestamp": "2026-09-24T06:59:22.000Z", "hostname": "", "event_id": "", "action": "event", "message": "Windows Event ", "severity": "info"}
{"log_type": "authentication", "raw": "<Event xmlns='http://schemas.microsoft.com/win/2004/08/events/event'><System><Provider Name='Microsoft-Windows-Security-Auditing' Guid='{54849625-5478-4994-a5ba-3e3b0328c30d}'/><EventID>4624</EventID><Version>3</Version><Level>0</Level><Task>12544</Task><Opcode>0</Opcode><Keywords>0x8020000000000000</Keywords><TimeCreated SystemTime='2026-09-24T06:50:42.2728019Z'/><EventRecordID>2734744</EventRecordID><Correlation ActivityID='{f8dd15b2-4bf0-0006-b71b-ddf8f04bdd01}'/><Execution ProcessID='1168' ThreadID='1272'/><Channel>Security</Channel><Computer>ANURAGYADAV</Computer><Security/></System><EventData><Data Name='SubjectUserSid'>S-1-5-18</Data><Data Name='SubjectUserName'>ANURAGYADAV$</Data><Data Name='SubjectDomainName'>WORKGROUP</Data><Data Name='SubjectLogonId'>0x3e7</Data><Data Name='TargetUserSid'>S-1-5-18</Data><Data Name='TargetUserName'>SYSTEM</Data><Data Name='TargetDomainName'>NT AUTHORITY</Data><Data Name='TargetLogonId'>0x3e7</Data><Data Name='LogonType'>5</Data><Data Name='LogonProcessName'>Advapi  </Data><Data Name='AuthenticationPackageName'>Negotiate</Data><Data Name='WorkstationName'>-</Data><Data Name='LogonGuid'>{00000000-0000-0000-0000-000000000000}</Data><Data Name='TransmittedServices'>-</Data><Data Name='LmPackageName'>-</Data><Data Name='KeyLength'>0</Data><Data Name='ProcessId'>0x474</Data><Data Name='ProcessName'>C:\\Windows\\System32\\services.exe</Data><Data Name='IpAddress'>-</Data><Data Name='IpPort'>-</Data><Data Name='ImpersonationLevel'>%%1833</Data><Data Name='RestrictedAdminMode'>-</Data><Data Name='RemoteCredentialGuard'>-</Data><Data Name='TargetOutboundUserName'>-</Data><Data Name='TargetOutboundDomainName'>-</Data><Data Name='VirtualAccount'>%%1843</Data><Data Name='TargetLinkedLogonId'>0x0</Data><Data Name='ElevatedToken'>%%1842</Data></EventData></Event>", "timestamp": "2026-09-24T06:59:22.000Z", "hostname": "", "event_id": "", "action": "event", "message": "Windows Event ", "severity": "info"}
{"log_type": "authentication", "raw": "<Event xmlns='http://schemas.microsoft.com/win/2004/08/events/event'><System><Provider Name='Microsoft-Windows-Security-Auditing' Guid='{54849625-5478-4994-a5ba-3e3b0328c30d}'/><EventID>4672</EventID><Version>0</Version><Level>0</Level><Task>12548</Task><Opcode>0</Opcode><Keywords>0x8020000000000000</Keywords><TimeCreated SystemTime='2026-09-24T06:50:42.2728100Z'/><EventRecordID>2734745</EventRecordID><Correlation ActivityID='{f8dd15b2-4bf0-0006-b71b-ddf8f04bdd01}'/><Execution ProcessID='1168' ThreadID='1272'/><Channel>Security</Channel><Computer>ANURAGYADAV</Computer><Security/></System><EventData><Data Name='SubjectUserSid'>S-1-5-18</Data><Data Name='SubjectUserName'>SYSTEM</Data><Data Name='SubjectDomainName'>NT AUTHORITY</Data><Data Name='SubjectLogonId'>0x3e7</Data><Data Name='PrivilegeList'>SeAssignPrimaryTokenPrivilege\n\t\t\tSeTcbPrivilege\n\t\t\tSeSecurityPrivilege\n\t\t\tSeTakeOwnershipPrivilege\n\t\t\tSeLoadDriverPrivilege\n\t\t\tSeBackupPrivilege\n\t\t\tSeRestorePrivilege\n\t\t\tSeDebugPrivilege\n\t\t\tSeAuditPrivilege\n\t\t\tSeSystemEnvironmentPrivilege\n\t\t\tSeImpersonatePrivilege\n\t\t\tSeDelegateSessionUserImpersonatePrivilege</Data></EventData></Event>", "timestamp": "2026-09-24T06:59:22.000Z", "hostname": "", "event_id": "", "action": "event", "message": "Windows Event ", "severity": "info"}
{"log_type": "edr", "raw": "{\"timestamp\": \"2026-09-24T06:59:26Z\", \"event_type\": \"ProcessCreate\", \"hostname\": \"ANURAGYADAV\", \"user\": \"anura\", \"process\": {\"pid\": 5840, \"name\": \"powershell.exe\", \"cmdline\": \"powershell.exe\", \"parent_name\": \"unknown\"}}", "timestamp": "2026-09-24T06:59:26Z", "hostname": "ANURAGYADAV", "user": "anura", "action": "processcreate", "event_id": "ProcessCreate", "message": "EDR ProcessCreate [proc=powershell.exe, user=anura]", "severity": "info", "extra": {"process_name": "powershell.exe", "process_pid": 5840, "cmdline": "powershell.exe", "parent_process": "unknown", "event_type": "ProcessCreate"}}
{"log_type": "edr", "raw": "{\"timestamp\": \"2026-09-24T06:59:26Z\", \"event_type\": \"ProcessCreate\", \"hostname\": \"ANURAGYADAV\", \"user\": \"anura\", \"process\": {\"pid\": 9496, \"name\": \"powershell.exe\", \"cmdline\": \"powershell.exe\", \"parent_name\": \"unknown\"}}", "timestamp": "2026-09-24T06:59:26Z", "hostname": "ANURAGYADAV", "user": "anura", "action": "processcreate", "event_id": "ProcessCreate", "message": "EDR ProcessCreate [proc=powershell.exe, user=anura]", "severity": "info", "extra": {"process_name": "powershell.exe", "process_pid": 9496, "cmdline": "powershell.exe", "parent_process": "unknown", "event_type": "ProcessCreate"}}
{"log_type": "edr", "raw": "{\"timestamp\": \"2026-09-24T06:59:26Z\", \"event_type\": \"ProcessCreate\", \"hostname\": \"ANURAGYADAV\", \"user\": \"anura\", \"process\": {\"pid\": 11428, \"name\": \"powershell.exe\", \"cmdline\": \"powershell.exe\", \"parent_name\": \"unknown\"}}", "timestamp": "2026-09-24T06:59:26Z", "hostname": "ANURAGYADAV", "user": "anura", "action": "processcreate", "event_id": "ProcessCreate", "message": "EDR ProcessCreate [proc=powershell.exe, user=anura]", "severity": "info", "extra": {"process_name": "powershell.exe", "process_pid": 11428, "cmdline": "powershell.exe", "parent_process": "unknown", "event_type": "ProcessCreate"}}
{"log_type": "firewall", "raw": "Sep 24 12:29:02 FIREWALL kernel: [UFW ALLOW] IN=eth0 OUT= SRC=10.0.64.63 DST=8.8.8.8 PROTO=UDP SPT=57266 DPT=53", "timestamp": "2026-09-24T12:29:02.000Z", "hostname": "FIREWALL", "action": "allow", "source_ip": "10.0.64.63", "destination_ip": "8.8.8.8", "protocol": "UDP", "source_port": 57266, "destination_port": 53, "message": "Firewall allowed UDP 10.0.64.63 -> 8.8.8.8:53", "severity": "info", "extra": {"interface": "unknown"}}
{"log_type": "firewall", "raw": "Sep 24 12:29:03 FIREWALL kernel: [UFW ALLOW] IN=eth0 OUT= SRC=10.0.64.63 DST=151.101.106.172 PROTO=TCP SPT=55525 DPT=80", "timestamp": "2026-09-24T12:29:03.000Z", "hostname": "FIREWALL", "action": "allow", "source_ip": "10.0.64.63", "destination_ip": "151.101.106.172", "protocol": "TCP", "source_port": 55525, "destination_port": 80, "message": "Firewall allowed TCP 10.0.64.63 -> 151.101.106.172:80", "severity": "info", "extra": {"interface": "unknown"}}
{"log_type": "firewall", "raw": "Sep 24 12:29:03 FIREWALL kernel: [UFW ALLOW] IN=eth0 OUT= SRC=10.0.64.63 DST=4.240.189.72 PROTO=TCP SPT=55526 DPT=80", "timestamp": "2026-09-24T12:29:03.000Z", "hostname": "FIREWALL", "action": "allow", "source_ip": "10.0.64.63", "destination_ip": "4.240.189.72", "protocol": "TCP", "source_port": 55526, "destination_port": 80, "message": "Firewall allowed TCP 10.0.64.63 -> 4.240.189.72:80", "severity": "info", "extra": {"interface": "unknown"}}
{"log_type": "firewall", "raw": "Sep 24 12:29:05 FIREWALL kernel: [UFW ALLOW] IN=eth0 OUT= SRC=10.0.64.63 DST=184.85.220.157 PROTO=UDP SPT=52585 DPT=443", "timestamp": "2026-09-24T12:29:05.000Z", "hostname": "FIREWALL", "action": "allow", "source_ip": "10.0.64.63", "destination_ip": "184.85.220.157", "protocol": "UDP", "source_port": 52585, "destination_port": 443, "message": "Firewall allowed UDP 10.0.64.63 -> 184.85.220.157:443", "severity": "info", "extra": {"interface": "unknown"}}
{"log_type": "firewall", "raw": "Sep 24 12:29:11 FIREWALL kernel: [UFW ALLOW] IN=eth0 OUT= SRC=10.0.64.63 DST=23.64.1.219 PROTO=UDP SPT=51297 DPT=443", "timestamp": "2026-09-24T12:29:11.000Z", "hostname": "FIREWALL", "action": "allow", "source_ip": "10.0.64.63", "destination_ip": "23.64.1.219", "protocol": "UDP", "source_port": 51297, "destination_port": 443, "message": "Firewall allowed UDP 10.0.64.63 -> 23.64.1.219:443", "severity": "info", "extra": {"interface": "unknown"}}
{"log_type": "firewall", "raw": "Sep 24 12:29:11 FIREWALL kernel: [UFW ALLOW] IN=eth0 OUT= SRC=10.0.64.63 DST=184.85.220.148 PROTO=UDP SPT=65064 DPT=443", "timestamp": "2026-09-24T12:29:11.000Z", "hostname": "FIREWALL", "action": "allow", "source_ip": "10.0.64.63", "destination_ip": "184.85.220.148", "protocol": "UDP", "source_port": 65064, "destination_port": 443, "message": "Firewall allowed UDP 10.0.64.63 -> 184.85.220.148:443", "severity": "info", "extra": {"interface": "unknown"}}
{"log_type": "firewall", "raw": "Sep 24 12:29:12 FIREWALL kernel: [UFW ALLOW] IN=eth0 OUT= SRC=10.0.64.63 DST=184.85.220.148 PROTO=TCP SPT=51534 DPT=443", "timestamp": "2026-09-24T12:29:12.000Z", "hostname": "FIREWALL", "action": "allow", "source_ip": "10.0.64.63", "destination_ip": "184.85.220.148", "protocol": "TCP", "source_port": 51534, "destination_port": 443, "message": "Firewall allowed TCP 10.0.64.63 -> 184.85.220.148:443", "severity": "info", "extra": {"interface": "unknown"}}
{"log_type": "firewall", "raw": "Sep 24 12:29:13 FIREWALL kernel: [UFW ALLOW] IN=eth0 OUT= SRC=10.0.64.63 DST=49.44.201.43 PROTO=UDP SPT=54155 DPT=443", "timestamp": "2026-09-24T12:29:13.000Z", "hostname": "FIREWALL", "action": "allow", "source_ip": "10.0.64.63", "destination_ip": "49.44.201.43", "protocol": "UDP", "source_port": 54155, "destination_port": 443, "message": "Firewall allowed UDP 10.0.64.63 -> 49.44.201.43:443", "severity": "info", "extra": {"interface": "unknown"}}
{"log_type": "authentication", "raw": "<Event xmlns='http://schemas.microsoft.com/win/2004/08/events/event'><System><Provider Name='Microsoft-Windows-Security-Auditing' Guid='{54849625-5478-4994-a5ba-3e3b0328c30d}'/><EventID>4624</EventID><Version>3</Version><Level>0</Level><Task>12544</Task><Opcode>0</Opcode><Keywords>0x8020000000000000</Keywords><TimeCreated SystemTime='2026-09-24T06:50:42.3339197Z'/><EventRecordID>2734746</EventRecordID><Correlation ActivityID='{f8dd15b2-4bf0-0006-b71b-ddf8f04bdd01}'/><Execution ProcessID='1168' ThreadID='1292'/><Channel>Security</Channel><Computer>ANURAGYADAV</Computer><Security/></System><EventData><Data Name='SubjectUserSid'>S-1-5-18</Data><Data Name='SubjectUserName'>ANURAGYADAV$</Data><Data Name='SubjectDomainName'>WORKGROUP</Data><Data Name='SubjectLogonId'>0x3e7</Data><Data Name='TargetUserSid'>S-1-5-18</Data><Data Name='TargetUserName'>SYSTEM</Data><Data Name='TargetDomainName'>NT AUTHORITY</Data><Data Name='TargetLogonId'>0x3e7</Data><Data Name='LogonType'>5</Data><Data Name='LogonProcessName'>Advapi  </Data><Data Name='AuthenticationPackageName'>Negotiate</Data><Data Name='WorkstationName'>-</Data><Data Name='LogonGuid'>{00000000-0000-0000-0000-000000000000}</Data><Data Name='TransmittedServices'>-</Data><Data Name='LmPackageName'>-</Data><Data Name='KeyLength'>0</Data><Data Name='ProcessId'>0x474</Data><Data Name='ProcessName'>C:\\Windows\\System32\\services.exe</Data><Data Name='IpAddress'>-</Data><Data Name='IpPort'>-</Data><Data Name='ImpersonationLevel'>%%1833</Data><Data Name='RestrictedAdminMode'>-</Data><Data Name='RemoteCredentialGuard'>-</Data><Data Name='TargetOutboundUserName'>-</Data><Data Name='TargetOutboundDomainName'>-</Data><Data Name='VirtualAccount'>%%1843</Data><Data Name='TargetLinkedLogonId'>0x0</Data><Data Name='ElevatedToken'>%%1842</Data></EventData></Event>", "timestamp": "2026-09-24T06:59:29.000Z", "hostname": "", "event_id": "", "action": "event", "message": "Windows Event ", "severity": "info"}
{"log_type": "authentication", "raw": "<Event xmlns='http://schemas.microsoft.com/win/2004/08/events/event'><System><Provider Name='Microsoft-Windows-Security-Auditing' Guid='{54849625-5478-4994-a5ba-3e3b0328c30d}'/><EventID>4672</EventID><Version>0</Version><Level>0</Level><Task>12548</Task><Opcode>0</Opcode><Keywords>0x8020000000000000</Keywords><TimeCreated SystemTime='2026-09-24T06:50:42.3339316Z'/><EventRecordID>2734747</EventRecordID><Correlation ActivityID='{f8dd15b2-4bf0-0006-b71b-ddf8f04bdd01}'/><Execution ProcessID='1168' ThreadID='1292'/><Channel>Security</Channel><Computer>ANURAGYADAV</Computer><Security/></System><EventData><Data Name='SubjectUserSid'>S-1-5-18</Data><Data Name='SubjectUserName'>SYSTEM</Data><Data Name='SubjectDomainName'>NT AUTHORITY</Data><Data Name='SubjectLogonId'>0x3e7</Data><Data Name='PrivilegeList'>SeAssignPrimaryTokenPrivilege\n\t\t\tSeTcbPrivilege\n\t\t\tSeSecurityPrivilege\n\t\t\tSeTakeOwnershipPrivilege\n\t\t\tSeLoadDriverPrivilege\n\t\t\tSeBackupPrivilege\n\t\t\tSeRestorePrivilege\n\t\t\tSeDebugPrivilege\n\t\t\tSeAuditPrivilege\n\t\t\tSeSystemEnvironmentPrivilege\n\t\t\tSeImpersonatePrivilege\n\t\t\tSeDelegateSessionUserImpersonatePrivilege</Data></EventData></Event>", "timestamp": "2026-09-24T06:59:29.000Z", "hostname": "", "event_id": "", "action": "event", "message": "Windows Event ", "severity": "info"}
{"log_type": "authentication", "raw": "<Event xmlns='http://schemas.microsoft.com/win/2004/08/events/event'><System><Provider Name='Microsoft-Windows-Security-Auditing' Guid='{54849625-5478-4994-a5ba-3e3b0328c30d}'/><EventID>4624</EventID><Version>3</Version><Level>0</Level><Task>12544</Task><Opcode>0</Opcode><Keywords>0x8020000000000000</Keywords><TimeCreated SystemTime='2026-09-24T06:50:42.7174397Z'/><EventRecordID>2734748</EventRecordID><Correlation ActivityID='{f8dd15b2-4bf0-0006-b71b-ddf8f04bdd01}'/><Execution ProcessID='1168' ThreadID='1292'/><Channel>Security</Channel><Computer>ANURAGYADAV</Computer><Security/></System><EventData><Data Name='SubjectUserSid'>S-1-5-18</Data><Data Name='SubjectUserName'>ANURAGYADAV$</Data><Data Name='SubjectDomainName'>WORKGROUP</Data><Data Name='SubjectLogonId'>0x3e7</Data><Data Name='TargetUserSid'>S-1-5-18</Data><Data Name='TargetUserName'>SYSTEM</Data><Data Name='TargetDomainName'>NT AUTHORITY</Data><Data Name='TargetLogonId'>0x3e7</Data><Data Name='LogonType'>5</Data><Data Name='LogonProcessName'>Advapi  </Data><Data Name='AuthenticationPackageName'>Negotiate</Data><Data Name='WorkstationName'>-</Data><Data Name='LogonGuid'>{00000000-0000-0000-0000-000000000000}</Data><Data Name='TransmittedServices'>-</Data><Data Name='LmPackageName'>-</Data><Data Name='KeyLength'>0</Data><Data Name='ProcessId'>0x474</Data><Data Name='ProcessName'>C:\\Windows\\System32\\services.exe</Data><Data Name='IpAddress'>-</Data><Data Name='IpPort'>-</Data><Data Name='ImpersonationLevel'>%%1833</Data><Data Name='RestrictedAdminMode'>-</Data><Data Name='RemoteCredentialGuard'>-</Data><Data Name='TargetOutboundUserName'>-</Data><Data Name='TargetOutboundDomainName'>-</Data><Data Name='VirtualAccount'>%%1843</Data><Data Name='TargetLinkedLogonId'>0x0</Data><Data Name='ElevatedToken'>%%1842</Data></EventData></Event>", "timestamp": "2026-09-24T06:59:29.000Z", "hostname": "", "event_id": "", "action": "event", "message": "Windows Event ", "severity": "info"}
