{"log_type": "authentication", "raw": "<Event xmlns='http://schemas.microsoft.com/win/2004/08/events/event'><System><Provider Name='Microsoft-Windows-Security-Auditing' Guid='{54849625-5478-4994-a5ba-3e3b0328c30d}'/><EventID>4624</EventID><Version>3</Version><Level>0</Level><Task>12544</Task><Opcode>0</Opcode><Keywords>0x8020000000000000</Keywords><TimeCreated SystemTime='2026-09-24T06:50:35.6457183Z'/><EventRecordID>2734637</EventRecordID><Correlation ActivityID='{f8dd15b2-4bf0-0006-b71b-ddf8f04bdd01}'/><Execution ProcessID='1168' ThreadID='1208'/><Channel>Security</Channel><Computer>ANURAGYADAV</Computer><Security/></System><EventData><Data Name='SubjectUserSid'>S-1-5-18</Data><Data Name='SubjectUserName'>ANURAGYADAV$</Data><Data Name='SubjectDomainName'>WORKGROUP</Data><Data Name='SubjectLogonId'>0x3e7</Data><Data Name='TargetUserSid'>S-1-5-18</Data><Data Name='TargetUserName'>SYSTEM</Data><Data Name='TargetDomainName'>NT AUTHORITY</Data><Data Name='TargetLogonId'>0x3e7</Data><Data Name='LogonType'>5</Data><Data Name='LogonProcessName'>Advapi  </Data><Data Name='AuthenticationPackageName'>Negotiate</Data><Data Name='WorkstationName'>-</Data><Data Name='LogonGuid'>{00000000-0000-0000-0000-000000000000}</Data><Data Name='TransmittedServices'>-</Data><Data Name='LmPackageName'>-</Data><Data Name='KeyLength'>0</Data><Data Name='ProcessId'>0x474</Data><Data Name='ProcessName'>C:\\Windows\\System32\\services.exe</Data><Data Name='IpAddress'>-</Data><Data Name='IpPort'>-</Data><Data Name='ImpersonationLevel'>%%1833</Data><Data Name='RestrictedAdminMode'>-</Data><Data Name='RemoteCredentialGuard'>-</Data><Data Name='TargetOutboundUserName'>-</Data><Data Name='TargetOutboundDomainName'>-</Data><Data Name='VirtualAccount'>%%1843</Data><Data Name='TargetLinkedLogonId'>0x0</Data><Data Name='ElevatedToken'>%%1842</Data></EventData></Event>", "timestamp": "2026-09-24T06:58:52.000Z", "hostname": "", "event_id": "", "action": "event", "message": "Windows Event ", "severity": "info"}
{"log_type": "authentication", "raw": "<Event xmlns='http://schemas.microsoft.com/win/2004/08/events/event'><System><Provider Name='Microsoft-Windows-Security-Auditing' Guid='{54849625-5478-4994-a5ba-3e3b0328c30d}'/><EventID>4672</EventID><Version>0</Version><Level>0</Level><Task>12548</Task><Opcode>0</Opcode><Keywords>0x8020000000000000</Keywords><TimeCreated SystemTime='2026-09-24T06:50:35.6457340Z'/><EventRecordID>2734638</EventRecordID><Correlation ActivityID='{f8dd15b2-4bf0-0006-b71b-ddf8f04bdd01}'/><Execution ProcessID='1168' ThreadID='1208'/><Channel>Security</Channel><Computer>ANURAGYADAV</Computer><Security/></System><EventData><Data Name='SubjectUserSid'>S-1-5-18</Data><Data Name='SubjectUserName'>SYSTEM</Data><Data Name='SubjectDomainName'>NT AUTHORITY</Data><Data Name='SubjectLogonId'>0x3e7</Data><Data Name='PrivilegeList'>SeAssignPrimaryTokenPrivilege\n\t\t\tSeTcbPrivilege\n\t\t\tSeSecurityPrivilege\n\t\t\tSeTakeOwnershipPrivilege\n\t\t\tSeLoadDriverPrivilege\n\t\t\tSeBackupPrivilege\n\t\t\tSeRestorePrivilege\n\t\t\tSeDebugPrivilege\n\t\t\tSeAuditPrivilege\n\t\t\tSeSystemEnvironmentPrivilege\n\t\t\tSeImpersonatePrivilege\n\t\t\tSeDelegateSessionUserImpersonatePrivilege</Data></EventData></Event>", "timestamp": "2026-09-24T06:58:52.000Z", "hostname": "", "event_id": "", "action": "event", "message": "Windows Event ", "severity": "info"}
{"log_type": "authentication", "raw": "<Event xmlns='http://schemas.microsoft.com/win/2004/08/events/event'><System><Provider Name='Microsoft-Windows-Security-Auditing' Guid='{54849625-5478-4994-a5ba-3e3b0328c30d}'/><EventID>4624</EventID><Version>3</Version><Level>0</Level><Task>12544</Task><Opcode>0</Opcode><Keywords>0x8020000000000000</Keywords><TimeCreated SystemTime='2026-09-24T06:50:35.7633620Z'/><EventRecordID>2734639</EventRecordID><Correlation ActivityID='{f8dd15b2-4bf0-0006-b71b-ddf8f04bdd01}'/><Execution ProcessID='1168' ThreadID='1208'/><Channel>Security</Channel><Computer>ANURAGYADAV</Computer><Security/></System><EventData><Data Name='SubjectUserSid'>S-1-5-18</Data><Data Name='SubjectUserName'>ANURAGYADAV$</Data><Data Name='SubjectDomainName'>WORKGROUP</Data><Data Name='SubjectLogonId'>0x3e7</Data><Data Name='TargetUserSid'>S-1-5-18</Data><Data Name='TargetUserName'>SYSTEM</Data><Data Name='TargetDomainName'>NT AUTHORITY</Data><Data Name='TargetLogonId'>0x3e7</Data><Data Name='LogonType'>5</Data><Data Name='LogonProcessName'>Advapi  </Data><Data Name='AuthenticationPackageName'>Negotiate</Data><Data Name='WorkstationName'>-</Data><Data Name='LogonGuid'>{00000000-0000-0000-0000-000000000000}</Data><Data Name='TransmittedServices'>-</Data><Data Name='LmPackageName'>-</Data><Data Name='KeyLength'>0</Data><Data Name='ProcessId'>0x474</Data><Data Name='ProcessName'>C:\\Windows\\System32\\services.exe</Data><Data Name='IpAddress'>-</Data><Data Name='IpPort'>-</Data><Data Name='ImpersonationLevel'>%%1833</Data><Data Name='RestrictedAdminMode'>-</Data><Data Name='RemoteCredentialGuard'>-</Data><Data Name='TargetOutboundUserName'>-</Data><Data Name='TargetOutboundDomainName'>-</Data><Data Name='VirtualAccount'>%%1843</Data><Data Name='TargetLinkedLogonId'>0x0</Data><Data Name='ElevatedToken'>%%1842</Data></EventData></Event>", "timestamp": "2026-09-24T06:58:52.000Z", "hostname": "", "event_id": "", "action": "event", "message": "Windows Event ", "severity": "info"}
{"log_type": "authentication", "raw": "<Event xmlns='http://schemas.microsoft.com/win/2004/08/events/event'><System><Provider Name='Microsoft-Windows-Security-Auditing' Guid='{54849625-5478-4994-a5ba-3e3b0328c30d}'/><EventID>4672</EventID><Version>0</Version><Level>0</Level><Task>12548</Task><Opcode>0</Opcode><Keywords>0x8020000000000000</Keywords><TimeCreated SystemTime='2026-09-24T06:50:35.7633725Z'/><EventRecordID>2734640</EventRecordID><Correlation ActivityID='{f8dd15b2-4bf0-0006-b71b-ddf8f04bdd01}'/><Execution ProcessID='1168' ThreadID='1208'/><Channel>Security</Channel><Computer>ANURAGYADAV</Computer><Security/></System><EventData><Data Name='SubjectUserSid'>S-1-5-18</Data><Data Name='SubjectUserName'>SYSTEM</Data><Data Name='SubjectDomainName'>NT AUTHORITY</Data><Data Name='SubjectLogonId'>0x3e7</Data><Data Name='PrivilegeList'>SeAssignPrimaryTokenPrivilege\n\t\t\tSeTcbPrivilege\n\t\t\tSeSecurityPrivilege\n\t\t\tSeTakeOwnershipPrivilege\n\t\t\tSeLoadDriverPrivilege\n\t\t\tSeBackupPrivilege\n\t\t\tSeRestorePrivilege\n\t\t\tSeDebugPrivilege\n\t\t\tSeAuditPrivilege\n\t\t\tSeSystemEnvironmentPrivilege\n\t\t\tSeImpersonatePrivilege\n\t\t\tSeDelegateSessionUserImpersonatePrivilege</Data></EventData></Event>", "timestamp": "2026-09-24T06:58:52.000Z", "hostname": "", "event_id": "", "action": "event", "message": "Windows Event ", "severity": "info"}
{"log_type": "authentication", "raw": "<Event xmlns='http://schemas.microsoft.com/win/2004/08/events/event'><System><Provider Name='Microsoft-Windows-Security-Auditing' Guid='{54849625-5478-4994-a5ba-3e3b0328c30d}'/><EventID>4624</EventID><Version>3</Version><Level>0</Level><Task>12544</Task><Opcode>0</Opcode><Keywords>0x8020000000000000</Keywords><TimeCreated SystemTime='2026-09-24T06:50:35.7634658Z'/><EventRecordID>2734641</EventRecordID><Correlation ActivityID='{f8dd15b2-4bf0-0006-b71b-ddf8f04bdd01}'/><Execution ProcessID='1168' ThreadID='1272'/><Channel>Security</Channel><Computer>ANURAGYADAV</Computer><Security/></System><EventData><Data Name='SubjectUserSid'>S-1-5-18</Data><Data Name='SubjectUserName'>ANURAGYADAV$</Data><Data Name='SubjectDomainName'>WORKGROUP</Data><Data Name='SubjectLogonId'>0x3e7</Data><Data Name='TargetUserSid'>S-1-5-18</Data><Data Name='TargetUserName'>SYSTEM</Data><Data Name='TargetDomainName'>NT AUTHORITY</Data><Data Name='TargetLogonId'>0x3e7</Data><Data Name='LogonType'>5</Data><Data Name='LogonProcessName'>Advapi  </Data><Data Name='AuthenticationPackageName'>Negotiate</Data><Data Name='WorkstationName'>-</Data><Data Name='LogonGuid'>{00000000-0000-0000-0000-000000000000}</Data><Data Name='TransmittedServices'>-</Data><Data Name='LmPackageName'>-</Data><Data Name='KeyLength'>0</Data><Data Name='ProcessId'>0x474</Data><Data Name='ProcessName'>C:\\Windows\\System32\\services.exe</Data><Data Name='IpAddress'>-</Data><Data Name='IpPort'>-</Data><Data Name='ImpersonationLevel'>%%1833</Data><Data Name='RestrictedAdminMode'>-</Data><Data Name='RemoteCredentialGuard'>-</Data><Data Name='TargetOutboundUserName'>-</Data><Data Name='TargetOutboundDomainName'>-</Data><Data Name='VirtualAccount'>%%1843</Data><Data Name='TargetLinkedLogonId'>0x0</Data><Data Name='ElevatedToken'>%%1842</Data></EventData></Event>", "timestamp": "2026-09-24T06:58:52.000Z", "hostname": "", "event_id": "", "action": "event", "message": "Windows Event ", "severity": "info"}
{"log_type": "authentication", "raw": "<Event xmlns='http://schemas.microsoft.com/win/2004/08/events/event'><System><Provider Name='Microsoft-Windows-Security-Auditing' Guid='{54849625-5478-4994-a5ba-3e3b0328c30d}'/><EventID>4672</EventID><Version>0</Version><Level>0</Level><Task>12548</Task><Opcode>0</Opcode><Keywords>0x8020000000000000</Keywords><TimeCreated SystemTime='2026-09-24T06:50:35.7634727Z'/><EventRecordID>2734642</EventRecordID><Correlation ActivityID='{f8dd15b2-4bf0-0006-b71b-ddf8f04bdd01}'/><Execution ProcessID='1168' ThreadID='1272'/><Channel>Security</Channel><Computer>ANURAGYADAV</Computer><Security/></System><EventData><Data Name='SubjectUserSid'>S-1-5-18</Data><Data Name='SubjectUserName'>SYSTEM</Data><Data Name='SubjectDomainName'>NT AUTHORITY</Data><Data Name='SubjectLogonId'>0x3e7</Data><Data Name='PrivilegeList'>SeAssignPrimaryTokenPrivilege\n\t\t\tSeTcbPrivilege\n\t\t\tSeSecurityPrivilege\n\t\t\tSeTakeOwnershipPrivilege\n\t\t\tSeLoadDriverPrivilege\n\t\t\tSeBackupPrivilege\n\t\t\tSeRestorePrivilege\n\t\t\tSeDebugPrivilege\n\t\t\tSeAuditPrivilege\n\t\t\tSeSystemEnvironmentPrivilege\n\t\t\tSeImpersonatePrivilege\n\t\t\tSeDelegateSessionUserImpersonatePrivilege</Data></EventData></Event>", "timestamp": "2026-09-24T06:58:52.000Z", "hostname": "", "event_id": "", "action": "event", "message": "Windows Event ", "severity": "info"}
{"log_type": "authentication", "raw": "<Event xmlns='http://schemas.microsoft.com/win/2004/08/events/event'><System><Provider Name='Microsoft-Windows-Security-Auditing' Guid='{54849625-5478-4994-a5ba-3e3b0328c30d}'/><EventID>4648</EventID><Version>0</Version><Level>0</Level><Task>12544</Task><Opcode>0</Opcode><Keywords>0x8020000000000000</Keywords><TimeCreated SystemTime='2026-09-24T06:50:35.7789571Z'/><EventRecordID>2734643</EventRecordID><Correlation ActivityID='{f8dd15b2-4bf0-0006-b71b-ddf8f04bdd01}'/><Execution ProcessID='1168' ThreadID='1272'/><Channel>Security</Channel><Computer>ANURAGYADAV</Computer><Security/></System><EventData><Data Name='SubjectUserSid'>S-1-5-18</Data><Data Name='SubjectUserName'>ANURAGYADAV$</Data><Data Name='SubjectDomainName'>WORKGROUP</Data><Data Name='SubjectLogonId'>0x3e7</Data><Data Name='LogonGuid'>{00000000-0000-0000-0000-000000000000}</Data><Data Name='TargetUserName'>DWM-1</Data><Data Name='TargetDomainName'>Window Manager</Data><Data Name='TargetLogonGuid'>{00000000-0000-0000-0000-000000000000}</Data><Data Name='TargetServerName'>localhost</Data><Data Name='TargetInfo'>localhost</Data><Data Name='ProcessId'>0x42c</Data><Data Name='ProcessName'>C:\\Windows\\System32\\winlogon.exe</Data><Data Name='IpAddress'>-</Data><Data Name='IpPort'>-</Data></EventData></Event>", "timestamp": "2026-09-24T06:58:52.000Z", "hostname": "", "event_id": "", "action": "event", "message": "Windows Event ", "severity": "info"}
{"log_type": "authentication", "raw": "<Event xmlns='http://schemas.microsoft.com/win/2004/08/events/event'><System><Provider Name='Microsoft-Windows-Security-Auditing' Guid='{54849625-5478-4994-a5ba-3e3b0328c30d}'/><EventID>4624</EventID><Version>3</Version><Level>0</Level><Task>12544</Task><Opcode>0</Opcode><Keywords>0x8020000000000000</Keywords><TimeCreated SystemTime='2026-09-24T06:50:35.7789852Z'/><EventRecordID>2734644</EventRecordID><Correlation ActivityID='{f8dd15b2-4bf0-0006-b71b-ddf8f04bdd01}'/><Execution ProcessID='1168' ThreadID='1272'/><Channel>Security</Channel><Computer>ANURAGYADAV</Computer><Security/></System><EventData><Data Name='SubjectUserSid'>S-1-5-18</Data><Data Name='SubjectUserName'>ANURAGYADAV$</Data><Data Name='SubjectDomainName'>WORKGROUP</Data><Data Name='SubjectLogonId'>0x3e7</Data><Data Name='TargetUserSid'>S-1-5-90-0-1</Data><Data Name='TargetUserName'>DWM-1</Data><Data Name='TargetDomainName'>Window Manager</Data><Data Name='TargetLogonId'>0x1721f</Data><Data Name='LogonType'>2</Data><Data Name='LogonProcessName'>Advapi  </Data><Data Name='AuthenticationPackageName'>Negotiate</Data><Data Name='WorkstationName'>-</Data><Data Name='LogonGuid'>{00000000-0000-0000-0000-000000000000}</Data><Data Name='TransmittedServices'>-</Data><Data Name='LmPackageName'>-</Data><Data Name='KeyLength'>0</Data><Data Name='ProcessId'>0x42c</Data><Data Name='ProcessName'>C:\\Windows\\System32\\winlogon.exe</Data><Data Name='IpAddress'>-</Data><Data Name='IpPort'>-</Data><Data Name='ImpersonationLevel'>%%1833</Data><Data Name='RestrictedAdminMode'>-</Data><Data Name='RemoteCredentialGuard'>-</Data><Data Name='TargetOutboundUserName'>-</Data><Data Name='TargetOutboundDomainName'>-</Data><Data Name='VirtualAccount'>%%1842</Data><Data Name='TargetLinkedLogonId'>0x172f6</Data><Data Name='ElevatedToken'>%%1842</Data></EventData></Event>", "timestamp": "2026-09-24T06:58:52.000Z", "hostname": "", "event_id": "", "action": "event", "message": "Windows Event ", "severity": "info"}
{"log_type": "authentication", "raw": "<Event xmlns='http://schemas.microsoft.com/win/2004/08/events/event'><System><Provider Name='Microsoft-Windows-Security-Auditing' Guid='{54849625-5478-4994-a5ba-3e3b0328c30d}'/><EventID>4624</EventID><Version>3</Version><Level>0</Level><Task>12544</Task><Opcode>0</Opcode><Keywords>0x8020000000000000</Keywords><TimeCreated SystemTime='2026-09-24T06:50:35.7790057Z'/><EventRecordID>2734645</EventRecordID><Correlation ActivityID='{f8dd15b2-4bf0-0006-b71b-ddf8f04bdd01}'/><Execution ProcessID='1168' ThreadID='1272'/><Channel>Security</Channel><Computer>ANURAGYADAV</Computer><Security/></System><EventData><Data Name='SubjectUserSid'>S-1-5-18</Data><Data Name='SubjectUserName'>ANURAGYADAV$</Data><Data Name='SubjectDomainName'>WORKGROUP</Data><Data Name='SubjectLogonId'>0x3e7</Data><Data Name='TargetUserSid'>S-1-5-90-0-1</Data><Data Name='TargetUserName'>DWM-1</Data><Data Name='TargetDomainName'>Window Manager</Data><Data Name='TargetLogonId'>0x172f6</Data><Data Name='LogonType'>2</Data><Data Name='LogonProcessName'>Advapi  </Data><Data Name='AuthenticationPackageName'>Negotiate</Data><Data Name='WorkstationName'>-</Data><Data Name='LogonGuid'>{00000000-0000-0000-0000-000000000000}</Data><Data Name='TransmittedServices'>-</Data><Data Name='LmPackageName'>-</Data><Data Name='KeyLength'>0</Data><Data Name='ProcessId'>0x42c</Data><Data Name='ProcessName'>C:\\Windows\\System32\\winlogon.exe</Data><Data Name='IpAddress'>-</Data><Data Name='IpPort'>-</Data><Data Name='ImpersonationLevel'>%%1833</Data><Data Name='RestrictedAdminMode'>-</Data><Data Name='RemoteCredentialGuard'>-</Data><Data Name='TargetOutboundUserName'>-</Data><Data Name='TargetOutboundDomainName'>-</Data><Data Name='VirtualAccount'>%%1842</Data><Data Name='TargetLinkedLogonId'>0x1721f</Data><Data Name='ElevatedToken'>%%1843</Data></EventData></Event>", "timestamp": "2026-09-24T06:58:52.000Z", "hostname": "", "event_id": "", "action": "event", "message": "Windows Event ", "severity": "info"}
{"log_type": "authentication", "raw": "<Event xmlns='http://schemas.microsoft.com/win/2004/08/events/event'><System><Provider Name='Microsoft-Windows-Security-Auditing' Guid='{54849625-5478-4994-a5ba-3e3b0328c30d}'/><EventID>4672</EventID><Version>0</Version><Level>0</Level><Task>12548</Task><Opcode>0</Opcode><Keywords>0x8020000000000000</Keywords><TimeCreated SystemTime='2026-09-24T06:50:35.7790132Z'/><EventRecordID>2734646</EventRecordID><Correlation ActivityID='{f8dd15b2-4bf0-0006-b71b-ddf8f04bdd01}'/><Execution ProcessID='1168' ThreadID='1272'/><Channel>Security</Channel><Computer>ANURAGYADAV</Computer><Security/></System><EventData><Data Name='SubjectUserSid'>S-1-5-90-0-1</Data><Data Name='SubjectUserName'>DWM-1</Data><Data Name='SubjectDomainName'>Window Manager</Data><Data Name='SubjectLogonId'>0x1721f</Data><Data Name='PrivilegeList'>SeAssignPrimaryTokenPrivilege\n\t\t\tSeAuditPrivilege\n\t\t\tSeImpersonatePrivilege</Data></EventData></Event>", "timestamp": "2026-09-24T06:58:52.000Z", "hostname": "", "event_id": "", "action": "event", "message": "Windows Event ", "severity": "info"}
{"log_type": "authentication", "raw": "<Event xmlns='http://schemas.microsoft.com/win/2004/08/events/event'><System><Provider Name='Microsoft-Windows-Security-Auditing' Guid='{54849625-5478-4994-a5ba-3e3b0328c30d}'/><EventID>4672</EventID><Version>0</Version><Level>0</Level><Task>12548</Task><Opcode>0</Opcode><Keywords>0x8020000000000000</Keywords><TimeCreated SystemTime='2026-09-24T06:50:35.7790154Z'/><EventRecordID>2734647</EventRecordID><Correlation ActivityID='{f8dd15b2-4bf0-0006-b71b-ddf8f04bdd01}'/><Execution ProcessID='1168' ThreadID='1272'/><Channel>Security</Channel><Computer>ANURAGYADAV</Computer><Security/></System><EventData><Data Name='SubjectUserSid'>S-1-5-90-0-1</Data><Data Name='SubjectUserName'>DWM-1</Data><Data Name='SubjectDomainName'>Window Manager</Data><Data Name='SubjectLogonId'>0x172f6</Data><Data Name='PrivilegeList'>SeAssignPrimaryTokenPrivilege\n\t\t\tSeAuditPrivilege</Data></EventData></Event>", "timestamp": "2026-09-24T06:58:52.000Z", "hostname": "", "event_id": "", "action": "event", "message": "Windows Event ", "severity": "info"}
{"log_type": "authentication", "raw": "<Event xmlns='http://schemas.microsoft.com/win/2004/08/events/event'><System><Provider Name='Microsoft-Windows-Security-Auditing' Guid='{54849625-5478-4994-a5ba-3e3b0328c30d}'/><EventID>4624</EventID><Version>3</Version><Level>0</Level><Task>12544</Task><Opcode>0</Opcode><Keywords>0x8020000000000000</Keywords><TimeCreated SystemTime='2026-09-24T06:50:35.7963030Z'/><EventRecordID>2734648</EventRecordID><Correlation ActivityID='{f8dd15b2-4bf0-0006-b71b-ddf8f04bdd01}'/><Execution ProcessID='1168' ThreadID='1280'/><Channel>Security</Channel><Computer>ANURAGYADAV</Computer><Security/></System><EventData><Data Name='SubjectUserSid'>S-1-5-18</Data><Data Name='SubjectUserName'>ANURAGYADAV$</Data><Data Name='SubjectDomainName'>WORKGROUP</Data><Data Name='SubjectLogonId'>0x3e7</Data><Data Name='TargetUserSid'>S-1-5-18</Data><Data Name='TargetUserName'>SYSTEM</Data><Data Name='TargetDomainName'>NT AUTHORITY</Data><Data Name='TargetLogonId'>0x3e7</Data><Data Name='LogonType'>5</Data><Data Name='LogonProcessName'>Advapi  </Data><Data Name='AuthenticationPackageName'>Negotiate</Data><Data Name='WorkstationName'>-</Data><Data Name='LogonGuid'>{00000000-0000-0000-0000-000000000000}</Data><Data Name='TransmittedServices'>-</Data><Data Name='LmPackageName'>-</Data><Data Name='KeyLength'>0</Data><Data Name='ProcessId'>0x474</Data><Data Name='ProcessName'>C:\\Windows\\System32\\services.exe</Data><Data Name='IpAddress'>-</Data><Data Name='IpPort'>-</Data><Data Name='ImpersonationLevel'>%%1833</Data><Data Name='RestrictedAdminMode'>-</Data><Data Name='RemoteCredentialGuard'>-</Data><Data Name='TargetOutboundUserName'>-</Data><Data Name='TargetOutboundDomainName'>-</Data><Data Name='VirtualAccount'>%%1843</Data><Data Name='TargetLinkedLogonId'>0x0</Data><Data Name='ElevatedToken'>%%1842</Data></EventData></Event>", "timestamp": "2026-09-24T06:58:52.000Z", "hostname": "", "event_id": "", "action": "event", "message": "Windows Event ", "severity": "info"}
{"log_type": "authentication", "raw": "<Event xmlns='http://schemas.microsoft.com/win/2004/08/events/event'><System><Provider Name='Microsoft-Windows-Security-Auditing' Guid='{54849625-5478-4994-a5ba-3e3b0328c30d}'/><EventID>4672</EventID><Version>0</Version><Level>0</Level><Task>12548</Task><Opcode>0</Opcode><Keywords>0x8020000000000000</Keywords><TimeCreated SystemTime='2026-09-24T06:50:35.7963157Z'/><EventRecordID>2734649</EventRecordID><Correlation ActivityID='{f8dd15b2-4bf0-0006-b71b-ddf8f04bdd01}'/><Execution ProcessID='1168' ThreadID='1280'/><Channel>Security</Channel><Computer>ANURAGYADAV</Computer><Security/></System><EventData><Data Name='SubjectUserSid'>S-1-5-18</Data><Data Name='SubjectUserName'>SYSTEM</Data><Data Name='SubjectDomainName'>NT AUTHORITY</Data><Data Name='SubjectLogonId'>0x3e7</Data><Data Name='PrivilegeList'>SeAssignPrimaryTokenPrivilege\n\t\t\tSeTcbPrivilege\n\t\t\tSeSecurityPrivilege\n\t\t\tSeTakeOwnershipPrivilege\n\t\t\tSeLoadDriverPrivilege\n\t\t\tSeBackupPrivilege\n\t\t\tSeRestorePrivilege\n\t\t\tSeDebugPrivilege\n\t\t\tSeAuditPrivilege\n\t\t\tSeSystemEnvironmentPrivilege\n\t\t\tSeImpersonatePrivilege\n\t\t\tSeDelegateSessionUserImpersonatePrivilege</Data></EventData></Event>", "timestamp": "2026-09-24T06:58:52.000Z", "hostname": "", "event_id": "", "action": "event", "message": "Windows Event ", "severity": "info"}
{"log_type": "edr", "raw": "{\"timestamp\": \"2026-09-24T06:58:54Z\", \"event_type\": \"ProcessCreate\", \"hostname\": \"ANURAGYADAV\", \"user\": \"anura\", \"process\": {\"pid\": 2472, \"name\": \"backgroundTaskHost.exe\", \"cmdline\": \"backgroundTaskHost.exe\", \"parent_name\": \"unknown\"}}", "timestamp": "2026-09-24T06:58:54Z", "hostname": "ANURAGYADAV", "user": "anura", "action": "processcreate", "event_id": "ProcessCreate", "message": "EDR ProcessCreate [proc=backgroundTaskHost.exe, user=anura]", "severity": "info", "extra": {"process_name": "backgroundTaskHost.exe", "process_pid": 2472, "cmdline": "backgroundTaskHost.exe", "parent_process": "unknown", "event_type": "ProcessCreate"}}
{"log_type": "edr", "raw": "{\"timestamp\": \"2026-09-24T06:58:54Z\", \"event_type\": \"ProcessCreate\", \"hostname\": \"ANURAGYADAV\", \"user\": \"anura\", \"process\": {\"pid\": 19708, \"name\": \"backgroundTaskHost.exe\", \"cmdline\": \"backgroundTaskHost.exe\", \"parent_name\": \"unknown\"}}", "timestamp": "2026-09-24T06:58:54Z", "hostname": "ANURAGYADAV", "user": "anura", "action": "processcreate", "event_id": "ProcessCreate", "message": "EDR ProcessCreate [proc=backgroundTaskHost.exe, user=anura]", "severity": "info", "extra": {"process_name": "backgroundTaskHost.exe", "process_pid": 19708, "cmdline": "backgroundTaskHost.exe", "parent_process": "unknown", "event_type": "ProcessCreate"}}
{"log_type": "edr", "raw": "{\"timestamp\": \"2026-09-24T06:58:54Z\", \"event_type\": \"ProcessCreate\", \"hostname\": \"ANURAGYADAV\", \"user\": \"anura\", \"process\": {\"pid\": 12068, \"name\": \"PhoneExperienceHost.exe\", \"cmdline\": \"PhoneExperienceHost.exe\", \"parent_name\": \"unknown\"}}", "timestamp": "2026-09-24T06:58:54Z", "hostname": "ANURAGYADAV", "user": "anura", "action": "processcreate", "event_id": "ProcessCreate", "message": "EDR ProcessCreate [proc=PhoneExperienceHost.exe, user=anura]", "severity": "info", "extra": {"process_name": "PhoneExperienceHost.exe", "process_pid": 12068, "cmdline": "PhoneExperienceHost.exe", "parent_process": "unknown", "event_type": "ProcessCreate"}}
{"log_type": "edr", "raw": "{\"timestamp\": \"2026-09-24T06:58:54Z\", \"event_type\": \"ProcessCreate\", \"hostname\": \"ANURAGYADAV\", \"user\": \"anura\", \"process\": {\"pid\": 5968, \"name\": \"powershell.exe\", \"cmdline\": \"powershell.exe\", \"parent_name\": \"unknown\"}}", "timestamp": "2026-09-24T06:58:54Z", "hostname": "ANURAGYADAV", "user": "anura", "action": "processcreate", "event_id": "ProcessCreate", "message": "EDR ProcessCreate [proc=powershell.exe, user=anura]", "severity": "info", "extra": {"process_name": "powershell.exe", "process_pid": 5968, "cmdline": "powershell.exe", "parent_process": "unknown", "event_type": "ProcessCreate"}}
{"log_type": "edr", "raw": "{\"timestamp\": \"2026-09-24T06:58:54Z\", \"event_type\": \"ProcessCreate\", \"hostname\": \"ANURAGYADAV\", \"user\": \"anura\", \"process\": {\"pid\": 11576, \"name\": \"powershell.exe\", \"cmdline\": \"powershell.exe\", \"parent_name\": \"unknown\"}}", "timestamp": "2026-09-24T06:58:54Z", "hostname": "ANURAGYADAV", "user": "anura", "action": "processcreate", "event_id": "ProcessCreate", "message": "EDR ProcessCreate [proc=powershell.exe, user=anura]", "severity": "info", "extra": {"process_name": "powershell.exe", "process_pid": 11576, "cmdline": "powershell.exe", "parent_process": "unknown", "event_type": "ProcessCreate"}}
{"log_type": "edr", "raw": "{\"timestamp\": \"2026-09-24T06:58:54Z\", \"event_type\": \"ProcessCreate\", \"hostname\": \"ANURAGYADAV\", \"user\": \"anura\", \"process\": {\"pid\": 12568, \"name\": \"powershell.exe\", \"cmdline\": \"powershell.exe\", \"parent_name\": \"unknown\"}}", "timestamp": "2026-09-24T06:58:54Z", "hostname": "ANURAGYADAV", "user": "anura", "action": "processcreate", "event_id": "ProcessCreate", "message": "EDR ProcessCreate [proc=powershell.exe, user=anura]", "severity": "info", "extra": {"process_name": "powershell.exe", "process_pid": 12568, "cmdline": "powershell.exe", "parent_process": "unknown", "event_type": "ProcessCreate"}}
{"log_type": "edr", "raw": "{\"timestamp\": \"2026-09-24T06:58:54Z\", \"event_type\": \"ProcessCreate\", \"hostname\": \"ANURAGYADAV\", \"user\": \"anura\", \"process\": {\"pid\": 8776, \"name\": \"RuntimeBroker.exe\", \"cmdline\": \"RuntimeBroker.exe\", \"parent_name\": \"unknown\"}}", "timestamp": "2026-09-24T06:58:54Z", "hostname": "ANURAGYADAV", "user": "anura", "action": "processcreate", "event_id": "ProcessCreate", "message": "EDR ProcessCreate [proc=RuntimeBroker.exe, user=anura]", "severity": "info", "extra": {"process_name": "RuntimeBroker.exe", "process_pid": 8776, "cmdline": "RuntimeBroker.exe", "parent_process": "unknown", "event_type": "ProcessCreate"}}
{"log_type": "edr", "raw": "{\"timestamp\": \"2026-09-24T06:58:54Z\", \"event_type\": \"ProcessCreate\", \"hostname\": \"ANURAGYADAV\", \"user\": \"anura\", \"process\": {\"pid\": 10384, \"name\": \"RuntimeBroker.exe\", \"cmdline\": \"RuntimeBroker.exe\", \"parent_name\": \"unknown\"}}", "timestamp": "2026-09-24T06:58:54Z", "hostname": "ANURAGYADAV", "user": "anura", "action": "processcreate", "event_id": "ProcessCreate", "message": "EDR ProcessCreate [proc=RuntimeBroker.exe, user=anura]", "severity": "info", "extra": {"process_name": "RuntimeBroker.exe", "process_pid": 10384, "cmdline": "RuntimeBroker.exe", "parent_process": "unknown", "event_type": "ProcessCreate"}}
{"log_type": "edr", "raw": "{\"timestamp\": \"2026-09-24T06:58:54Z\", \"event_type\": \"ProcessCreate\", \"hostname\": \"ANURAGYADAV\", \"user\": \"anura\", \"process\": {\"pid\": 11684, \"name\": \"RuntimeBroker.exe\", \"cmdline\": \"RuntimeBroker.exe\", \"parent_name\": \"unknown\"}}", "timestamp": "2026-09-24T06:58:54Z", "hostname": "ANURAGYADAV", "user": "anura", "action": "processcreate", "event_id": "ProcessCreate", "message": "EDR ProcessCreate [proc=RuntimeBroker.exe, user=anura]", "severity": "info", "extra": {"process_name": "RuntimeBroker.exe", "process_pid": 11684, "cmdline": "RuntimeBroker.exe", "parent_process": "unknown", "event_type": "ProcessCreate"}}
{"log_type": "edr", "raw": "{\"timestamp\": \"2026-09-24T06:58:54Z\", \"event_type\": \"ProcessCreate\", \"hostname\": \"ANURAGYADAV\", \"user\": \"anura\", \"process\": {\"pid\": 18720, \"name\": \"RuntimeBroker.exe\", \"cmdline\": \"RuntimeBroker.exe\", \"parent_name\": \"unknown\"}}", "timestamp": "2026-09-24T06:58:54Z", "hostname": "ANURAGYADAV", "user": "anura", "action": "processcreate", "event_id": "ProcessCreate", "message": "EDR ProcessCreate [proc=RuntimeBroker.exe, user=anura]", "severity": "info", "extra": {"process_name": "RuntimeBroker.exe", "process_pid": 18720, "cmdline": "RuntimeBroker.exe", "parent_process": "unknown", "event_type": "ProcessCreate"}}
{"log_type": "edr", "raw": "{\"timestamp\": \"2026-09-24T06:58:54Z\", \"event_type\": \"ProcessCreate\", \"hostname\": \"ANURAGYADAV\", \"user\": \"anura\", \"process\": {\"pid\": 12800, \"name\": \"svchost.exe\", \"cmdline\": \"svchost.exe\", \"parent_name\": \"unknown\"}}", "timestamp": "2026-09-24T06:58:54Z", "hostname": "ANURAGYADAV", "user": "anura", "action": "processcreate", "event_id": "ProcessCreate", "message": "EDR ProcessCreate [proc=svchost.exe, user=anura]", "severity": "info", "extra": {"process_name": "svchost.exe", "process_pid": 12800, "cmdline": "svchost.exe", "parent_process": "unknown", "event_type": "ProcessCreate"}}
{"log_type": "edr", "raw": "{\"timestamp\": \"2026-09-24T06:58:54Z\", \"event_type\": \"ProcessCreate\", \"hostname\": \"ANURAGYADAV\", \"user\": \"anura\", \"process\": {\"pid\": 11932, \"name\": \"WindowsPackageManagerServer.exe\", \"cmdline\": \"WindowsPackageManagerServer.exe\", \"parent_name\": \"unknown\"}}", "timestamp": "2026-09-24T06:58:54Z", "hostname": "ANURAGYADAV", "user": "anura", "action": "processcreate", "event_id": "ProcessCreate", "message": "EDR ProcessCreate [proc=WindowsPackageManagerServer.exe, user=anura]", "severity": "info", "extra": {"process_name": "WindowsPackageManagerServer.exe", "process_pid": 11932, "cmdline": "WindowsPackageManagerServer.exe", "parent_process": "unknown", "event_type": "ProcessCreate"}}
{"log_type": "dns", "raw": "24-Sep-2026 06:58:54.000 queries: info: client @0x7f 127.0.0.1#53 (oneocsp.microsoft.com): query: oneocsp.microsoft.com IN A + (127.0.0.1)", "timestamp": "24-Sep-2026 06:58:54.000", "source_ip": "127.0.0.1", "source_port": 53, "protocol": "UDP", "action": "query", "message": "DNS query from 127.0.0.1: oneocsp.microsoft.com (A)", "severity": "info", "extra": {"query_name": "oneocsp.microsoft.com", "query_type": "A", "domain": "oneocsp.microsoft.com"}}
{"log_type": "dns", "raw": "24-Sep-2026 06:58:54.000 queries: info: client @0x7f 127.0.0.1#53 (storeedge.microsoft.com): query: storeedge.microsoft.com IN A + (127.0.0.1)", "timestamp": "24-Sep-2026 06:58:54.000", "source_ip": "127.0.0.1", "source_port": 53, "protocol": "UDP", "action": "query", "message": "DNS query from 127.0.0.1: storeedge.microsoft.com (A)", "severity": "info", "extra": {"query_name": "storeedge.microsoft.com", "query_type": "A", "domain": "storeedge.microsoft.com"}}
{"log_type": "dns", "raw": "24-Sep-2026 06:58:54.000 queries: info: client @0x7f 127.0.0.1#53 (arc.msn.com): query: arc.msn.com IN A + (127.0.0.1)", "timestamp": "24-Sep-2026 06:58:54.000", "source_ip": "127.0.0.1", "source_port": 53, "protocol": "UDP", "action": "query", "message": "DNS query from 127.0.0.1: arc.msn.com (A)", "severity": "info", "extra": {"query_name": "arc.msn.com", "query_type": "A", "domain": "arc.msn.com"}}
{"log_type": "dns", "raw": "24-Sep-2026 06:58:54.000 queries: info: client @0x7f 127.0.0.1#53 (storeedgefd.dsx.mp.microsoft.com): query: storeedgefd.dsx.mp.microsoft.com IN A + (127.0.0.1)", "timestamp": "24-Sep-2026 06:58:54.000", "source_ip": "127.0.0.1", "source_port": 53, "protocol": "UDP", "action": "query", "message": "DNS query from 127.0.0.1: storeedgefd.dsx.mp.microsoft.com (A)", "severity": "info", "extra": {"query_name": "storeedgefd.dsx.mp.microsoft.com", "query_type": "A", "domain": "storeedgefd.dsx.mp.microsoft.com"}}
{"log_type": "netflow", "raw": "{\"start\": \"2026-09-24T06:58:55Z\", \"src_ip\": \"10.0.64.63\", \"src_port\": 63539, \"dst_ip\": \"23.48.253.249\", \"dst_port\": 443, \"proto\": \"TCP\", \"bytes\": 0, \"packets\": 0, \"duration\": 0.0}", "timestamp": "2026-09-24T06:58:55Z", "source_ip": "10.0.64.63", "destination_ip": "23.48.253.249", "source_port": 63539, "destination_port": 443, "protocol": "TCP", "action": "connect", "message": "NetFlow: 10.0.64.63:63539 -> 23.48.253.249:443 [TCP] 0 bytes 0 pkts 0.0s", "severity": "info", "extra": {"bytes": 0, "packets": 0, "duration_sec": 0.0}}
{"log_type": "netflow", "raw": "{\"start\": \"2026-09-24T06:58:55Z\", \"src_ip\": \"10.0.64.63\", \"src_port\": 63534, \"dst_ip\": \"23.48.253.249\", \"dst_port\": 443, \"proto\": \"TCP\", \"bytes\": 0, \"packets\": 0, \"duration\": 0.0}", "timestamp": "2026-09-24T06:58:55Z", "source_ip": "10.0.64.63", "destination_ip": "23.48.253.249", "source_port": 63534, "destination_port": 443, "protocol": "TCP", "action": "connect", "message": "NetFlow: 10.0.64.63:63534 -> 23.48.253.249:443 [TCP] 0 bytes 0 pkts 0.0s", "severity": "info", "extra": {"bytes": 0, "packets": 0, "duration_sec": 0.0}}
{"log_type": "netflow", "raw": "{\"start\": \"2026-09-24T06:58:55Z\", \"src_ip\": \"10.0.64.63\", \"src_port\": 55522, \"dst_ip\": \"23.50.14.100\", \"dst_port\": 443, \"proto\": \"TCP\", \"bytes\": 0, \"packets\": 0, \"duration\": 0.0}", "timestamp": "2026-09-24T06:58:55Z", "source_ip": "10.0.64.63", "destination_ip": "23.50.14.100", "source_port": 55522, "destination_port": 443, "protocol": "TCP", "action": "connect", "message": "NetFlow: 10.0.64.63:55522 -> 23.50.14.100:443 [TCP] 0 bytes 0 pkts 0.0s", "severity": "info", "extra": {"bytes": 0, "packets": 0, "duration_sec": 0.0}}
{"log_type": "netflow", "raw": "{\"start\": \"2026-09-24T06:58:55Z\", \"src_ip\": \"10.0.64.63\", \"src_port\": 55521, \"dst_ip\": \"20.190.146.37\", \"dst_port\": 443, \"proto\": \"TCP\", \"bytes\": 0, \"packets\": 0, \"duration\": 0.0}", "timestamp": "2026-09-24T06:58:55Z", "source_ip": "10.0.64.63", "destination_ip": "20.190.146.37", "source_port": 55521, "destination_port": 443, "protocol": "TCP", "action": "connect", "message": "NetFlow: 10.0.64.63:55521 -> 20.190.146.37:443 [TCP] 0 bytes 0 pkts 0.0s", "severity": "info", "extra": {"bytes": 0, "packets": 0, "duration_sec": 0.0}}
{"log_type": "netflow", "raw": "{\"start\": \"2026-09-24T06:58:55Z\", \"src_ip\": \"10.0.64.63\", \"src_port\": 55520, \"dst_ip\": \"204.79.197.203\", \"dst_port\": 80, \"proto\": \"TCP\", \"bytes\": 0, \"packets\": 0, \"duration\": 0.0}", "timestamp": "2026-09-24T06:58:55Z", "source_ip": "10.0.64.63", "destination_ip": "204.79.197.203", "source_port": 55520, "destination_port": 80, "protocol": "TCP", "action": "connect", "message": "NetFlow: 10.0.64.63:55520 -> 204.79.197.203:80 [TCP] 0 bytes 0 pkts 0.0s", "severity": "info", "extra": {"bytes": 0, "packets": 0, "duration_sec": 0.0}}
{"log_type": "netflow", "raw": "{\"start\": \"2026-09-24T06:58:55Z\", \"src_ip\": \"10.0.64.63\", \"src_port\": 55519, \"dst_ip\": \"23.10.232.2\", \"dst_port\": 443, \"proto\": \"TCP\", \"bytes\": 0, \"packets\": 0, \"duration\": 0.0}", "timestamp": "2026-09-24T06:58:55Z", "source_ip": "10.0.64.63", "destination_ip": "23.10.232.2", "source_port": 55519, "destination_port": 443, "protocol": "TCP", "action": "connect", "message": "NetFlow: 10.0.64.63:55519 -> 23.10.232.2:443 [TCP] 0 bytes 0 pkts 0.0s", "severity": "info", "extra": {"bytes": 0, "packets": 0, "duration_sec": 0.0}}
{"log_type": "netflow", "raw": "{\"start\": \"2026-09-24T06:58:55Z\", \"src_ip\": \"10.0.64.63\", \"src_port\": 55518, \"dst_ip\": \"20.99.129.183\", \"dst_port\": 443, \"proto\": \"TCP\", \"bytes\": 0, \"packets\": 0, \"duration\": 0.0}", "timestamp": "2026-09-24T06:58:55Z", "source_ip": "10.0.64.63", "destination_ip": "20.99.129.183", "source_port": 55518, "destination_port": 443, "protocol": "TCP", "action": "connect", "message": "NetFlow: 10.0.64.63:55518 -> 20.99.129.183:443 [TCP] 0 bytes 0 pkts 0.0s", "severity": "info", "extra": {"bytes": 0, "packets": 0, "duration_sec": 0.0}}
{"log_type": "netflow", "raw": "{\"start\": \"2026-09-24T06:58:55Z\", \"src_ip\": \"10.0.64.63\", \"src_port\": 55517, \"dst_ip\": \"74.226.60.120\", \"dst_port\": 443, \"proto\": \"TCP\", \"bytes\": 0, \"packets\": 0, \"duration\": 0.0}", "timestamp": "2026-09-24T06:58:55Z", "source_ip": "10.0.64.63", "destination_ip": "74.226.60.120", "source_port": 55517, "destination_port": 443, "protocol": "TCP", "action": "connect", "message": "NetFlow: 10.0.64.63:55517 -> 74.226.60.120:443 [TCP] 0 bytes 0 pkts 0.0s", "severity": "info", "extra": {"bytes": 0, "packets": 0, "duration_sec": 0.0}}
{"log_type": "netflow", "raw": "{\"start\": \"2026-09-24T06:58:55Z\", \"src_ip\": \"10.0.64.63\", \"src_port\": 55515, \"dst_ip\": \"49.44.95.143\", \"dst_port\": 443, \"proto\": \"TCP\", \"bytes\": 0, \"packets\": 0, \"duration\": 0.0}", "timestamp": "2026-09-24T06:58:55Z", "source_ip": "10.0.64.63", "destination_ip": "49.44.95.143", "source_port": 55515, "destination_port": 443, "protocol": "TCP", "action": "connect", "message": "NetFlow: 10.0.64.63:55515 -> 49.44.95.143:443 [TCP] 0 bytes 0 pkts 0.0s", "severity": "info", "extra": {"bytes": 0, "packets": 0, "duration_sec": 0.0}}
{"log_type": "authentication", "raw": "<Event xmlns='http://schemas.microsoft.com/win/2004/08/events/event'><System><Provider Name='Microsoft-Windows-Security-Auditing' Guid='{54849625-5478-4994-a5ba-3e3b0328c30d}'/><EventID>4624</EventID><Version>3</Version><Level>0</Level><Task>12544</Task><Opcode>0</Opcode><Keywords>0x8020000000000000</Keywords><TimeCreated SystemTime='2026-09-24T06:50:35.7965548Z'/><EventRecordID>2734650</EventRecordID><Correlation ActivityID='{f8dd15b2-4bf0-0006-b71b-ddf8f04bdd01}'/><Execution ProcessID='1168' ThreadID='1220'/><Channel>Security</Channel><Computer>ANURAGYADAV</Computer><Security/></System><EventData><Data Name='SubjectUserSid'>S-1-5-18</Data><Data Name='SubjectUserName'>ANURAGYADAV$</Data><Data Name='SubjectDomainName'>WORKGROUP</Data><Data Name='SubjectLogonId'>0x3e7</Data><Data Name='TargetUserSid'>S-1-5-18</Data><Data Name='TargetUserName'>SYSTEM</Data><Data Name='TargetDomainName'>NT AUTHORITY</Data><Data Name='TargetLogonId'>0x3e7</Data><Data Name='LogonType'>5</Data><Data Name='LogonProcessName'>Advapi  </Data><Data Name='AuthenticationPackageName'>Negotiate</Data><Data Name='WorkstationName'>-</Data><Data Name='LogonGuid'>{00000000-0000-0000-0000-000000000000}</Data><Data Name='TransmittedServices'>-</Data><Data Name='LmPackageName'>-</Data><Data Name='KeyLength'>0</Data><Data Name='ProcessId'>0x474</Data><Data Name='ProcessName'>C:\\Windows\\System32\\services.exe</Data><Data Name='IpAddress'>-</Data><Data Name='IpPort'>-</Data><Data Name='ImpersonationLevel'>%%1833</Data><Data Name='RestrictedAdminMode'>-</Data><Data Name='RemoteCredentialGuard'>-</Data><Data Name='TargetOutboundUserName'>-</Data><Data Name='TargetOutboundDomainName'>-</Data><Data Name='VirtualAccount'>%%1843</Data><Data Name='TargetLinkedLogonId'>0x0</Data><Data Name='ElevatedToken'>%%1842</Data></EventData></Event>", "timestamp": "2026-09-24T06:59:00.000Z", "hostname": "", "event_id": "", "action": "event", "message": "Windows Event ", "severity": "info"}
{"log_type": "authentication", "raw": "<Event xmlns='http://schemas.microsoft.com/win/2004/08/events/event'><System><Provider Name='Microsoft-Windows-Security-Auditing' Guid='{54849625-5478-4994-a5ba-3e3b0328c30d}'/><EventID>4672</EventID><Version>0</Version><Level>0</Level><Task>12548</Task><Opcode>0</Opcode><Keywords>0x8020000000000000</Keywords><TimeCreated SystemTime='2026-09-24T06:50:35.7965627Z'/><EventRecordID>2734651</EventRecordID><Correlation ActivityID='{f8dd15b2-4bf0-0006-b71b-ddf8f04bdd01}'/><Execution ProcessID='1168' ThreadID='1220'/><Channel>Security</Channel><Computer>ANURAGYADAV</Computer><Security/></System><EventData><Data Name='SubjectUserSid'>S-1-5-18</Data><Data Name='SubjectUserName'>SYSTEM</Data><Data Name='SubjectDomainName'>NT AUTHORITY</Data><Data Name='SubjectLogonId'>0x3e7</Data><Data Name='PrivilegeList'>SeAssignPrimaryTokenPrivilege\n\t\t\tSeTcbPrivilege\n\t\t\tSeSecurityPrivilege\n\t\t\tSeTakeOwnershipPrivilege\n\t\t\tSeLoadDriverPrivilege\n\t\t\tSeBackupPrivilege\n\t\t\tSeRestorePrivilege\n\t\t\tSeDebugPrivilege\n\t\t\tSeAuditPrivilege\n\t\t\tSeSystemEnvironmentPrivilege\n\t\t\tSeImpersonatePrivilege\n\t\t\tSeDelegateSessionUserImpersonatePrivilege</Data></EventData></Event>", "timestamp": "2026-09-24T06:59:00.000Z", "hostname": "", "event_id": "", "action": "event", "message": "Windows Event ", "severity": "info"}
{"log_type": "authentication", "raw": "<Event xmlns='http://schemas.microsoft.com/win/2004/08/events/event'><System><Provider Name='Microsoft-Windows-Security-Auditing' Guid='{54849625-5478-4994-a5ba-3e3b0328c30d}'/><EventID>4624</EventID><Version>3</Version><Level>0</Level><Task>12544</Task><Opcode>0</Opcode><Keywords>0x8020000000000000</Keywords><TimeCreated SystemTime='2026-09-24T06:50:35.8381974Z'/><EventRecordID>2734652</EventRecordID><Correlation ActivityID='{f8dd15b2-4bf0-0006-b71b-ddf8f04bdd01}'/><Execution ProcessID='1168' ThreadID='1280'/><Channel>Security</Channel><Computer>ANURAGYADAV</Computer><Security/></System><EventData><Data Name='SubjectUserSid'>S-1-5-18</Data><Data Name='SubjectUserName'>ANURAGYADAV$</Data><Data Name='SubjectDomainName'>WORKGROUP</Data><Data Name='SubjectLogonId'>0x3e7</Data><Data Name='TargetUserSid'>S-1-5-18</Data><Data Name='TargetUserName'>SYSTEM</Data><Data Name='TargetDomainName'>NT AUTHORITY</Data><Data Name='TargetLogonId'>0x3e7</Data><Data Name='LogonType'>5</Data><Data Name='LogonProcessName'>Advapi  </Data><Data Name='AuthenticationPackageName'>Negotiate</Data><Data Name='WorkstationName'>-</Data><Data Name='LogonGuid'>{00000000-0000-0000-0000-000000000000}</Data><Data Name='TransmittedServices'>-</Data><Data Name='LmPackageName'>-</Data><Data Name='KeyLength'>0</Data><Data Name='ProcessId'>0x474</Data><Data Name='ProcessName'>C:\\Windows\\System32\\services.exe</Data><Data Name='IpAddress'>-</Data><Data Name='IpPort'>-</Data><Data Name='ImpersonationLevel'>%%1833</Data><Data Name='RestrictedAdminMode'>-</Data><Data Name='RemoteCredentialGuard'>-</Data><Data Name='TargetOutboundUserName'>-</Data><Data Name='TargetOutboundDomainName'>-</Data><Data Name='VirtualAccount'>%%1843</Data><Data Name='TargetLinkedLogonId'>0x0</Data><Data Name='ElevatedToken'>%%1842</Data></EventData></Event>", "timestamp": "2026-09-24T06:59:00.000Z", "hostname": "", "event_id": "", "action": "event", "message": "Windows Event ", "severity": "info"}
{"log_type": "authentication", "raw": "<Event xmlns='http://schemas.microsoft.com/win/2004/08/events/event'><System><Provider Name='Microsoft-Windows-Security-Auditing' Guid='{54849625-5478-4994-a5ba-3e3b0328c30d}'/><EventID>4672</EventID><Version>0</Version><Level>0</Level><Task>12548</Task><Opcode>0</Opcode><Keywords>0x8020000000000000</Keywords><TimeCreated SystemTime='2026-09-24T06:50:35.8382098Z'/><EventRecordID>2734653</EventRecordID><Correlation ActivityID='{f8dd15b2-4bf0-0006-b71b-ddf8f04bdd01}'/><Execution ProcessID='1168' ThreadID='1280'/><Channel>Security</Channel><Computer>ANURAGYADAV</Computer><Security/></System><EventData><Data Name='SubjectUserSid'>S-1-5-18</Data><Data Name='SubjectUserName'>SYSTEM</Data><Data Name='SubjectDomainName'>NT AUTHORITY</Data><Data Name='SubjectLogonId'>0x3e7</Data><Data Name='PrivilegeList'>SeAssignPrimaryTokenPrivilege\n\t\t\tSeTcbPrivilege\n\t\t\tSeSecurityPrivilege\n\t\t\tSeTakeOwnershipPrivilege\n\t\t\tSeLoadDriverPrivilege\n\t\t\tSeBackupPrivilege\n\t\t\tSeRestorePrivilege\n\t\t\tSeDebugPrivilege\n\t\t\tSeAuditPrivilege\n\t\t\tSeSystemEnvironmentPrivilege\n\t\t\tSeImpersonatePrivilege\n\t\t\tSeDelegateSessionUserImpersonatePrivilege</Data></EventData></Event>", "timestamp": "2026-09-24T06:59:00.000Z", "hostname": "", "event_id": "", "action": "event", "message": "Windows Event ", "severity": "info"}
{"log_type": "authentication", "raw": "<Event xmlns='http://schemas.microsoft.com/win/2004/08/events/event'><System><Provider Name='Microsoft-Windows-Security-Auditing' Guid='{54849625-5478-4994-a5ba-3e3b0328c30d}'/><EventID>4624</EventID><Version>3</Version><Level>0</Level><Task>12544</Task><Opcode>0</Opcode><Keywords>0x8020000000000000</Keywords><TimeCreated SystemTime='2026-09-24T06:50:35.8446626Z'/><EventRecordID>2734654</EventRecordID><Correlation ActivityID='{f8dd15b2-4bf0-0006-b71b-ddf8f04bdd01}'/><Execution ProcessID='1168' ThreadID='1280'/><Channel>Security</Channel><Computer>ANURAGYADAV</Computer><Security/></System><EventData><Data Name='SubjectUserSid'>S-1-5-18</Data><Data Name='SubjectUserName'>ANURAGYADAV$</Data><Data Name='SubjectDomainName'>WORKGROUP</Data><Data Name='SubjectLogonId'>0x3e7</Data><Data Name='TargetUserSid'>S-1-5-18</Data><Data Name='TargetUserName'>SYSTEM</Data><Data Name='TargetDomainName'>NT AUTHORITY</Data><Data Name='TargetLogonId'>0x3e7</Data><Data Name='LogonType'>5</Data><Data Name='LogonProcessName'>Advapi  </Data><Data Name='AuthenticationPackageName'>Negotiate</Data><Data Name='WorkstationName'>-</Data><Data Name='LogonGuid'>{00000000-0000-0000-0000-000000000000}</Data><Data Name='TransmittedServices'>-</Data><Data Name='LmPackageName'>-</Data><Data Name='KeyLength'>0</Data><Data Name='ProcessId'>0x474</Data><Data Name='ProcessName'>C:\\Windows\\System32\\services.exe</Data><Data Name='IpAddress'>-</Data><Data Name='IpPort'>-</Data><Data Name='ImpersonationLevel'>%%1833</Data><Data Name='RestrictedAdminMode'>-</Data><Data Name='RemoteCredentialGuard'>-</Data><Data Name='TargetOutboundUserName'>-</Data><Data Name='TargetOutboundDomainName'>-</Data><Data Name='VirtualAccount'>%%1843</Data><Data Name='TargetLinkedLogonId'>0x0</Data><Data Name='ElevatedToken'>%%1842</Data></EventData></Event>", "timestamp": "2026-09-24T06:59:00.000Z", "hostname": "", "event_id": "", "action": "event", "message": "Windows Event ", "severity": "info"}
{"log_type": "authentication", "raw": "<Event xmlns='http://schemas.microsoft.com/win/2004/08/events/event'><System><Provider Name='Microsoft-Windows-Security-Auditing' Guid='{54849625-5478-4994-a5ba-3e3b0328c30d}'/><EventID>4624</EventID><Version>3</Version><Level>0</Level><Task>12544</Task><Opcode>0</Opcode><Keywords>0x8020000000000000</Keywords><TimeCreated SystemTime='2026-09-24T06:50:35.8446649Z'/><EventRecordID>2734655</EventRecordID><Correlation ActivityID='{f8dd15b2-4bf0-0006-b71b-ddf8f04bdd01}'/><Execution ProcessID='1168' ThreadID='1292'/><Channel>Security</Channel><Computer>ANURAGYADAV</Computer><Security/></System><EventData><Data Name='SubjectUserSid'>S-1-5-18</Data><Data Name='SubjectUserName'>ANURAGYADAV$</Data><Data Name='SubjectDomainName'>WORKGROUP</Data><Data Name='SubjectLogonId'>0x3e7</Data><Data Name='TargetUserSid'>S-1-5-18</Data><Data Name='TargetUserName'>SYSTEM</Data><Data Name='TargetDomainName'>NT AUTHORITY</Data><Data Name='TargetLogonId'>0x3e7</Data><Data Name='LogonType'>5</Data><Data Name='LogonProcessName'>Advapi  </Data><Data Name='AuthenticationPackageName'>Negotiate</Data><Data Name='WorkstationName'>-</Data><Data Name='LogonGuid'>{00000000-0000-0000-0000-000000000000}</Data><Data Name='TransmittedServices'>-</Data><Data Name='LmPackageName'>-</Data><Data Name='KeyLength'>0</Data><Data Name='ProcessId'>0x474</Data><Data Name='ProcessName'>C:\\Windows\\System32\\services.exe</Data><Data Name='IpAddress'>-</Data><Data Name='IpPort'>-</Data><Data Name='ImpersonationLevel'>%%1833</Data><Data Name='RestrictedAdminMode'>-</Data><Data Name='RemoteCredentialGuard'>-</Data><Data Name='TargetOutboundUserName'>-</Data><Data Name='TargetOutboundDomainName'>-</Data><Data Name='VirtualAccount'>%%1843</Data><Data Name='TargetLinkedLogonId'>0x0</Data><Data Name='ElevatedToken'>%%1842</Data></EventData></Event>", "timestamp": "2026-09-24T06:59:00.000Z", "hostname": "", "event_id": "", "action": "event", "message": "Windows Event ", "severity": "info"}
{"log_type": "authentication", "raw": "<Event xmlns='http://schemas.microsoft.com/win/2004/08/events/event'><System><Provider Name='Microsoft-Windows-Security-Auditing' Guid='{54849625-5478-4994-a5ba-3e3b0328c30d}'/><EventID>4672</EventID><Version>0</Version><Level>0</Level><Task>12548</Task><Opcode>0</Opcode><Keywords>0x8020000000000000</Keywords><TimeCreated SystemTime='2026-09-24T06:50:35.8446757Z'/><EventRecordID>2734656</EventRecordID><Correlation ActivityID='{f8dd15b2-4bf0-0006-b71b-ddf8f04bdd01}'/><Execution ProcessID='1168' ThreadID='1280'/><Channel>Security</Channel><Computer>ANURAGYADAV</Computer><Security/></System><EventData><Data Name='SubjectUserSid'>S-1-5-18</Data><Data Name='SubjectUserName'>SYSTEM</Data><Data Name='SubjectDomainName'>NT AUTHORITY</Data><Data Name='SubjectLogonId'>0x3e7</Data><Data Name='PrivilegeList'>SeAssignPrimaryTokenPrivilege\n\t\t\tSeTcbPrivilege\n\t\t\tSeSecurityPrivilege\n\t\t\tSeTakeOwnershipPrivilege\n\t\t\tSeLoadDriverPrivilege\n\t\t\tSeBackupPrivilege\n\t\t\tSeRestorePrivilege\n\t\t\tSeDebugPrivilege\n\t\t\tSeAuditPrivilege\n\t\t\tSeSystemEnvironmentPrivilege\n\t\t\tSeImpersonatePrivilege\n\t\t\tSeDelegateSessionUserImpersonatePrivilege</Data></EventData></Event>", "timestamp": "2026-09-24T06:59:00.000Z", "hostname": "", "event_id": "", "action": "event", "message": "Windows Event ", "severity": "info"}
