{"log_type": "authentication", "raw": "<Event xmlns='http://schemas.microsoft.com/win/2004/08/events/event'><System><Provider Name='Microsoft-Windows-Security-Auditing' Guid='{54849625-5478-4994-a5ba-3e3b0328c30d}'/><EventID>4624</EventID><Version>3</Version><Level>0</Level><Task>12544</Task><Opcode>0</Opcode><Keywords>0x8020000000000000</Keywords><TimeCreated SystemTime='2026-09-23T16:30:05.7592955Z'/><EventRecordID>2734314</EventRecordID><Correlation ActivityID='{91197e41-4b03-0002-5f84-1991034bdd01}'/><Execution ProcessID='1160' ThreadID='1280'/><Channel>Security</Channel><Computer>ANURAGYADAV</Computer><Security/></System><EventData><Data Name='SubjectUserSid'>S-1-5-18</Data><Data Name='SubjectUserName'>ANURAGYADAV$</Data><Data Name='SubjectDomainName'>WORKGROUP</Data><Data Name='SubjectLogonId'>0x3e7</Data><Data Name='TargetUserSid'>S-1-5-18</Data><Data Name='TargetUserName'>SYSTEM</Data><Data Name='TargetDomainName'>NT AUTHORITY</Data><Data Name='TargetLogonId'>0x3e7</Data><Data Name='LogonType'>5</Data><Data Name='LogonProcessName'>Advapi  </Data><Data Name='AuthenticationPackageName'>Negotiate</Data><Data Name='WorkstationName'>-</Data><Data Name='LogonGuid'>{00000000-0000-0000-0000-000000000000}</Data><Data Name='TransmittedServices'>-</Data><Data Name='LmPackageName'>-</Data><Data Name='KeyLength'>0</Data><Data Name='ProcessId'>0x468</Data><Data Name='ProcessName'>C:\\Windows\\System32\\services.exe</Data><Data Name='IpAddress'>-</Data><Data Name='IpPort'>-</Data><Data Name='ImpersonationLevel'>%%1833</Data><Data Name='RestrictedAdminMode'>-</Data><Data Name='RemoteCredentialGuard'>-</Data><Data Name='TargetOutboundUserName'>-</Data><Data Name='TargetOutboundDomainName'>-</Data><Data Name='VirtualAccount'>%%1843</Data><Data Name='TargetLinkedLogonId'>0x0</Data><Data Name='ElevatedToken'>%%1842</Data></EventData></Event>", "timestamp": "2026-09-24T06:58:36.000Z", "hostname": "", "event_id": "", "action": "event", "message": "Windows Event ", "severity": "info"}
{"log_type": "authentication", "raw": "<Event xmlns='http://schemas.microsoft.com/win/2004/08/events/event'><System><Provider Name='Microsoft-Windows-Security-Auditing' Guid='{54849625-5478-4994-a5ba-3e3b0328c30d}'/><EventID>4672</EventID><Version>0</Version><Level>0</Level><Task>12548</Task><Opcode>0</Opcode><Keywords>0x8020000000000000</Keywords><TimeCreated SystemTime='2026-09-23T16:30:05.7593197Z'/><EventRecordID>2734315</EventRecordID><Correlation ActivityID='{91197e41-4b03-0002-5f84-1991034bdd01}'/><Execution ProcessID='1160' ThreadID='1280'/><Channel>Security</Channel><Computer>ANURAGYADAV</Computer><Security/></System><EventData><Data Name='SubjectUserSid'>S-1-5-18</Data><Data Name='SubjectUserName'>SYSTEM</Data><Data Name='SubjectDomainName'>NT AUTHORITY</Data><Data Name='SubjectLogonId'>0x3e7</Data><Data Name='PrivilegeList'>SeAssignPrimaryTokenPrivilege\n\t\t\tSeTcbPrivilege\n\t\t\tSeSecurityPrivilege\n\t\t\tSeTakeOwnershipPrivilege\n\t\t\tSeLoadDriverPrivilege\n\t\t\tSeBackupPrivilege\n\t\t\tSeRestorePrivilege\n\t\t\tSeDebugPrivilege\n\t\t\tSeAuditPrivilege\n\t\t\tSeSystemEnvironmentPrivilege\n\t\t\tSeImpersonatePrivilege\n\t\t\tSeDelegateSessionUserImpersonatePrivilege</Data></EventData></Event>", "timestamp": "2026-09-24T06:58:36.000Z", "hostname": "", "event_id": "", "action": "event", "message": "Windows Event ", "severity": "info"}
{"log_type": "authentication", "raw": "<Event xmlns='http://schemas.microsoft.com/win/2004/08/events/event'><System><Provider Name='Microsoft-Windows-Security-Auditing' Guid='{54849625-5478-4994-a5ba-3e3b0328c30d}'/><EventID>4624</EventID><Version>3</Version><Level>0</Level><Task>12544</Task><Opcode>0</Opcode><Keywords>0x8020000000000000</Keywords><TimeCreated SystemTime='2026-09-23T16:42:45.6877956Z'/><EventRecordID>2734317</EventRecordID><Correlation ActivityID='{91197e41-4b03-0002-5f84-1991034bdd01}'/><Execution ProcessID='1160' ThreadID='9776'/><Channel>Security</Channel><Computer>ANURAGYADAV</Computer><Security/></System><EventData><Data Name='SubjectUserSid'>S-1-5-18</Data><Data Name='SubjectUserName'>ANURAGYADAV$</Data><Data Name='SubjectDomainName'>WORKGROUP</Data><Data Name='SubjectLogonId'>0x3e7</Data><Data Name='TargetUserSid'>S-1-5-18</Data><Data Name='TargetUserName'>SYSTEM</Data><Data Name='TargetDomainName'>NT AUTHORITY</Data><Data Name='TargetLogonId'>0x3e7</Data><Data Name='LogonType'>5</Data><Data Name='LogonProcessName'>Advapi  </Data><Data Name='AuthenticationPackageName'>Negotiate</Data><Data Name='WorkstationName'>-</Data><Data Name='LogonGuid'>{00000000-0000-0000-0000-000000000000}</Data><Data Name='TransmittedServices'>-</Data><Data Name='LmPackageName'>-</Data><Data Name='KeyLength'>0</Data><Data Name='ProcessId'>0x468</Data><Data Name='ProcessName'>C:\\Windows\\System32\\services.exe</Data><Data Name='IpAddress'>-</Data><Data Name='IpPort'>-</Data><Data Name='ImpersonationLevel'>%%1833</Data><Data Name='RestrictedAdminMode'>-</Data><Data Name='RemoteCredentialGuard'>-</Data><Data Name='TargetOutboundUserName'>-</Data><Data Name='TargetOutboundDomainName'>-</Data><Data Name='VirtualAccount'>%%1843</Data><Data Name='TargetLinkedLogonId'>0x0</Data><Data Name='ElevatedToken'>%%1842</Data></EventData></Event>", "timestamp": "2026-09-24T06:58:36.000Z", "hostname": "", "event_id": "", "action": "event", "message": "Windows Event ", "severity": "info"}
{"log_type": "authentication", "raw": "<Event xmlns='http://schemas.microsoft.com/win/2004/08/events/event'><System><Provider Name='Microsoft-Windows-Security-Auditing' Guid='{54849625-5478-4994-a5ba-3e3b0328c30d}'/><EventID>4672</EventID><Version>0</Version><Level>0</Level><Task>12548</Task><Opcode>0</Opcode><Keywords>0x8020000000000000</Keywords><TimeCreated SystemTime='2026-09-23T16:42:45.6878217Z'/><EventRecordID>2734318</EventRecordID><Correlation ActivityID='{91197e41-4b03-0002-5f84-1991034bdd01}'/><Execution ProcessID='1160' ThreadID='9776'/><Channel>Security</Channel><Computer>ANURAGYADAV</Computer><Security/></System><EventData><Data Name='SubjectUserSid'>S-1-5-18</Data><Data Name='SubjectUserName'>SYSTEM</Data><Data Name='SubjectDomainName'>NT AUTHORITY</Data><Data Name='SubjectLogonId'>0x3e7</Data><Data Name='PrivilegeList'>SeAssignPrimaryTokenPrivilege\n\t\t\tSeTcbPrivilege\n\t\t\tSeSecurityPrivilege\n\t\t\tSeTakeOwnershipPrivilege\n\t\t\tSeLoadDriverPrivilege\n\t\t\tSeBackupPrivilege\n\t\t\tSeRestorePrivilege\n\t\t\tSeDebugPrivilege\n\t\t\tSeAuditPrivilege\n\t\t\tSeSystemEnvironmentPrivilege\n\t\t\tSeImpersonatePrivilege\n\t\t\tSeDelegateSessionUserImpersonatePrivilege</Data></EventData></Event>", "timestamp": "2026-09-24T06:58:36.000Z", "hostname": "", "event_id": "", "action": "event", "message": "Windows Event ", "severity": "info"}
{"log_type": "authentication", "raw": "<Event xmlns='http://schemas.microsoft.com/win/2004/08/events/event'><System><Provider Name='Microsoft-Windows-Security-Auditing' Guid='{54849625-5478-4994-a5ba-3e3b0328c30d}'/><EventID>4624</EventID><Version>3</Version><Level>0</Level><Task>12544</Task><Opcode>0</Opcode><Keywords>0x8020000000000000</Keywords><TimeCreated SystemTime='2026-09-23T16:42:55.1551750Z'/><EventRecordID>2734348</EventRecordID><Correlation ActivityID='{91197e41-4b03-0002-5f84-1991034bdd01}'/><Execution ProcessID='1160' ThreadID='22300'/><Channel>Security</Channel><Computer>ANURAGYADAV</Computer><Security/></System><EventData><Data Name='SubjectUserSid'>S-1-5-18</Data><Data Name='SubjectUserName'>ANURAGYADAV$</Data><Data Name='SubjectDomainName'>WORKGROUP</Data><Data Name='SubjectLogonId'>0x3e7</Data><Data Name='TargetUserSid'>S-1-5-18</Data><Data Name='TargetUserName'>SYSTEM</Data><Data Name='TargetDomainName'>NT AUTHORITY</Data><Data Name='TargetLogonId'>0x3e7</Data><Data Name='LogonType'>5</Data><Data Name='LogonProcessName'>Advapi  </Data><Data Name='AuthenticationPackageName'>Negotiate</Data><Data Name='WorkstationName'>-</Data><Data Name='LogonGuid'>{00000000-0000-0000-0000-000000000000}</Data><Data Name='TransmittedServices'>-</Data><Data Name='LmPackageName'>-</Data><Data Name='KeyLength'>0</Data><Data Name='ProcessId'>0x468</Data><Data Name='ProcessName'>C:\\Windows\\System32\\services.exe</Data><Data Name='IpAddress'>-</Data><Data Name='IpPort'>-</Data><Data Name='ImpersonationLevel'>%%1833</Data><Data Name='RestrictedAdminMode'>-</Data><Data Name='RemoteCredentialGuard'>-</Data><Data Name='TargetOutboundUserName'>-</Data><Data Name='TargetOutboundDomainName'>-</Data><Data Name='VirtualAccount'>%%1843</Data><Data Name='TargetLinkedLogonId'>0x0</Data><Data Name='ElevatedToken'>%%1842</Data></EventData></Event>", "timestamp": "2026-09-24T06:58:36.000Z", "hostname": "", "event_id": "", "action": "event", "message": "Windows Event ", "severity": "info"}
{"log_type": "authentication", "raw": "<Event xmlns='http://schemas.microsoft.com/win/2004/08/events/event'><System><Provider Name='Microsoft-Windows-Security-Auditing' Guid='{54849625-5478-4994-a5ba-3e3b0328c30d}'/><EventID>4672</EventID><Version>0</Version><Level>0</Level><Task>12548</Task><Opcode>0</Opcode><Keywords>0x8020000000000000</Keywords><TimeCreated SystemTime='2026-09-23T16:42:55.1551881Z'/><EventRecordID>2734349</EventRecordID><Correlation ActivityID='{91197e41-4b03-0002-5f84-1991034bdd01}'/><Execution ProcessID='1160' ThreadID='22300'/><Channel>Security</Channel><Computer>ANURAGYADAV</Computer><Security/></System><EventData><Data Name='SubjectUserSid'>S-1-5-18</Data><Data Name='SubjectUserName'>SYSTEM</Data><Data Name='SubjectDomainName'>NT AUTHORITY</Data><Data Name='SubjectLogonId'>0x3e7</Data><Data Name='PrivilegeList'>SeAssignPrimaryTokenPrivilege\n\t\t\tSeTcbPrivilege\n\t\t\tSeSecurityPrivilege\n\t\t\tSeTakeOwnershipPrivilege\n\t\t\tSeLoadDriverPrivilege\n\t\t\tSeBackupPrivilege\n\t\t\tSeRestorePrivilege\n\t\t\tSeDebugPrivilege\n\t\t\tSeAuditPrivilege\n\t\t\tSeSystemEnvironmentPrivilege\n\t\t\tSeImpersonatePrivilege\n\t\t\tSeDelegateSessionUserImpersonatePrivilege</Data></EventData></Event>", "timestamp": "2026-09-24T06:58:36.000Z", "hostname": "", "event_id": "", "action": "event", "message": "Windows Event ", "severity": "info"}
{"log_type": "firewall", "raw": "Sep 24 12:28:02 FIREWALL kernel: [UFW ALLOW] IN=eth0 OUT= SRC=10.0.64.63 DST=172.31.0.17 PROTO=UDP SPT=52549 DPT=53", "timestamp": "2026-09-24T12:28:02.000Z", "hostname": "FIREWALL", "action": "allow", "source_ip": "10.0.64.63", "destination_ip": "172.31.0.17", "protocol": "UDP", "source_port": 52549, "destination_port": 53, "message": "Firewall allowed UDP 10.0.64.63 -> 172.31.0.17:53", "severity": "info", "extra": {"interface": "unknown"}}
{"log_type": "firewall", "raw": "Sep 24 12:28:02 FIREWALL kernel: [UFW ALLOW] IN=eth0 OUT= SRC=10.0.64.63 DST=4.240.189.72 PROTO=TCP SPT=50432 DPT=80", "timestamp": "2026-09-24T12:28:02.000Z", "hostname": "FIREWALL", "action": "allow", "source_ip": "10.0.64.63", "destination_ip": "4.240.189.72", "protocol": "TCP", "source_port": 50432, "destination_port": 80, "message": "Firewall allowed TCP 10.0.64.63 -> 4.240.189.72:80", "severity": "info", "extra": {"interface": "unknown"}}
{"log_type": "firewall", "raw": "Sep 24 12:28:07 FIREWALL kernel: [UFW ALLOW] IN=eth0 OUT= SRC=10.0.64.63 DST=8.8.8.8 PROTO=UDP SPT=52549 DPT=53", "timestamp": "2026-09-24T12:28:07.000Z", "hostname": "FIREWALL", "action": "allow", "source_ip": "10.0.64.63", "destination_ip": "8.8.8.8", "protocol": "UDP", "source_port": 52549, "destination_port": 53, "message": "Firewall allowed UDP 10.0.64.63 -> 8.8.8.8:53", "severity": "info", "extra": {"interface": "unknown"}}
{"log_type": "firewall", "raw": "Sep 24 12:28:08 FIREWALL kernel: [UFW ALLOW] IN=eth0 OUT= SRC=10.0.64.63 DST=57.155.142.104 PROTO=TCP SPT=50434 DPT=443", "timestamp": "2026-09-24T12:28:08.000Z", "hostname": "FIREWALL", "action": "allow", "source_ip": "10.0.64.63", "destination_ip": "57.155.142.104", "protocol": "TCP", "source_port": 50434, "destination_port": 443, "message": "Firewall allowed TCP 10.0.64.63 -> 57.155.142.104:443", "severity": "info", "extra": {"interface": "unknown"}}
{"log_type": "firewall", "raw": "Sep 24 12:28:18 FIREWALL kernel: [UFW ALLOW] IN=eth0 OUT= SRC=10.0.64.63 DST=151.101.106.172 PROTO=TCP SPT=50433 DPT=80", "timestamp": "2026-09-24T12:28:18.000Z", "hostname": "FIREWALL", "action": "allow", "source_ip": "10.0.64.63", "destination_ip": "151.101.106.172", "protocol": "TCP", "source_port": 50433, "destination_port": 80, "message": "Firewall allowed TCP 10.0.64.63 -> 151.101.106.172:80", "severity": "info", "extra": {"interface": "unknown"}}
{"log_type": "firewall", "raw": "Sep 24 12:28:18 FIREWALL kernel: [UFW ALLOW] IN=eth0 OUT= SRC=10.0.64.63 DST=4.240.189.72 PROTO=TCP SPT=50435 DPT=80", "timestamp": "2026-09-24T12:28:18.000Z", "hostname": "FIREWALL", "action": "allow", "source_ip": "10.0.64.63", "destination_ip": "4.240.189.72", "protocol": "TCP", "source_port": 50435, "destination_port": 80, "message": "Firewall allowed TCP 10.0.64.63 -> 4.240.189.72:80", "severity": "info", "extra": {"interface": "unknown"}}
{"log_type": "firewall", "raw": "Sep 24 12:28:22 FIREWALL kernel: [UFW ALLOW] IN=eth0 OUT= SRC=10.0.64.63 DST=172.31.0.17 PROTO=UDP SPT=56493 DPT=53", "timestamp": "2026-09-24T12:28:22.000Z", "hostname": "FIREWALL", "action": "allow", "source_ip": "10.0.64.63", "destination_ip": "172.31.0.17", "protocol": "UDP", "source_port": 56493, "destination_port": 53, "message": "Firewall allowed UDP 10.0.64.63 -> 172.31.0.17:53", "severity": "info", "extra": {"interface": "unknown"}}
{"log_type": "firewall", "raw": "Sep 24 12:28:22 FIREWALL kernel: [UFW ALLOW] IN=eth0 OUT= SRC=10.0.64.63 DST=23.48.253.249 PROTO=TCP SPT=50436 DPT=443", "timestamp": "2026-09-24T12:28:22.000Z", "hostname": "FIREWALL", "action": "allow", "source_ip": "10.0.64.63", "destination_ip": "23.48.253.249", "protocol": "TCP", "source_port": 50436, "destination_port": 443, "message": "Firewall allowed TCP 10.0.64.63 -> 23.48.253.249:443", "severity": "info", "extra": {"interface": "unknown"}}
{"log_type": "firewall", "raw": "Sep 24 12:28:22 FIREWALL kernel: [UFW ALLOW] IN=eth0 OUT= SRC=10.0.64.63 DST=4.240.189.72 PROTO=TCP SPT=50437 DPT=80", "timestamp": "2026-09-24T12:28:22.000Z", "hostname": "FIREWALL", "action": "allow", "source_ip": "10.0.64.63", "destination_ip": "4.240.189.72", "protocol": "TCP", "source_port": 50437, "destination_port": 80, "message": "Firewall allowed TCP 10.0.64.63 -> 4.240.189.72:80", "severity": "info", "extra": {"interface": "unknown"}}
{"log_type": "firewall", "raw": "Sep 24 12:28:23 FIREWALL kernel: [UFW ALLOW] IN=eth0 OUT= SRC=10.0.64.63 DST=4.240.189.72 PROTO=TCP SPT=50438 DPT=80", "timestamp": "2026-09-24T12:28:23.000Z", "hostname": "FIREWALL", "action": "allow", "source_ip": "10.0.64.63", "destination_ip": "4.240.189.72", "protocol": "TCP", "source_port": 50438, "destination_port": 80, "message": "Firewall allowed TCP 10.0.64.63 -> 4.240.189.72:80", "severity": "info", "extra": {"interface": "unknown"}}
{"log_type": "dns", "raw": "24-Sep-2026 06:58:40.000 queries: info: client @0x7f 127.0.0.1#53 (edgedl.me.gvt1.com): query: edgedl.me.gvt1.com IN A + (127.0.0.1)", "timestamp": "24-Sep-2026 06:58:40.000", "source_ip": "127.0.0.1", "source_port": 53, "protocol": "UDP", "action": "query", "message": "DNS query from 127.0.0.1: edgedl.me.gvt1.com (A)", "severity": "info", "extra": {"query_name": "edgedl.me.gvt1.com", "query_type": "A", "domain": "edgedl.me.gvt1.com"}}
{"log_type": "dns", "raw": "24-Sep-2026 06:58:40.000 queries: info: client @0x7f 127.0.0.1#53 (geover.prod.do.dsp.mp.microsoft.com): query: geover.prod.do.dsp.mp.microsoft.com IN A + (127.0.0.1)", "timestamp": "24-Sep-2026 06:58:40.000", "source_ip": "127.0.0.1", "source_port": 53, "protocol": "UDP", "action": "query", "message": "DNS query from 127.0.0.1: geover.prod.do.dsp.mp.microsoft.com (A)", "severity": "info", "extra": {"query_name": "geover.prod.do.dsp.mp.microsoft.com", "query_type": "A", "domain": "geover.prod.do.dsp.mp.microsoft.com"}}
{"log_type": "dns", "raw": "24-Sep-2026 06:58:40.000 queries: info: client @0x7f 127.0.0.1#53 (anuragyadav.mshome.net): query: anuragyadav.mshome.net IN A + (127.0.0.1)", "timestamp": "24-Sep-2026 06:58:40.000", "source_ip": "127.0.0.1", "source_port": 53, "protocol": "UDP", "action": "query", "message": "DNS query from 127.0.0.1: anuragyadav.mshome.net (A)", "severity": "info", "extra": {"query_name": "anuragyadav.mshome.net", "query_type": "A", "domain": "anuragyadav.mshome.net"}}
{"log_type": "dns", "raw": "24-Sep-2026 06:58:40.000 queries: info: client @0x7f 127.0.0.1#53 (client.wns.windows.com): query: client.wns.windows.com IN A + (127.0.0.1)", "timestamp": "24-Sep-2026 06:58:40.000", "source_ip": "127.0.0.1", "source_port": 53, "protocol": "UDP", "action": "query", "message": "DNS query from 127.0.0.1: client.wns.windows.com (A)", "severity": "info", "extra": {"query_name": "client.wns.windows.com", "query_type": "A", "domain": "client.wns.windows.com"}}
{"log_type": "dns", "raw": "24-Sep-2026 06:58:40.000 queries: info: client @0x7f 127.0.0.1#53 (1.137.168.2.in-addr.arpa): query: 1.137.168.2.in-addr.arpa IN A + (127.0.0.1)", "timestamp": "24-Sep-2026 06:58:40.000", "source_ip": "127.0.0.1", "source_port": 53, "protocol": "UDP", "action": "query", "message": "DNS query from 127.0.0.1: 1.137.168.2.in-addr.arpa (A)", "severity": "info", "extra": {"query_name": "1.137.168.2.in-addr.arpa", "query_type": "A", "domain": "1.137.168.2.in-addr.arpa"}}
{"log_type": "dns", "raw": "24-Sep-2026 06:58:40.000 queries: info: client @0x7f 127.0.0.1#53 (f.c2r.ts.cdn.office.net): query: f.c2r.ts.cdn.office.net IN A + (127.0.0.1)", "timestamp": "24-Sep-2026 06:58:40.000", "source_ip": "127.0.0.1", "source_port": 53, "protocol": "UDP", "action": "query", "message": "DNS query from 127.0.0.1: f.c2r.ts.cdn.office.net (A)", "severity": "info", "extra": {"query_name": "f.c2r.ts.cdn.office.net", "query_type": "A", "domain": "f.c2r.ts.cdn.office.net"}}
{"log_type": "dns", "raw": "24-Sep-2026 06:58:40.000 queries: info: client @0x7f 127.0.0.1#53 (login.live.com): query: login.live.com IN A + (127.0.0.1)", "timestamp": "24-Sep-2026 06:58:40.000", "source_ip": "127.0.0.1", "source_port": 53, "protocol": "UDP", "action": "query", "message": "DNS query from 127.0.0.1: login.live.com (A)", "severity": "info", "extra": {"query_name": "login.live.com", "query_type": "A", "domain": "login.live.com"}}
{"log_type": "dns", "raw": "24-Sep-2026 06:58:40.000 queries: info: client @0x7f 127.0.0.1#53 (cp801.prod.do.dsp.mp.microsoft.com): query: cp801.prod.do.dsp.mp.microsoft.com IN A + (127.0.0.1)", "timestamp": "24-Sep-2026 06:58:40.000", "source_ip": "127.0.0.1", "source_port": 53, "protocol": "UDP", "action": "query", "message": "DNS query from 127.0.0.1: cp801.prod.do.dsp.mp.microsoft.com (A)", "severity": "info", "extra": {"query_name": "cp801.prod.do.dsp.mp.microsoft.com", "query_type": "A", "domain": "cp801.prod.do.dsp.mp.microsoft.com"}}
{"log_type": "edr", "raw": "{\"timestamp\": \"2026-09-24T06:58:42Z\", \"event_type\": \"ProcessCreate\", \"hostname\": \"ANURAGYADAV\", \"user\": \"anura\", \"process\": {\"pid\": 2704, \"name\": \"backgroundTaskHost.exe\", \"cmdline\": \"backgroundTaskHost.exe\", \"parent_name\": \"unknown\"}}", "timestamp": "2026-09-24T06:58:42Z", "hostname": "ANURAGYADAV", "user": "anura", "action": "processcreate", "event_id": "ProcessCreate", "message": "EDR ProcessCreate [proc=backgroundTaskHost.exe, user=anura]", "severity": "info", "extra": {"process_name": "backgroundTaskHost.exe", "process_pid": 2704, "cmdline": "backgroundTaskHost.exe", "parent_process": "unknown", "event_type": "ProcessCreate"}}
{"log_type": "edr", "raw": "{\"timestamp\": \"2026-09-24T06:58:42Z\", \"event_type\": \"ProcessCreate\", \"hostname\": \"ANURAGYADAV\", \"user\": \"anura\", \"process\": {\"pid\": 8820, \"name\": \"backgroundTaskHost.exe\", \"cmdline\": \"backgroundTaskHost.exe\", \"parent_name\": \"unknown\"}}", "timestamp": "2026-09-24T06:58:42Z", "hostname": "ANURAGYADAV", "user": "anura", "action": "processcreate", "event_id": "ProcessCreate", "message": "EDR ProcessCreate [proc=backgroundTaskHost.exe, user=anura]", "severity": "info", "extra": {"process_name": "backgroundTaskHost.exe", "process_pid": 8820, "cmdline": "backgroundTaskHost.exe", "parent_process": "unknown", "event_type": "ProcessCreate"}}
{"log_type": "edr", "raw": "{\"timestamp\": \"2026-09-24T06:58:42Z\", \"event_type\": \"ProcessCreate\", \"hostname\": \"ANURAGYADAV\", \"user\": \"anura\", \"process\": {\"pid\": 12460, \"name\": \"backgroundTaskHost.exe\", \"cmdline\": \"backgroundTaskHost.exe\", \"parent_name\": \"unknown\"}}", "timestamp": "2026-09-24T06:58:42Z", "hostname": "ANURAGYADAV", "user": "anura", "action": "processcreate", "event_id": "ProcessCreate", "message": "EDR ProcessCreate [proc=backgroundTaskHost.exe, user=anura]", "severity": "info", "extra": {"process_name": "backgroundTaskHost.exe", "process_pid": 12460, "cmdline": "backgroundTaskHost.exe", "parent_process": "unknown", "event_type": "ProcessCreate"}}
{"log_type": "edr", "raw": "{\"timestamp\": \"2026-09-24T06:58:42Z\", \"event_type\": \"ProcessCreate\", \"hostname\": \"ANURAGYADAV\", \"user\": \"anura\", \"process\": {\"pid\": 13400, \"name\": \"backgroundTaskHost.exe\", \"cmdline\": \"backgroundTaskHost.exe\", \"parent_name\": \"unknown\"}}", "timestamp": "2026-09-24T06:58:42Z", "hostname": "ANURAGYADAV", "user": "anura", "action": "processcreate", "event_id": "ProcessCreate", "message": "EDR ProcessCreate [proc=backgroundTaskHost.exe, user=anura]", "severity": "info", "extra": {"process_name": "backgroundTaskHost.exe", "process_pid": 13400, "cmdline": "backgroundTaskHost.exe", "parent_process": "unknown", "event_type": "ProcessCreate"}}
{"log_type": "edr", "raw": "{\"timestamp\": \"2026-09-24T06:58:42Z\", \"event_type\": \"ProcessCreate\", \"hostname\": \"ANURAGYADAV\", \"user\": \"anura\", \"process\": {\"pid\": 16032, \"name\": \"backgroundTaskHost.exe\", \"cmdline\": \"backgroundTaskHost.exe\", \"parent_name\": \"unknown\"}}", "timestamp": "2026-09-24T06:58:42Z", "hostname": "ANURAGYADAV", "user": "anura", "action": "processcreate", "event_id": "ProcessCreate", "message": "EDR ProcessCreate [proc=backgroundTaskHost.exe, user=anura]", "severity": "info", "extra": {"process_name": "backgroundTaskHost.exe", "process_pid": 16032, "cmdline": "backgroundTaskHost.exe", "parent_process": "unknown", "event_type": "ProcessCreate"}}
{"log_type": "edr", "raw": "{\"timestamp\": \"2026-09-24T06:58:42Z\", \"event_type\": \"ProcessCreate\", \"hostname\": \"ANURAGYADAV\", \"user\": \"anura\", \"process\": {\"pid\": 17376, \"name\": \"HxTsr.exe\", \"cmdline\": \"HxTsr.exe\", \"parent_name\": \"unknown\"}}", "timestamp": "2026-09-24T06:58:42Z", "hostname": "ANURAGYADAV", "user": "anura", "action": "processcreate", "event_id": "ProcessCreate", "message": "EDR ProcessCreate [proc=HxTsr.exe, user=anura]", "severity": "info", "extra": {"process_name": "HxTsr.exe", "process_pid": 17376, "cmdline": "HxTsr.exe", "parent_process": "unknown", "event_type": "ProcessCreate"}}
{"log_type": "edr", "raw": "{\"timestamp\": \"2026-09-24T06:58:42Z\", \"event_type\": \"ProcessCreate\", \"hostname\": \"ANURAGYADAV\", \"user\": \"anura\", \"process\": {\"pid\": 15024, \"name\": \"MoUsoCoreWorker.exe\", \"cmdline\": \"MoUsoCoreWorker.exe\", \"parent_name\": \"unknown\"}}", "timestamp": "2026-09-24T06:58:42Z", "hostname": "ANURAGYADAV", "user": "anura", "action": "processcreate", "event_id": "ProcessCreate", "message": "EDR ProcessCreate [proc=MoUsoCoreWorker.exe, user=anura]", "severity": "info", "extra": {"process_name": "MoUsoCoreWorker.exe", "process_pid": 15024, "cmdline": "MoUsoCoreWorker.exe", "parent_process": "unknown", "event_type": "ProcessCreate"}}
{"log_type": "edr", "raw": "{\"timestamp\": \"2026-09-24T06:58:42Z\", \"event_type\": \"ProcessCreate\", \"hostname\": \"ANURAGYADAV\", \"user\": \"anura\", \"process\": {\"pid\": 4776, \"name\": \"msedge.exe\", \"cmdline\": \"msedge.exe\", \"parent_name\": \"unknown\"}}", "timestamp": "2026-09-24T06:58:42Z", "hostname": "ANURAGYADAV", "user": "anura", "action": "processcreate", "event_id": "ProcessCreate", "message": "EDR ProcessCreate [proc=msedge.exe, user=anura]", "severity": "info", "extra": {"process_name": "msedge.exe", "process_pid": 4776, "cmdline": "msedge.exe", "parent_process": "unknown", "event_type": "ProcessCreate"}}
{"log_type": "edr", "raw": "{\"timestamp\": \"2026-09-24T06:58:42Z\", \"event_type\": \"ProcessCreate\", \"hostname\": \"ANURAGYADAV\", \"user\": \"anura\", \"process\": {\"pid\": 6332, \"name\": \"powershell.exe\", \"cmdline\": \"powershell.exe\", \"parent_name\": \"unknown\"}}", "timestamp": "2026-09-24T06:58:42Z", "hostname": "ANURAGYADAV", "user": "anura", "action": "processcreate", "event_id": "ProcessCreate", "message": "EDR ProcessCreate [proc=powershell.exe, user=anura]", "severity": "info", "extra": {"process_name": "powershell.exe", "process_pid": 6332, "cmdline": "powershell.exe", "parent_process": "unknown", "event_type": "ProcessCreate"}}
{"log_type": "edr", "raw": "{\"timestamp\": \"2026-09-24T06:58:42Z\", \"event_type\": \"ProcessCreate\", \"hostname\": \"ANURAGYADAV\", \"user\": \"anura\", \"process\": {\"pid\": 6484, \"name\": \"powershell.exe\", \"cmdline\": \"powershell.exe\", \"parent_name\": \"unknown\"}}", "timestamp": "2026-09-24T06:58:42Z", "hostname": "ANURAGYADAV", "user": "anura", "action": "processcreate", "event_id": "ProcessCreate", "message": "EDR ProcessCreate [proc=powershell.exe, user=anura]", "severity": "info", "extra": {"process_name": "powershell.exe", "process_pid": 6484, "cmdline": "powershell.exe", "parent_process": "unknown", "event_type": "ProcessCreate"}}
{"log_type": "edr", "raw": "{\"timestamp\": \"2026-09-24T06:58:42Z\", \"event_type\": \"ProcessCreate\", \"hostname\": \"ANURAGYADAV\", \"user\": \"anura\", \"process\": {\"pid\": 9552, \"name\": \"powershell.exe\", \"cmdline\": \"powershell.exe\", \"parent_name\": \"unknown\"}}", "timestamp": "2026-09-24T06:58:42Z", "hostname": "ANURAGYADAV", "user": "anura", "action": "processcreate", "event_id": "ProcessCreate", "message": "EDR ProcessCreate [proc=powershell.exe, user=anura]", "severity": "info", "extra": {"process_name": "powershell.exe", "process_pid": 9552, "cmdline": "powershell.exe", "parent_process": "unknown", "event_type": "ProcessCreate"}}
{"log_type": "edr", "raw": "{\"timestamp\": \"2026-09-24T06:58:42Z\", \"event_type\": \"ProcessCreate\", \"hostname\": \"ANURAGYADAV\", \"user\": \"anura\", \"process\": {\"pid\": 11288, \"name\": \"powershell.exe\", \"cmdline\": \"powershell.exe\", \"parent_name\": \"unknown\"}}", "timestamp": "2026-09-24T06:58:42Z", "hostname": "ANURAGYADAV", "user": "anura", "action": "processcreate", "event_id": "ProcessCreate", "message": "EDR ProcessCreate [proc=powershell.exe, user=anura]", "severity": "info", "extra": {"process_name": "powershell.exe", "process_pid": 11288, "cmdline": "powershell.exe", "parent_process": "unknown", "event_type": "ProcessCreate"}}
{"log_type": "edr", "raw": "{\"timestamp\": \"2026-09-24T06:58:42Z\", \"event_type\": \"ProcessCreate\", \"hostname\": \"ANURAGYADAV\", \"user\": \"anura\", \"process\": {\"pid\": 15176, \"name\": \"StoreDesktopExtension.exe\", \"cmdline\": \"StoreDesktopExtension.exe\", \"parent_name\": \"unknown\"}}", "timestamp": "2026-09-24T06:58:42Z", "hostname": "ANURAGYADAV", "user": "anura", "action": "processcreate", "event_id": "ProcessCreate", "message": "EDR ProcessCreate [proc=StoreDesktopExtension.exe, user=anura]", "severity": "info", "extra": {"process_name": "StoreDesktopExtension.exe", "process_pid": 15176, "cmdline": "StoreDesktopExtension.exe", "parent_process": "unknown", "event_type": "ProcessCreate"}}
{"log_type": "edr", "raw": "{\"timestamp\": \"2026-09-24T06:58:42Z\", \"event_type\": \"ProcessCreate\", \"hostname\": \"ANURAGYADAV\", \"user\": \"anura\", \"process\": {\"pid\": 13360, \"name\": \"svchost.exe\", \"cmdline\": \"svchost.exe\", \"parent_name\": \"unknown\"}}", "timestamp": "2026-09-24T06:58:42Z", "hostname": "ANURAGYADAV", "user": "anura", "action": "processcreate", "event_id": "ProcessCreate", "message": "EDR ProcessCreate [proc=svchost.exe, user=anura]", "severity": "info", "extra": {"process_name": "svchost.exe", "process_pid": 13360, "cmdline": "svchost.exe", "parent_process": "unknown", "event_type": "ProcessCreate"}}
{"log_type": "authentication", "raw": "<Event xmlns='http://schemas.microsoft.com/win/2004/08/events/event'><System><Provider Name='Microsoft-Windows-Security-Auditing' Guid='{54849625-5478-4994-a5ba-3e3b0328c30d}'/><EventID>4624</EventID><Version>3</Version><Level>0</Level><Task>12544</Task><Opcode>0</Opcode><Keywords>0x8020000000000000</Keywords><TimeCreated SystemTime='2026-09-23T16:42:58.8959088Z'/><EventRecordID>2734390</EventRecordID><Correlation ActivityID='{91197e41-4b03-0002-5f84-1991034bdd01}'/><Execution ProcessID='1160' ThreadID='1920'/><Channel>Security</Channel><Computer>ANURAGYADAV</Computer><Security/></System><EventData><Data Name='SubjectUserSid'>S-1-5-18</Data><Data Name='SubjectUserName'>ANURAGYADAV$</Data><Data Name='SubjectDomainName'>WORKGROUP</Data><Data Name='SubjectLogonId'>0x3e7</Data><Data Name='TargetUserSid'>S-1-5-18</Data><Data Name='TargetUserName'>SYSTEM</Data><Data Name='TargetDomainName'>NT AUTHORITY</Data><Data Name='TargetLogonId'>0x3e7</Data><Data Name='LogonType'>5</Data><Data Name='LogonProcessName'>Advapi  </Data><Data Name='AuthenticationPackageName'>Negotiate</Data><Data Name='WorkstationName'>-</Data><Data Name='LogonGuid'>{00000000-0000-0000-0000-000000000000}</Data><Data Name='TransmittedServices'>-</Data><Data Name='LmPackageName'>-</Data><Data Name='KeyLength'>0</Data><Data Name='ProcessId'>0x468</Data><Data Name='ProcessName'>C:\\Windows\\System32\\services.exe</Data><Data Name='IpAddress'>-</Data><Data Name='IpPort'>-</Data><Data Name='ImpersonationLevel'>%%1833</Data><Data Name='RestrictedAdminMode'>-</Data><Data Name='RemoteCredentialGuard'>-</Data><Data Name='TargetOutboundUserName'>-</Data><Data Name='TargetOutboundDomainName'>-</Data><Data Name='VirtualAccount'>%%1843</Data><Data Name='TargetLinkedLogonId'>0x0</Data><Data Name='ElevatedToken'>%%1842</Data></EventData></Event>", "timestamp": "2026-09-24T06:58:44.000Z", "hostname": "", "event_id": "", "action": "event", "message": "Windows Event ", "severity": "info"}
{"log_type": "authentication", "raw": "<Event xmlns='http://schemas.microsoft.com/win/2004/08/events/event'><System><Provider Name='Microsoft-Windows-Security-Auditing' Guid='{54849625-5478-4994-a5ba-3e3b0328c30d}'/><EventID>4672</EventID><Version>0</Version><Level>0</Level><Task>12548</Task><Opcode>0</Opcode><Keywords>0x8020000000000000</Keywords><TimeCreated SystemTime='2026-09-23T16:42:58.8959200Z'/><EventRecordID>2734391</EventRecordID><Correlation ActivityID='{91197e41-4b03-0002-5f84-1991034bdd01}'/><Execution ProcessID='1160' ThreadID='1920'/><Channel>Security</Channel><Computer>ANURAGYADAV</Computer><Security/></System><EventData><Data Name='SubjectUserSid'>S-1-5-18</Data><Data Name='SubjectUserName'>SYSTEM</Data><Data Name='SubjectDomainName'>NT AUTHORITY</Data><Data Name='SubjectLogonId'>0x3e7</Data><Data Name='PrivilegeList'>SeAssignPrimaryTokenPrivilege\n\t\t\tSeTcbPrivilege\n\t\t\tSeSecurityPrivilege\n\t\t\tSeTakeOwnershipPrivilege\n\t\t\tSeLoadDriverPrivilege\n\t\t\tSeBackupPrivilege\n\t\t\tSeRestorePrivilege\n\t\t\tSeDebugPrivilege\n\t\t\tSeAuditPrivilege\n\t\t\tSeSystemEnvironmentPrivilege\n\t\t\tSeImpersonatePrivilege\n\t\t\tSeDelegateSessionUserImpersonatePrivilege</Data></EventData></Event>", "timestamp": "2026-09-24T06:58:44.000Z", "hostname": "", "event_id": "", "action": "event", "message": "Windows Event ", "severity": "info"}
{"log_type": "authentication", "raw": "<Event xmlns='http://schemas.microsoft.com/win/2004/08/events/event'><System><Provider Name='Microsoft-Windows-Security-Auditing' Guid='{54849625-5478-4994-a5ba-3e3b0328c30d}'/><EventID>4648</EventID><Version>0</Version><Level>0</Level><Task>12544</Task><Opcode>0</Opcode><Keywords>0x8020000000000000</Keywords><TimeCreated SystemTime='2026-09-23T16:42:59.6387319Z'/><EventRecordID>2734401</EventRecordID><Correlation ActivityID='{91197e41-4b03-0002-5f84-1991034bdd01}'/><Execution ProcessID='1160' ThreadID='18508'/><Channel>Security</Channel><Computer>ANURAGYADAV</Computer><Security/></System><EventData><Data Name='SubjectUserSid'>S-1-5-18</Data><Data Name='SubjectUserName'>ANURAGYADAV$</Data><Data Name='SubjectDomainName'>WORKGROUP</Data><Data Name='SubjectLogonId'>0x3e7</Data><Data Name='LogonGuid'>{00000000-0000-0000-0000-000000000000}</Data><Data Name='TargetUserName'>anurag2003y@gmail.com</Data><Data Name='TargetDomainName'>MicrosoftAccount</Data><Data Name='TargetLogonGuid'>{00000000-0000-0000-0000-000000000000}</Data><Data Name='TargetServerName'>localhost</Data><Data Name='TargetInfo'>localhost</Data><Data Name='ProcessId'>0x874</Data><Data Name='ProcessName'>C:\\Windows\\System32\\svchost.exe</Data><Data Name='IpAddress'>127.0.0.1</Data><Data Name='IpPort'>0</Data></EventData></Event>", "timestamp": "2026-09-24T06:58:44.000Z", "hostname": "", "event_id": "", "action": "event", "message": "Windows Event ", "severity": "info"}
{"log_type": "authentication", "raw": "<Event xmlns='http://schemas.microsoft.com/win/2004/08/events/event'><System><Provider Name='Microsoft-Windows-Security-Auditing' Guid='{54849625-5478-4994-a5ba-3e3b0328c30d}'/><EventID>4624</EventID><Version>3</Version><Level>0</Level><Task>12544</Task><Opcode>0</Opcode><Keywords>0x8020000000000000</Keywords><TimeCreated SystemTime='2026-09-23T16:42:59.6387967Z'/><EventRecordID>2734402</EventRecordID><Correlation ActivityID='{91197e41-4b03-0002-5f84-1991034bdd01}'/><Execution ProcessID='1160' ThreadID='18508'/><Channel>Security</Channel><Computer>ANURAGYADAV</Computer><Security/></System><EventData><Data Name='SubjectUserSid'>S-1-5-18</Data><Data Name='SubjectUserName'>ANURAGYADAV$</Data><Data Name='SubjectDomainName'>WORKGROUP</Data><Data Name='SubjectLogonId'>0x3e7</Data><Data Name='TargetUserSid'>S-1-5-21-1961232722-1676839713-1897321690-1001</Data><Data Name='TargetUserName'>anurag2003y@gmail.com</Data><Data Name='TargetDomainName'>MicrosoftAccount</Data><Data Name='TargetLogonId'>0xcb78df9</Data><Data Name='LogonType'>11</Data><Data Name='LogonProcessName'>User32 </Data><Data Name='AuthenticationPackageName'>Negotiate</Data><Data Name='WorkstationName'>ANURAGYADAV</Data><Data Name='LogonGuid'>{00000000-0000-0000-0000-000000000000}</Data><Data Name='TransmittedServices'>-</Data><Data Name='LmPackageName'>-</Data><Data Name='KeyLength'>0</Data><Data Name='ProcessId'>0x874</Data><Data Name='ProcessName'>C:\\Windows\\System32\\svchost.exe</Data><Data Name='IpAddress'>127.0.0.1</Data><Data Name='IpPort'>0</Data><Data Name='ImpersonationLevel'>%%1833</Data><Data Name='RestrictedAdminMode'>-</Data><Data Name='RemoteCredentialGuard'>-</Data><Data Name='TargetOutboundUserName'>-</Data><Data Name='TargetOutboundDomainName'>-</Data><Data Name='VirtualAccount'>%%1843</Data><Data Name='TargetLinkedLogonId'>0xcb78e6a</Data><Data Name='ElevatedToken'>%%1842</Data></EventData></Event>", "timestamp": "2026-09-24T06:58:44.000Z", "hostname": "", "event_id": "", "action": "event", "message": "Windows Event ", "severity": "info"}
{"log_type": "authentication", "raw": "<Event xmlns='http://schemas.microsoft.com/win/2004/08/events/event'><System><Provider Name='Microsoft-Windows-Security-Auditing' Guid='{54849625-5478-4994-a5ba-3e3b0328c30d}'/><EventID>4624</EventID><Version>3</Version><Level>0</Level><Task>12544</Task><Opcode>0</Opcode><Keywords>0x8020000000000000</Keywords><TimeCreated SystemTime='2026-09-23T16:42:59.6388269Z'/><EventRecordID>2734403</EventRecordID><Correlation ActivityID='{91197e41-4b03-0002-5f84-1991034bdd01}'/><Execution ProcessID='1160' ThreadID='18508'/><Channel>Security</Channel><Computer>ANURAGYADAV</Computer><Security/></System><EventData><Data Name='SubjectUserSid'>S-1-5-18</Data><Data Name='SubjectUserName'>ANURAGYADAV$</Data><Data Name='SubjectDomainName'>WORKGROUP</Data><Data Name='SubjectLogonId'>0x3e7</Data><Data Name='TargetUserSid'>S-1-5-21-1961232722-1676839713-1897321690-1001</Data><Data Name='TargetUserName'>anurag2003y@gmail.com</Data><Data Name='TargetDomainName'>MicrosoftAccount</Data><Data Name='TargetLogonId'>0xcb78e6a</Data><Data Name='LogonType'>11</Data><Data Name='LogonProcessName'>User32 </Data><Data Name='AuthenticationPackageName'>Negotiate</Data><Data Name='WorkstationName'>ANURAGYADAV</Data><Data Name='LogonGuid'>{00000000-0000-0000-0000-000000000000}</Data><Data Name='TransmittedServices'>-</Data><Data Name='LmPackageName'>-</Data><Data Name='KeyLength'>0</Data><Data Name='ProcessId'>0x874</Data><Data Name='ProcessName'>C:\\Windows\\System32\\svchost.exe</Data><Data Name='IpAddress'>127.0.0.1</Data><Data Name='IpPort'>0</Data><Data Name='ImpersonationLevel'>%%1833</Data><Data Name='RestrictedAdminMode'>-</Data><Data Name='RemoteCredentialGuard'>-</Data><Data Name='TargetOutboundUserName'>-</Data><Data Name='TargetOutboundDomainName'>-</Data><Data Name='VirtualAccount'>%%1843</Data><Data Name='TargetLinkedLogonId'>0xcb78df9</Data><Data Name='ElevatedToken'>%%1843</Data></EventData></Event>", "timestamp": "2026-09-24T06:58:44.000Z", "hostname": "", "event_id": "", "action": "event", "message": "Windows Event ", "severity": "info"}
{"log_type": "authentication", "raw": "<Event xmlns='http://schemas.microsoft.com/win/2004/08/events/event'><System><Provider Name='Microsoft-Windows-Security-Auditing' Guid='{54849625-5478-4994-a5ba-3e3b0328c30d}'/><EventID>4672</EventID><Version>0</Version><Level>0</Level><Task>12548</Task><Opcode>0</Opcode><Keywords>0x8020000000000000</Keywords><TimeCreated SystemTime='2026-09-23T16:42:59.6388367Z'/><EventRecordID>2734404</EventRecordID><Correlation ActivityID='{91197e41-4b03-0002-5f84-1991034bdd01}'/><Execution ProcessID='1160' ThreadID='18508'/><Channel>Security</Channel><Computer>ANURAGYADAV</Computer><Security/></System><EventData><Data Name='SubjectUserSid'>S-1-5-21-1961232722-1676839713-1897321690-1001</Data><Data Name='SubjectUserName'>anurag2003y@gmail.com</Data><Data Name='SubjectDomainName'>MicrosoftAccount</Data><Data Name='SubjectLogonId'>0xcb78df9</Data><Data Name='PrivilegeList'>SeSecurityPrivilege\n\t\t\tSeTakeOwnershipPrivilege\n\t\t\tSeLoadDriverPrivilege\n\t\t\tSeBackupPrivilege\n\t\t\tSeRestorePrivilege\n\t\t\tSeDebugPrivilege\n\t\t\tSeSystemEnvironmentPrivilege\n\t\t\tSeImpersonatePrivilege\n\t\t\tSeDelegateSessionUserImpersonatePrivilege</Data></EventData></Event>", "timestamp": "2026-09-24T06:58:44.000Z", "hostname": "", "event_id": "", "action": "event", "message": "Windows Event ", "severity": "info"}
{"log_type": "authentication", "raw": "<Event xmlns='http://schemas.microsoft.com/win/2004/08/events/event'><System><Provider Name='Microsoft-Windows-Security-Auditing' Guid='{54849625-5478-4994-a5ba-3e3b0328c30d}'/><EventID>4648</EventID><Version>0</Version><Level>0</Level><Task>12544</Task><Opcode>0</Opcode><Keywords>0x8020000000000000</Keywords><TimeCreated SystemTime='2026-09-23T16:42:59.7224596Z'/><EventRecordID>2734408</EventRecordID><Correlation/><Execution ProcessID='1160' ThreadID='13412'/><Channel>Security</Channel><Computer>ANURAGYADAV</Computer><Security/></System><EventData><Data Name='SubjectUserSid'>S-1-5-18</Data><Data Name='SubjectUserName'>ANURAGYADAV$</Data><Data Name='SubjectDomainName'>WORKGROUP</Data><Data Name='SubjectLogonId'>0x3e7</Data><Data Name='LogonGuid'>{00000000-0000-0000-0000-000000000000}</Data><Data Name='TargetUserName'>anurag2003y@gmail.com</Data><Data Name='TargetDomainName'>MicrosoftAccount</Data><Data Name='TargetLogonGuid'>{00000000-0000-0000-0000-000000000000}</Data><Data Name='TargetServerName'>localhost</Data><Data Name='TargetInfo'>localhost</Data><Data Name='ProcessId'>0x488</Data><Data Name='ProcessName'>C:\\Windows\\System32\\lsass.exe</Data><Data Name='IpAddress'>-</Data><Data Name='IpPort'>-</Data></EventData></Event>", "timestamp": "2026-09-24T06:58:44.000Z", "hostname": "", "event_id": "", "action": "event", "message": "Windows Event ", "severity": "info"}
{"log_type": "authentication", "raw": "<Event xmlns='http://schemas.microsoft.com/win/2004/08/events/event'><System><Provider Name='Microsoft-Windows-Security-Auditing' Guid='{54849625-5478-4994-a5ba-3e3b0328c30d}'/><EventID>4624</EventID><Version>3</Version><Level>0</Level><Task>12544</Task><Opcode>0</Opcode><Keywords>0x8020000000000000</Keywords><TimeCreated SystemTime='2026-09-23T16:42:59.7225168Z'/><EventRecordID>2734409</EventRecordID><Correlation/><Execution ProcessID='1160' ThreadID='13412'/><Channel>Security</Channel><Computer>ANURAGYADAV</Computer><Security/></System><EventData><Data Name='SubjectUserSid'>S-1-5-18</Data><Data Name='SubjectUserName'>ANURAGYADAV$</Data><Data Name='SubjectDomainName'>WORKGROUP</Data><Data Name='SubjectLogonId'>0x3e7</Data><Data Name='TargetUserSid'>S-1-5-21-1961232722-1676839713-1897321690-1001</Data><Data Name='TargetUserName'>anurag2003y@gmail.com</Data><Data Name='TargetDomainName'>MicrosoftAccount</Data><Data Name='TargetLogonId'>0xcb79c71</Data><Data Name='LogonType'>7</Data><Data Name='LogonProcessName'>Negotiat</Data><Data Name='AuthenticationPackageName'>Negotiate</Data><Data Name='WorkstationName'>ANURAGYADAV</Data><Data Name='LogonGuid'>{00000000-0000-0000-0000-000000000000}</Data><Data Name='TransmittedServices'>-</Data><Data Name='LmPackageName'>-</Data><Data Name='KeyLength'>0</Data><Data Name='ProcessId'>0x488</Data><Data Name='ProcessName'>C:\\Windows\\System32\\lsass.exe</Data><Data Name='IpAddress'>-</Data><Data Name='IpPort'>-</Data><Data Name='ImpersonationLevel'>%%1833</Data><Data Name='RestrictedAdminMode'>-</Data><Data Name='RemoteCredentialGuard'>-</Data><Data Name='TargetOutboundUserName'>-</Data><Data Name='TargetOutboundDomainName'>-</Data><Data Name='VirtualAccount'>%%1843</Data><Data Name='TargetLinkedLogonId'>0xcb79e0c</Data><Data Name='ElevatedToken'>%%1842</Data></EventData></Event>", "timestamp": "2026-09-24T06:58:44.000Z", "hostname": "", "event_id": "", "action": "event", "message": "Windows Event ", "severity": "info"}
{"log_type": "authentication", "raw": "<Event xmlns='http://schemas.microsoft.com/win/2004/08/events/event'><System><Provider Name='Microsoft-Windows-Security-Auditing' Guid='{54849625-5478-4994-a5ba-3e3b0328c30d}'/><EventID>4624</EventID><Version>3</Version><Level>0</Level><Task>12544</Task><Opcode>0</Opcode><Keywords>0x8020000000000000</Keywords><TimeCreated SystemTime='2026-09-23T16:42:59.7225400Z'/><EventRecordID>2734410</EventRecordID><Correlation/><Execution ProcessID='1160' ThreadID='13412'/><Channel>Security</Channel><Computer>ANURAGYADAV</Computer><Security/></System><EventData><Data Name='SubjectUserSid'>S-1-5-18</Data><Data Name='SubjectUserName'>ANURAGYADAV$</Data><Data Name='SubjectDomainName'>WORKGROUP</Data><Data Name='SubjectLogonId'>0x3e7</Data><Data Name='TargetUserSid'>S-1-5-21-1961232722-1676839713-1897321690-1001</Data><Data Name='TargetUserName'>anurag2003y@gmail.com</Data><Data Name='TargetDomainName'>MicrosoftAccount</Data><Data Name='TargetLogonId'>0xcb79e0c</Data><Data Name='LogonType'>7</Data><Data Name='LogonProcessName'>Negotiat</Data><Data Name='AuthenticationPackageName'>Negotiate</Data><Data Name='WorkstationName'>ANURAGYADAV</Data><Data Name='LogonGuid'>{00000000-0000-0000-0000-000000000000}</Data><Data Name='TransmittedServices'>-</Data><Data Name='LmPackageName'>-</Data><Data Name='KeyLength'>0</Data><Data Name='ProcessId'>0x488</Data><Data Name='ProcessName'>C:\\Windows\\System32\\lsass.exe</Data><Data Name='IpAddress'>-</Data><Data Name='IpPort'>-</Data><Data Name='ImpersonationLevel'>%%1833</Data><Data Name='RestrictedAdminMode'>-</Data><Data Name='RemoteCredentialGuard'>-</Data><Data Name='TargetOutboundUserName'>-</Data><Data Name='TargetOutboundDomainName'>-</Data><Data Name='VirtualAccount'>%%1843</Data><Data Name='TargetLinkedLogonId'>0xcb79c71</Data><Data Name='ElevatedToken'>%%1843</Data></EventData></Event>", "timestamp": "2026-09-24T06:58:44.000Z", "hostname": "", "event_id": "", "action": "event", "message": "Windows Event ", "severity": "info"}
{"log_type": "authentication", "raw": "<Event xmlns='http://schemas.microsoft.com/win/2004/08/events/event'><System><Provider Name='Microsoft-Windows-Security-Auditing' Guid='{54849625-5478-4994-a5ba-3e3b0328c30d}'/><EventID>4672</EventID><Version>0</Version><Level>0</Level><Task>12548</Task><Opcode>0</Opcode><Keywords>0x8020000000000000</Keywords><TimeCreated SystemTime='2026-09-23T16:42:59.7226182Z'/><EventRecordID>2734411</EventRecordID><Correlation/><Execution ProcessID='1160' ThreadID='13412'/><Channel>Security</Channel><Computer>ANURAGYADAV</Computer><Security/></System><EventData><Data Name='SubjectUserSid'>S-1-5-21-1961232722-1676839713-1897321690-1001</Data><Data Name='SubjectUserName'>anurag2003y@gmail.com</Data><Data Name='SubjectDomainName'>MicrosoftAccount</Data><Data Name='SubjectLogonId'>0xcb79c71</Data><Data Name='PrivilegeList'>SeSecurityPrivilege\n\t\t\tSeTakeOwnershipPrivilege\n\t\t\tSeLoadDriverPrivilege\n\t\t\tSeBackupPrivilege\n\t\t\tSeRestorePrivilege\n\t\t\tSeDebugPrivilege\n\t\t\tSeSystemEnvironmentPrivilege\n\t\t\tSeImpersonatePrivilege\n\t\t\tSeDelegateSessionUserImpersonatePrivilege</Data></EventData></Event>", "timestamp": "2026-09-24T06:58:44.000Z", "hostname": "", "event_id": "", "action": "event", "message": "Windows Event ", "severity": "info"}
{"log_type": "authentication", "raw": "<Event xmlns='http://schemas.microsoft.com/win/2004/08/events/event'><System><Provider Name='Microsoft-Windows-Security-Auditing' Guid='{54849625-5478-4994-a5ba-3e3b0328c30d}'/><EventID>4624</EventID><Version>3</Version><Level>0</Level><Task>12544</Task><Opcode>0</Opcode><Keywords>0x8020000000000000</Keywords><TimeCreated SystemTime='2026-09-23T16:43:17.2807840Z'/><EventRecordID>2734493</EventRecordID><Correlation ActivityID='{91197e41-4b03-0002-5f84-1991034bdd01}'/><Execution ProcessID='1160' ThreadID='18508'/><Channel>Security</Channel><Computer>ANURAGYADAV</Computer><Security/></System><EventData><Data Name='SubjectUserSid'>S-1-5-18</Data><Data Name='SubjectUserName'>ANURAGYADAV$</Data><Data Name='SubjectDomainName'>WORKGROUP</Data><Data Name='SubjectLogonId'>0x3e7</Data><Data Name='TargetUserSid'>S-1-5-18</Data><Data Name='TargetUserName'>SYSTEM</Data><Data Name='TargetDomainName'>NT AUTHORITY</Data><Data Name='TargetLogonId'>0x3e7</Data><Data Name='LogonType'>5</Data><Data Name='LogonProcessName'>Advapi  </Data><Data Name='AuthenticationPackageName'>Negotiate</Data><Data Name='WorkstationName'>-</Data><Data Name='LogonGuid'>{00000000-0000-0000-0000-000000000000}</Data><Data Name='TransmittedServices'>-</Data><Data Name='LmPackageName'>-</Data><Data Name='KeyLength'>0</Data><Data Name='ProcessId'>0x468</Data><Data Name='ProcessName'>C:\\Windows\\System32\\services.exe</Data><Data Name='IpAddress'>-</Data><Data Name='IpPort'>-</Data><Data Name='ImpersonationLevel'>%%1833</Data><Data Name='RestrictedAdminMode'>-</Data><Data Name='RemoteCredentialGuard'>-</Data><Data Name='TargetOutboundUserName'>-</Data><Data Name='TargetOutboundDomainName'>-</Data><Data Name='VirtualAccount'>%%1843</Data><Data Name='TargetLinkedLogonId'>0x0</Data><Data Name='ElevatedToken'>%%1842</Data></EventData></Event>", "timestamp": "2026-09-24T06:58:44.000Z", "hostname": "", "event_id": "", "action": "event", "message": "Windows Event ", "severity": "info"}
{"log_type": "authentication", "raw": "<Event xmlns='http://schemas.microsoft.com/win/2004/08/events/event'><System><Provider Name='Microsoft-Windows-Security-Auditing' Guid='{54849625-5478-4994-a5ba-3e3b0328c30d}'/><EventID>4672</EventID><Version>0</Version><Level>0</Level><Task>12548</Task><Opcode>0</Opcode><Keywords>0x8020000000000000</Keywords><TimeCreated SystemTime='2026-09-23T16:43:17.2808068Z'/><EventRecordID>2734494</EventRecordID><Correlation ActivityID='{91197e41-4b03-0002-5f84-1991034bdd01}'/><Execution ProcessID='1160' ThreadID='18508'/><Channel>Security</Channel><Computer>ANURAGYADAV</Computer><Security/></System><EventData><Data Name='SubjectUserSid'>S-1-5-18</Data><Data Name='SubjectUserName'>SYSTEM</Data><Data Name='SubjectDomainName'>NT AUTHORITY</Data><Data Name='SubjectLogonId'>0x3e7</Data><Data Name='PrivilegeList'>SeAssignPrimaryTokenPrivilege\n\t\t\tSeTcbPrivilege\n\t\t\tSeSecurityPrivilege\n\t\t\tSeTakeOwnershipPrivilege\n\t\t\tSeLoadDriverPrivilege\n\t\t\tSeBackupPrivilege\n\t\t\tSeRestorePrivilege\n\t\t\tSeDebugPrivilege\n\t\t\tSeAuditPrivilege\n\t\t\tSeSystemEnvironmentPrivilege\n\t\t\tSeImpersonatePrivilege\n\t\t\tSeDelegateSessionUserImpersonatePrivilege</Data></EventData></Event>", "timestamp": "2026-09-24T06:58:44.000Z", "hostname": "", "event_id": "", "action": "event", "message": "Windows Event ", "severity": "info"}
