{"log_type": "firewall", "raw": "Sep 24 12:27:53 FIREWALL kernel: [UFW ALLOW] IN=eth0 OUT= SRC=10.0.64.63 DST=150.171.28.10 PROTO=TCP SPT=50428 DPT=443", "timestamp": "2026-09-24T12:27:53.000Z", "hostname": "FIREWALL", "action": "allow", "source_ip": "10.0.64.63", "destination_ip": "150.171.28.10", "protocol": "TCP", "source_port": 50428, "destination_port": 443, "message": "Firewall allowed TCP 10.0.64.63 -> 150.171.28.10:443", "severity": "info", "extra": {"interface": "unknown"}}
{"log_type": "firewall", "raw": "Sep 24 12:27:59 FIREWALL kernel: [UFW ALLOW] IN=eth0 OUT= SRC=10.0.64.63 DST=184.85.220.166 PROTO=UDP SPT=61851 DPT=443", "timestamp": "2026-09-24T12:27:59.000Z", "hostname": "FIREWALL", "action": "allow", "source_ip": "10.0.64.63", "destination_ip": "184.85.220.166", "protocol": "UDP", "source_port": 61851, "destination_port": 443, "message": "Firewall allowed UDP 10.0.64.63 -> 184.85.220.166:443", "severity": "info", "extra": {"interface": "unknown"}}
{"log_type": "firewall", "raw": "Sep 24 12:28:00 FIREWALL kernel: [UFW ALLOW] IN=eth0 OUT= SRC=10.0.64.63 DST=184.85.220.166 PROTO=UDP SPT=50607 DPT=443", "timestamp": "2026-09-24T12:28:00.000Z", "hostname": "FIREWALL", "action": "allow", "source_ip": "10.0.64.63", "destination_ip": "184.85.220.166", "protocol": "UDP", "source_port": 50607, "destination_port": 443, "message": "Firewall allowed UDP 10.0.64.63 -> 184.85.220.166:443", "severity": "info", "extra": {"interface": "unknown"}}
{"log_type": "firewall", "raw": "Sep 24 12:28:00 FIREWALL kernel: [UFW ALLOW] IN=eth0 OUT= SRC=10.0.64.63 DST=49.44.201.43 PROTO=UDP SPT=54489 DPT=443", "timestamp": "2026-09-24T12:28:00.000Z", "hostname": "FIREWALL", "action": "allow", "source_ip": "10.0.64.63", "destination_ip": "49.44.201.43", "protocol": "UDP", "source_port": 54489, "destination_port": 443, "message": "Firewall allowed UDP 10.0.64.63 -> 49.44.201.43:443", "severity": "info", "extra": {"interface": "unknown"}}
{"log_type": "firewall", "raw": "Sep 24 12:28:01 FIREWALL kernel: [UFW ALLOW] IN=eth0 OUT= SRC=10.0.64.63 DST=224.0.0.251 PROTO=UDP SPT=5353 DPT=5353", "timestamp": "2026-09-24T12:28:01.000Z", "hostname": "FIREWALL", "action": "allow", "source_ip": "10.0.64.63", "destination_ip": "224.0.0.251", "protocol": "UDP", "source_port": 5353, "destination_port": 5353, "message": "Firewall allowed UDP 10.0.64.63 -> 224.0.0.251:5353", "severity": "info", "extra": {"interface": "unknown"}}
{"log_type": "firewall", "raw": "Sep 24 12:28:01 FIREWALL kernel: [UFW ALLOW] IN=eth0 OUT= SRC=10.0.64.63 DST=172.31.0.17 PROTO=UDP SPT=49665 DPT=53", "timestamp": "2026-09-24T12:28:01.000Z", "hostname": "FIREWALL", "action": "allow", "source_ip": "10.0.64.63", "destination_ip": "172.31.0.17", "protocol": "UDP", "source_port": 49665, "destination_port": 53, "message": "Firewall allowed UDP 10.0.64.63 -> 172.31.0.17:53", "severity": "info", "extra": {"interface": "unknown"}}
{"log_type": "firewall", "raw": "Sep 24 12:28:01 FIREWALL kernel: [UFW ALLOW] IN=eth0 OUT= SRC=10.0.64.63 DST=172.31.0.17 PROTO=UDP SPT=54586 DPT=53", "timestamp": "2026-09-24T12:28:01.000Z", "hostname": "FIREWALL", "action": "allow", "source_ip": "10.0.64.63", "destination_ip": "172.31.0.17", "protocol": "UDP", "source_port": 54586, "destination_port": 53, "message": "Firewall allowed UDP 10.0.64.63 -> 172.31.0.17:53", "severity": "info", "extra": {"interface": "unknown"}}
{"log_type": "firewall", "raw": "Sep 24 12:28:01 FIREWALL kernel: [UFW ALLOW] IN=eth0 OUT= SRC=10.0.64.63 DST=8.8.8.8 PROTO=UDP SPT=49665 DPT=53", "timestamp": "2026-09-24T12:28:01.000Z", "hostname": "FIREWALL", "action": "allow", "source_ip": "10.0.64.63", "destination_ip": "8.8.8.8", "protocol": "UDP", "source_port": 49665, "destination_port": 53, "message": "Firewall allowed UDP 10.0.64.63 -> 8.8.8.8:53", "severity": "info", "extra": {"interface": "unknown"}}
{"log_type": "firewall", "raw": "Sep 24 12:28:01 FIREWALL kernel: [UFW ALLOW] IN=eth0 OUT= SRC=10.0.64.63 DST=23.48.253.249 PROTO=TCP SPT=50429 DPT=443", "timestamp": "2026-09-24T12:28:01.000Z", "hostname": "FIREWALL", "action": "allow", "source_ip": "10.0.64.63", "destination_ip": "23.48.253.249", "protocol": "TCP", "source_port": 50429, "destination_port": 443, "message": "Firewall allowed TCP 10.0.64.63 -> 23.48.253.249:443", "severity": "info", "extra": {"interface": "unknown"}}
{"log_type": "firewall", "raw": "Sep 24 12:28:01 FIREWALL kernel: [UFW ALLOW] IN=eth0 OUT= SRC=10.0.64.63 DST=23.48.253.175 PROTO=TCP SPT=50430 DPT=443", "timestamp": "2026-09-24T12:28:01.000Z", "hostname": "FIREWALL", "action": "allow", "source_ip": "10.0.64.63", "destination_ip": "23.48.253.175", "protocol": "TCP", "source_port": 50430, "destination_port": 443, "message": "Firewall allowed TCP 10.0.64.63 -> 23.48.253.175:443", "severity": "info", "extra": {"interface": "unknown"}}
{"log_type": "firewall", "raw": "Sep 24 12:28:02 FIREWALL kernel: [UFW ALLOW] IN=eth0 OUT= SRC=10.0.64.63 DST=8.8.8.8 PROTO=UDP SPT=54586 DPT=53", "timestamp": "2026-09-24T12:28:02.000Z", "hostname": "FIREWALL", "action": "allow", "source_ip": "10.0.64.63", "destination_ip": "8.8.8.8", "protocol": "UDP", "source_port": 54586, "destination_port": 53, "message": "Firewall allowed UDP 10.0.64.63 -> 8.8.8.8:53", "severity": "info", "extra": {"interface": "unknown"}}
{"log_type": "firewall", "raw": "Sep 24 12:28:02 FIREWALL kernel: [UFW ALLOW] IN=eth0 OUT= SRC=10.0.64.63 DST=151.101.106.172 PROTO=TCP SPT=50431 DPT=80", "timestamp": "2026-09-24T12:28:02.000Z", "hostname": "FIREWALL", "action": "allow", "source_ip": "10.0.64.63", "destination_ip": "151.101.106.172", "protocol": "TCP", "source_port": 50431, "destination_port": 80, "message": "Firewall allowed TCP 10.0.64.63 -> 151.101.106.172:80", "severity": "info", "extra": {"interface": "unknown"}}
{"log_type": "authentication", "raw": "<Event xmlns='http://schemas.microsoft.com/win/2004/08/events/event'><System><Provider Name='Microsoft-Windows-Security-Auditing' Guid='{54849625-5478-4994-a5ba-3e3b0328c30d}'/><EventID>4624</EventID><Version>3</Version><Level>0</Level><Task>12544</Task><Opcode>0</Opcode><Keywords>0x8020000000000000</Keywords><TimeCreated SystemTime='2026-09-23T15:27:08.1509059Z'/><EventRecordID>2717721</EventRecordID><Correlation ActivityID='{91197e41-4b03-0002-5f84-1991034bdd01}'/><Execution ProcessID='1160' ThreadID='1280'/><Channel>Security</Channel><Computer>ANURAGYADAV</Computer><Security/></System><EventData><Data Name='SubjectUserSid'>S-1-5-18</Data><Data Name='SubjectUserName'>ANURAGYADAV$</Data><Data Name='SubjectDomainName'>WORKGROUP</Data><Data Name='SubjectLogonId'>0x3e7</Data><Data Name='TargetUserSid'>S-1-5-18</Data><Data Name='TargetUserName'>SYSTEM</Data><Data Name='TargetDomainName'>NT AUTHORITY</Data><Data Name='TargetLogonId'>0x3e7</Data><Data Name='LogonType'>5</Data><Data Name='LogonProcessName'>Advapi  </Data><Data Name='AuthenticationPackageName'>Negotiate</Data><Data Name='WorkstationName'>-</Data><Data Name='LogonGuid'>{00000000-0000-0000-0000-000000000000}</Data><Data Name='TransmittedServices'>-</Data><Data Name='LmPackageName'>-</Data><Data Name='KeyLength'>0</Data><Data Name='ProcessId'>0x468</Data><Data Name='ProcessName'>C:\\Windows\\System32\\services.exe</Data><Data Name='IpAddress'>-</Data><Data Name='IpPort'>-</Data><Data Name='ImpersonationLevel'>%%1833</Data><Data Name='RestrictedAdminMode'>-</Data><Data Name='RemoteCredentialGuard'>-</Data><Data Name='TargetOutboundUserName'>-</Data><Data Name='TargetOutboundDomainName'>-</Data><Data Name='VirtualAccount'>%%1843</Data><Data Name='TargetLinkedLogonId'>0x0</Data><Data Name='ElevatedToken'>%%1842</Data></EventData></Event>", "timestamp": "2026-09-24T06:58:29.000Z", "hostname": "", "event_id": "", "action": "event", "message": "Windows Event ", "severity": "info"}
{"log_type": "authentication", "raw": "<Event xmlns='http://schemas.microsoft.com/win/2004/08/events/event'><System><Provider Name='Microsoft-Windows-Security-Auditing' Guid='{54849625-5478-4994-a5ba-3e3b0328c30d}'/><EventID>4672</EventID><Version>0</Version><Level>0</Level><Task>12548</Task><Opcode>0</Opcode><Keywords>0x8020000000000000</Keywords><TimeCreated SystemTime='2026-09-23T15:27:08.1509142Z'/><EventRecordID>2717722</EventRecordID><Correlation ActivityID='{91197e41-4b03-0002-5f84-1991034bdd01}'/><Execution ProcessID='1160' ThreadID='1280'/><Channel>Security</Channel><Computer>ANURAGYADAV</Computer><Security/></System><EventData><Data Name='SubjectUserSid'>S-1-5-18</Data><Data Name='SubjectUserName'>SYSTEM</Data><Data Name='SubjectDomainName'>NT AUTHORITY</Data><Data Name='SubjectLogonId'>0x3e7</Data><Data Name='PrivilegeList'>SeAssignPrimaryTokenPrivilege\n\t\t\tSeTcbPrivilege\n\t\t\tSeSecurityPrivilege\n\t\t\tSeTakeOwnershipPrivilege\n\t\t\tSeLoadDriverPrivilege\n\t\t\tSeBackupPrivilege\n\t\t\tSeRestorePrivilege\n\t\t\tSeDebugPrivilege\n\t\t\tSeAuditPrivilege\n\t\t\tSeSystemEnvironmentPrivilege\n\t\t\tSeImpersonatePrivilege\n\t\t\tSeDelegateSessionUserImpersonatePrivilege</Data></EventData></Event>", "timestamp": "2026-09-24T06:58:29.000Z", "hostname": "", "event_id": "", "action": "event", "message": "Windows Event ", "severity": "info"}
{"log_type": "authentication", "raw": "<Event xmlns='http://schemas.microsoft.com/win/2004/08/events/event'><System><Provider Name='Microsoft-Windows-Security-Auditing' Guid='{54849625-5478-4994-a5ba-3e3b0328c30d}'/><EventID>4624</EventID><Version>3</Version><Level>0</Level><Task>12544</Task><Opcode>0</Opcode><Keywords>0x8020000000000000</Keywords><TimeCreated SystemTime='2026-09-23T15:28:00.3958907Z'/><EventRecordID>2718632</EventRecordID><Correlation ActivityID='{91197e41-4b03-0002-5f84-1991034bdd01}'/><Execution ProcessID='1160' ThreadID='15672'/><Channel>Security</Channel><Computer>ANURAGYADAV</Computer><Security/></System><EventData><Data Name='SubjectUserSid'>S-1-5-18</Data><Data Name='SubjectUserName'>ANURAGYADAV$</Data><Data Name='SubjectDomainName'>WORKGROUP</Data><Data Name='SubjectLogonId'>0x3e7</Data><Data Name='TargetUserSid'>S-1-5-18</Data><Data Name='TargetUserName'>SYSTEM</Data><Data Name='TargetDomainName'>NT AUTHORITY</Data><Data Name='TargetLogonId'>0x3e7</Data><Data Name='LogonType'>5</Data><Data Name='LogonProcessName'>Advapi  </Data><Data Name='AuthenticationPackageName'>Negotiate</Data><Data Name='WorkstationName'>-</Data><Data Name='LogonGuid'>{00000000-0000-0000-0000-000000000000}</Data><Data Name='TransmittedServices'>-</Data><Data Name='LmPackageName'>-</Data><Data Name='KeyLength'>0</Data><Data Name='ProcessId'>0x468</Data><Data Name='ProcessName'>C:\\Windows\\System32\\services.exe</Data><Data Name='IpAddress'>-</Data><Data Name='IpPort'>-</Data><Data Name='ImpersonationLevel'>%%1833</Data><Data Name='RestrictedAdminMode'>-</Data><Data Name='RemoteCredentialGuard'>-</Data><Data Name='TargetOutboundUserName'>-</Data><Data Name='TargetOutboundDomainName'>-</Data><Data Name='VirtualAccount'>%%1843</Data><Data Name='TargetLinkedLogonId'>0x0</Data><Data Name='ElevatedToken'>%%1842</Data></EventData></Event>", "timestamp": "2026-09-24T06:58:29.000Z", "hostname": "", "event_id": "", "action": "event", "message": "Windows Event ", "severity": "info"}
{"log_type": "authentication", "raw": "<Event xmlns='http://schemas.microsoft.com/win/2004/08/events/event'><System><Provider Name='Microsoft-Windows-Security-Auditing' Guid='{54849625-5478-4994-a5ba-3e3b0328c30d}'/><EventID>4672</EventID><Version>0</Version><Level>0</Level><Task>12548</Task><Opcode>0</Opcode><Keywords>0x8020000000000000</Keywords><TimeCreated SystemTime='2026-09-23T15:28:00.3958966Z'/><EventRecordID>2718633</EventRecordID><Correlation ActivityID='{91197e41-4b03-0002-5f84-1991034bdd01}'/><Execution ProcessID='1160' ThreadID='15672'/><Channel>Security</Channel><Computer>ANURAGYADAV</Computer><Security/></System><EventData><Data Name='SubjectUserSid'>S-1-5-18</Data><Data Name='SubjectUserName'>SYSTEM</Data><Data Name='SubjectDomainName'>NT AUTHORITY</Data><Data Name='SubjectLogonId'>0x3e7</Data><Data Name='PrivilegeList'>SeAssignPrimaryTokenPrivilege\n\t\t\tSeTcbPrivilege\n\t\t\tSeSecurityPrivilege\n\t\t\tSeTakeOwnershipPrivilege\n\t\t\tSeLoadDriverPrivilege\n\t\t\tSeBackupPrivilege\n\t\t\tSeRestorePrivilege\n\t\t\tSeDebugPrivilege\n\t\t\tSeAuditPrivilege\n\t\t\tSeSystemEnvironmentPrivilege\n\t\t\tSeImpersonatePrivilege\n\t\t\tSeDelegateSessionUserImpersonatePrivilege</Data></EventData></Event>", "timestamp": "2026-09-24T06:58:29.000Z", "hostname": "", "event_id": "", "action": "event", "message": "Windows Event ", "severity": "info"}
{"log_type": "authentication", "raw": "<Event xmlns='http://schemas.microsoft.com/win/2004/08/events/event'><System><Provider Name='Microsoft-Windows-Security-Auditing' Guid='{54849625-5478-4994-a5ba-3e3b0328c30d}'/><EventID>4624</EventID><Version>3</Version><Level>0</Level><Task>12544</Task><Opcode>0</Opcode><Keywords>0x8020000000000000</Keywords><TimeCreated SystemTime='2026-09-23T15:28:04.8866480Z'/><EventRecordID>2718712</EventRecordID><Correlation ActivityID='{91197e41-4b03-0002-5f84-1991034bdd01}'/><Execution ProcessID='1160' ThreadID='7880'/><Channel>Security</Channel><Computer>ANURAGYADAV</Computer><Security/></System><EventData><Data Name='SubjectUserSid'>S-1-5-18</Data><Data Name='SubjectUserName'>ANURAGYADAV$</Data><Data Name='SubjectDomainName'>WORKGROUP</Data><Data Name='SubjectLogonId'>0x3e7</Data><Data Name='TargetUserSid'>S-1-5-18</Data><Data Name='TargetUserName'>SYSTEM</Data><Data Name='TargetDomainName'>NT AUTHORITY</Data><Data Name='TargetLogonId'>0x3e7</Data><Data Name='LogonType'>5</Data><Data Name='LogonProcessName'>Advapi  </Data><Data Name='AuthenticationPackageName'>Negotiate</Data><Data Name='WorkstationName'>-</Data><Data Name='LogonGuid'>{00000000-0000-0000-0000-000000000000}</Data><Data Name='TransmittedServices'>-</Data><Data Name='LmPackageName'>-</Data><Data Name='KeyLength'>0</Data><Data Name='ProcessId'>0x468</Data><Data Name='ProcessName'>C:\\Windows\\System32\\services.exe</Data><Data Name='IpAddress'>-</Data><Data Name='IpPort'>-</Data><Data Name='ImpersonationLevel'>%%1833</Data><Data Name='RestrictedAdminMode'>-</Data><Data Name='RemoteCredentialGuard'>-</Data><Data Name='TargetOutboundUserName'>-</Data><Data Name='TargetOutboundDomainName'>-</Data><Data Name='VirtualAccount'>%%1843</Data><Data Name='TargetLinkedLogonId'>0x0</Data><Data Name='ElevatedToken'>%%1842</Data></EventData></Event>", "timestamp": "2026-09-24T06:58:29.000Z", "hostname": "", "event_id": "", "action": "event", "message": "Windows Event ", "severity": "info"}
{"log_type": "authentication", "raw": "<Event xmlns='http://schemas.microsoft.com/win/2004/08/events/event'><System><Provider Name='Microsoft-Windows-Security-Auditing' Guid='{54849625-5478-4994-a5ba-3e3b0328c30d}'/><EventID>4672</EventID><Version>0</Version><Level>0</Level><Task>12548</Task><Opcode>0</Opcode><Keywords>0x8020000000000000</Keywords><TimeCreated SystemTime='2026-09-23T15:28:04.8866580Z'/><EventRecordID>2718713</EventRecordID><Correlation ActivityID='{91197e41-4b03-0002-5f84-1991034bdd01}'/><Execution ProcessID='1160' ThreadID='7880'/><Channel>Security</Channel><Computer>ANURAGYADAV</Computer><Security/></System><EventData><Data Name='SubjectUserSid'>S-1-5-18</Data><Data Name='SubjectUserName'>SYSTEM</Data><Data Name='SubjectDomainName'>NT AUTHORITY</Data><Data Name='SubjectLogonId'>0x3e7</Data><Data Name='PrivilegeList'>SeAssignPrimaryTokenPrivilege\n\t\t\tSeTcbPrivilege\n\t\t\tSeSecurityPrivilege\n\t\t\tSeTakeOwnershipPrivilege\n\t\t\tSeLoadDriverPrivilege\n\t\t\tSeBackupPrivilege\n\t\t\tSeRestorePrivilege\n\t\t\tSeDebugPrivilege\n\t\t\tSeAuditPrivilege\n\t\t\tSeSystemEnvironmentPrivilege\n\t\t\tSeImpersonatePrivilege\n\t\t\tSeDelegateSessionUserImpersonatePrivilege</Data></EventData></Event>", "timestamp": "2026-09-24T06:58:29.000Z", "hostname": "", "event_id": "", "action": "event", "message": "Windows Event ", "severity": "info"}
{"log_type": "authentication", "raw": "<Event xmlns='http://schemas.microsoft.com/win/2004/08/events/event'><System><Provider Name='Microsoft-Windows-Security-Auditing' Guid='{54849625-5478-4994-a5ba-3e3b0328c30d}'/><EventID>4624</EventID><Version>3</Version><Level>0</Level><Task>12544</Task><Opcode>0</Opcode><Keywords>0x8020000000000000</Keywords><TimeCreated SystemTime='2026-09-23T15:28:07.0407305Z'/><EventRecordID>2718759</EventRecordID><Correlation ActivityID='{91197e41-4b03-0002-5f84-1991034bdd01}'/><Execution ProcessID='1160' ThreadID='15672'/><Channel>Security</Channel><Computer>ANURAGYADAV</Computer><Security/></System><EventData><Data Name='SubjectUserSid'>S-1-5-18</Data><Data Name='SubjectUserName'>ANURAGYADAV$</Data><Data Name='SubjectDomainName'>WORKGROUP</Data><Data Name='SubjectLogonId'>0x3e7</Data><Data Name='TargetUserSid'>S-1-5-18</Data><Data Name='TargetUserName'>SYSTEM</Data><Data Name='TargetDomainName'>NT AUTHORITY</Data><Data Name='TargetLogonId'>0x3e7</Data><Data Name='LogonType'>5</Data><Data Name='LogonProcessName'>Advapi  </Data><Data Name='AuthenticationPackageName'>Negotiate</Data><Data Name='WorkstationName'>-</Data><Data Name='LogonGuid'>{00000000-0000-0000-0000-000000000000}</Data><Data Name='TransmittedServices'>-</Data><Data Name='LmPackageName'>-</Data><Data Name='KeyLength'>0</Data><Data Name='ProcessId'>0x468</Data><Data Name='ProcessName'>C:\\Windows\\System32\\services.exe</Data><Data Name='IpAddress'>-</Data><Data Name='IpPort'>-</Data><Data Name='ImpersonationLevel'>%%1833</Data><Data Name='RestrictedAdminMode'>-</Data><Data Name='RemoteCredentialGuard'>-</Data><Data Name='TargetOutboundUserName'>-</Data><Data Name='TargetOutboundDomainName'>-</Data><Data Name='VirtualAccount'>%%1843</Data><Data Name='TargetLinkedLogonId'>0x0</Data><Data Name='ElevatedToken'>%%1842</Data></EventData></Event>", "timestamp": "2026-09-24T06:58:29.000Z", "hostname": "", "event_id": "", "action": "event", "message": "Windows Event ", "severity": "info"}
{"log_type": "authentication", "raw": "<Event xmlns='http://schemas.microsoft.com/win/2004/08/events/event'><System><Provider Name='Microsoft-Windows-Security-Auditing' Guid='{54849625-5478-4994-a5ba-3e3b0328c30d}'/><EventID>4672</EventID><Version>0</Version><Level>0</Level><Task>12548</Task><Opcode>0</Opcode><Keywords>0x8020000000000000</Keywords><TimeCreated SystemTime='2026-09-23T15:28:07.0407377Z'/><EventRecordID>2718760</EventRecordID><Correlation ActivityID='{91197e41-4b03-0002-5f84-1991034bdd01}'/><Execution ProcessID='1160' ThreadID='15672'/><Channel>Security</Channel><Computer>ANURAGYADAV</Computer><Security/></System><EventData><Data Name='SubjectUserSid'>S-1-5-18</Data><Data Name='SubjectUserName'>SYSTEM</Data><Data Name='SubjectDomainName'>NT AUTHORITY</Data><Data Name='SubjectLogonId'>0x3e7</Data><Data Name='PrivilegeList'>SeAssignPrimaryTokenPrivilege\n\t\t\tSeTcbPrivilege\n\t\t\tSeSecurityPrivilege\n\t\t\tSeTakeOwnershipPrivilege\n\t\t\tSeLoadDriverPrivilege\n\t\t\tSeBackupPrivilege\n\t\t\tSeRestorePrivilege\n\t\t\tSeDebugPrivilege\n\t\t\tSeAuditPrivilege\n\t\t\tSeSystemEnvironmentPrivilege\n\t\t\tSeImpersonatePrivilege\n\t\t\tSeDelegateSessionUserImpersonatePrivilege</Data></EventData></Event>", "timestamp": "2026-09-24T06:58:29.000Z", "hostname": "", "event_id": "", "action": "event", "message": "Windows Event ", "severity": "info"}
{"log_type": "authentication", "raw": "<Event xmlns='http://schemas.microsoft.com/win/2004/08/events/event'><System><Provider Name='Microsoft-Windows-Security-Auditing' Guid='{54849625-5478-4994-a5ba-3e3b0328c30d}'/><EventID>4624</EventID><Version>3</Version><Level>0</Level><Task>12544</Task><Opcode>0</Opcode><Keywords>0x8020000000000000</Keywords><TimeCreated SystemTime='2026-09-23T15:43:06.1914503Z'/><EventRecordID>2718941</EventRecordID><Correlation ActivityID='{91197e41-4b03-0002-5f84-1991034bdd01}'/><Execution ProcessID='1160' ThreadID='13052'/><Channel>Security</Channel><Computer>ANURAGYADAV</Computer><Security/></System><EventData><Data Name='SubjectUserSid'>S-1-5-18</Data><Data Name='SubjectUserName'>ANURAGYADAV$</Data><Data Name='SubjectDomainName'>WORKGROUP</Data><Data Name='SubjectLogonId'>0x3e7</Data><Data Name='TargetUserSid'>S-1-5-18</Data><Data Name='TargetUserName'>SYSTEM</Data><Data Name='TargetDomainName'>NT AUTHORITY</Data><Data Name='TargetLogonId'>0x3e7</Data><Data Name='LogonType'>5</Data><Data Name='LogonProcessName'>Advapi  </Data><Data Name='AuthenticationPackageName'>Negotiate</Data><Data Name='WorkstationName'>-</Data><Data Name='LogonGuid'>{00000000-0000-0000-0000-000000000000}</Data><Data Name='TransmittedServices'>-</Data><Data Name='LmPackageName'>-</Data><Data Name='KeyLength'>0</Data><Data Name='ProcessId'>0x468</Data><Data Name='ProcessName'>C:\\Windows\\System32\\services.exe</Data><Data Name='IpAddress'>-</Data><Data Name='IpPort'>-</Data><Data Name='ImpersonationLevel'>%%1833</Data><Data Name='RestrictedAdminMode'>-</Data><Data Name='RemoteCredentialGuard'>-</Data><Data Name='TargetOutboundUserName'>-</Data><Data Name='TargetOutboundDomainName'>-</Data><Data Name='VirtualAccount'>%%1843</Data><Data Name='TargetLinkedLogonId'>0x0</Data><Data Name='ElevatedToken'>%%1842</Data></EventData></Event>", "timestamp": "2026-09-24T06:58:29.000Z", "hostname": "", "event_id": "", "action": "event", "message": "Windows Event ", "severity": "info"}
{"log_type": "authentication", "raw": "<Event xmlns='http://schemas.microsoft.com/win/2004/08/events/event'><System><Provider Name='Microsoft-Windows-Security-Auditing' Guid='{54849625-5478-4994-a5ba-3e3b0328c30d}'/><EventID>4672</EventID><Version>0</Version><Level>0</Level><Task>12548</Task><Opcode>0</Opcode><Keywords>0x8020000000000000</Keywords><TimeCreated SystemTime='2026-09-23T15:43:06.1914655Z'/><EventRecordID>2718942</EventRecordID><Correlation ActivityID='{91197e41-4b03-0002-5f84-1991034bdd01}'/><Execution ProcessID='1160' ThreadID='13052'/><Channel>Security</Channel><Computer>ANURAGYADAV</Computer><Security/></System><EventData><Data Name='SubjectUserSid'>S-1-5-18</Data><Data Name='SubjectUserName'>SYSTEM</Data><Data Name='SubjectDomainName'>NT AUTHORITY</Data><Data Name='SubjectLogonId'>0x3e7</Data><Data Name='PrivilegeList'>SeAssignPrimaryTokenPrivilege\n\t\t\tSeTcbPrivilege\n\t\t\tSeSecurityPrivilege\n\t\t\tSeTakeOwnershipPrivilege\n\t\t\tSeLoadDriverPrivilege\n\t\t\tSeBackupPrivilege\n\t\t\tSeRestorePrivilege\n\t\t\tSeDebugPrivilege\n\t\t\tSeAuditPrivilege\n\t\t\tSeSystemEnvironmentPrivilege\n\t\t\tSeImpersonatePrivilege\n\t\t\tSeDelegateSessionUserImpersonatePrivilege</Data></EventData></Event>", "timestamp": "2026-09-24T06:58:29.000Z", "hostname": "", "event_id": "", "action": "event", "message": "Windows Event ", "severity": "info"}
{"log_type": "authentication", "raw": "<Event xmlns='http://schemas.microsoft.com/win/2004/08/events/event'><System><Provider Name='Microsoft-Windows-Security-Auditing' Guid='{54849625-5478-4994-a5ba-3e3b0328c30d}'/><EventID>4624</EventID><Version>3</Version><Level>0</Level><Task>12544</Task><Opcode>0</Opcode><Keywords>0x8020000000000000</Keywords><TimeCreated SystemTime='2026-09-23T15:44:38.0567363Z'/><EventRecordID>2718944</EventRecordID><Correlation ActivityID='{91197e41-4b03-0002-5f84-1991034bdd01}'/><Execution ProcessID='1160' ThreadID='13052'/><Channel>Security</Channel><Computer>ANURAGYADAV</Computer><Security/></System><EventData><Data Name='SubjectUserSid'>S-1-5-18</Data><Data Name='SubjectUserName'>ANURAGYADAV$</Data><Data Name='SubjectDomainName'>WORKGROUP</Data><Data Name='SubjectLogonId'>0x3e7</Data><Data Name='TargetUserSid'>S-1-5-18</Data><Data Name='TargetUserName'>SYSTEM</Data><Data Name='TargetDomainName'>NT AUTHORITY</Data><Data Name='TargetLogonId'>0x3e7</Data><Data Name='LogonType'>5</Data><Data Name='LogonProcessName'>Advapi  </Data><Data Name='AuthenticationPackageName'>Negotiate</Data><Data Name='WorkstationName'>-</Data><Data Name='LogonGuid'>{00000000-0000-0000-0000-000000000000}</Data><Data Name='TransmittedServices'>-</Data><Data Name='LmPackageName'>-</Data><Data Name='KeyLength'>0</Data><Data Name='ProcessId'>0x468</Data><Data Name='ProcessName'>C:\\Windows\\System32\\services.exe</Data><Data Name='IpAddress'>-</Data><Data Name='IpPort'>-</Data><Data Name='ImpersonationLevel'>%%1833</Data><Data Name='RestrictedAdminMode'>-</Data><Data Name='RemoteCredentialGuard'>-</Data><Data Name='TargetOutboundUserName'>-</Data><Data Name='TargetOutboundDomainName'>-</Data><Data Name='VirtualAccount'>%%1843</Data><Data Name='TargetLinkedLogonId'>0x0</Data><Data Name='ElevatedToken'>%%1842</Data></EventData></Event>", "timestamp": "2026-09-24T06:58:29.000Z", "hostname": "", "event_id": "", "action": "event", "message": "Windows Event ", "severity": "info"}
{"log_type": "authentication", "raw": "<Event xmlns='http://schemas.microsoft.com/win/2004/08/events/event'><System><Provider Name='Microsoft-Windows-Security-Auditing' Guid='{54849625-5478-4994-a5ba-3e3b0328c30d}'/><EventID>4672</EventID><Version>0</Version><Level>0</Level><Task>12548</Task><Opcode>0</Opcode><Keywords>0x8020000000000000</Keywords><TimeCreated SystemTime='2026-09-23T15:44:38.0567443Z'/><EventRecordID>2718945</EventRecordID><Correlation ActivityID='{91197e41-4b03-0002-5f84-1991034bdd01}'/><Execution ProcessID='1160' ThreadID='13052'/><Channel>Security</Channel><Computer>ANURAGYADAV</Computer><Security/></System><EventData><Data Name='SubjectUserSid'>S-1-5-18</Data><Data Name='SubjectUserName'>SYSTEM</Data><Data Name='SubjectDomainName'>NT AUTHORITY</Data><Data Name='SubjectLogonId'>0x3e7</Data><Data Name='PrivilegeList'>SeAssignPrimaryTokenPrivilege\n\t\t\tSeTcbPrivilege\n\t\t\tSeSecurityPrivilege\n\t\t\tSeTakeOwnershipPrivilege\n\t\t\tSeLoadDriverPrivilege\n\t\t\tSeBackupPrivilege\n\t\t\tSeRestorePrivilege\n\t\t\tSeDebugPrivilege\n\t\t\tSeAuditPrivilege\n\t\t\tSeSystemEnvironmentPrivilege\n\t\t\tSeImpersonatePrivilege\n\t\t\tSeDelegateSessionUserImpersonatePrivilege</Data></EventData></Event>", "timestamp": "2026-09-24T06:58:29.000Z", "hostname": "", "event_id": "", "action": "event", "message": "Windows Event ", "severity": "info"}
{"log_type": "authentication", "raw": "<Event xmlns='http://schemas.microsoft.com/win/2004/08/events/event'><System><Provider Name='Microsoft-Windows-Security-Auditing' Guid='{54849625-5478-4994-a5ba-3e3b0328c30d}'/><EventID>4648</EventID><Version>0</Version><Level>0</Level><Task>12544</Task><Opcode>0</Opcode><Keywords>0x8020000000000000</Keywords><TimeCreated SystemTime='2026-09-23T15:44:41.9921331Z'/><EventRecordID>2719012</EventRecordID><Correlation ActivityID='{91197e41-4b03-0002-5f84-1991034bdd01}'/><Execution ProcessID='1160' ThreadID='13052'/><Channel>Security</Channel><Computer>ANURAGYADAV</Computer><Security/></System><EventData><Data Name='SubjectUserSid'>S-1-5-18</Data><Data Name='SubjectUserName'>ANURAGYADAV$</Data><Data Name='SubjectDomainName'>WORKGROUP</Data><Data Name='SubjectLogonId'>0x3e7</Data><Data Name='LogonGuid'>{00000000-0000-0000-0000-000000000000}</Data><Data Name='TargetUserName'>anurag2003y@gmail.com</Data><Data Name='TargetDomainName'>MicrosoftAccount</Data><Data Name='TargetLogonGuid'>{00000000-0000-0000-0000-000000000000}</Data><Data Name='TargetServerName'>localhost</Data><Data Name='TargetInfo'>localhost</Data><Data Name='ProcessId'>0x874</Data><Data Name='ProcessName'>C:\\Windows\\System32\\svchost.exe</Data><Data Name='IpAddress'>127.0.0.1</Data><Data Name='IpPort'>0</Data></EventData></Event>", "timestamp": "2026-09-24T06:58:29.000Z", "hostname": "", "event_id": "", "action": "event", "message": "Windows Event ", "severity": "info"}
{"log_type": "authentication", "raw": "<Event xmlns='http://schemas.microsoft.com/win/2004/08/events/event'><System><Provider Name='Microsoft-Windows-Security-Auditing' Guid='{54849625-5478-4994-a5ba-3e3b0328c30d}'/><EventID>4624</EventID><Version>3</Version><Level>0</Level><Task>12544</Task><Opcode>0</Opcode><Keywords>0x8020000000000000</Keywords><TimeCreated SystemTime='2026-09-23T15:44:41.9921654Z'/><EventRecordID>2719013</EventRecordID><Correlation ActivityID='{91197e41-4b03-0002-5f84-1991034bdd01}'/><Execution ProcessID='1160' ThreadID='13052'/><Channel>Security</Channel><Computer>ANURAGYADAV</Computer><Security/></System><EventData><Data Name='SubjectUserSid'>S-1-5-18</Data><Data Name='SubjectUserName'>ANURAGYADAV$</Data><Data Name='SubjectDomainName'>WORKGROUP</Data><Data Name='SubjectLogonId'>0x3e7</Data><Data Name='TargetUserSid'>S-1-5-21-1961232722-1676839713-1897321690-1001</Data><Data Name='TargetUserName'>anurag2003y@gmail.com</Data><Data Name='TargetDomainName'>MicrosoftAccount</Data><Data Name='TargetLogonId'>0xafeb64b</Data><Data Name='LogonType'>11</Data><Data Name='LogonProcessName'>User32 </Data><Data Name='AuthenticationPackageName'>Negotiate</Data><Data Name='WorkstationName'>ANURAGYADAV</Data><Data Name='LogonGuid'>{00000000-0000-0000-0000-000000000000}</Data><Data Name='TransmittedServices'>-</Data><Data Name='LmPackageName'>-</Data><Data Name='KeyLength'>0</Data><Data Name='ProcessId'>0x874</Data><Data Name='ProcessName'>C:\\Windows\\System32\\svchost.exe</Data><Data Name='IpAddress'>127.0.0.1</Data><Data Name='IpPort'>0</Data><Data Name='ImpersonationLevel'>%%1833</Data><Data Name='RestrictedAdminMode'>-</Data><Data Name='RemoteCredentialGuard'>-</Data><Data Name='TargetOutboundUserName'>-</Data><Data Name='TargetOutboundDomainName'>-</Data><Data Name='VirtualAccount'>%%1843</Data><Data Name='TargetLinkedLogonId'>0xafeb6a8</Data><Data Name='ElevatedToken'>%%1842</Data></EventData></Event>", "timestamp": "2026-09-24T06:58:29.000Z", "hostname": "", "event_id": "", "action": "event", "message": "Windows Event ", "severity": "info"}
{"log_type": "authentication", "raw": "<Event xmlns='http://schemas.microsoft.com/win/2004/08/events/event'><System><Provider Name='Microsoft-Windows-Security-Auditing' Guid='{54849625-5478-4994-a5ba-3e3b0328c30d}'/><EventID>4624</EventID><Version>3</Version><Level>0</Level><Task>12544</Task><Opcode>0</Opcode><Keywords>0x8020000000000000</Keywords><TimeCreated SystemTime='2026-09-23T15:44:41.9921784Z'/><EventRecordID>2719014</EventRecordID><Correlation ActivityID='{91197e41-4b03-0002-5f84-1991034bdd01}'/><Execution ProcessID='1160' ThreadID='13052'/><Channel>Security</Channel><Computer>ANURAGYADAV</Computer><Security/></System><EventData><Data Name='SubjectUserSid'>S-1-5-18</Data><Data Name='SubjectUserName'>ANURAGYADAV$</Data><Data Name='SubjectDomainName'>WORKGROUP</Data><Data Name='SubjectLogonId'>0x3e7</Data><Data Name='TargetUserSid'>S-1-5-21-1961232722-1676839713-1897321690-1001</Data><Data Name='TargetUserName'>anurag2003y@gmail.com</Data><Data Name='TargetDomainName'>MicrosoftAccount</Data><Data Name='TargetLogonId'>0xafeb6a8</Data><Data Name='LogonType'>11</Data><Data Name='LogonProcessName'>User32 </Data><Data Name='AuthenticationPackageName'>Negotiate</Data><Data Name='WorkstationName'>ANURAGYADAV</Data><Data Name='LogonGuid'>{00000000-0000-0000-0000-000000000000}</Data><Data Name='TransmittedServices'>-</Data><Data Name='LmPackageName'>-</Data><Data Name='KeyLength'>0</Data><Data Name='ProcessId'>0x874</Data><Data Name='ProcessName'>C:\\Windows\\System32\\svchost.exe</Data><Data Name='IpAddress'>127.0.0.1</Data><Data Name='IpPort'>0</Data><Data Name='ImpersonationLevel'>%%1833</Data><Data Name='RestrictedAdminMode'>-</Data><Data Name='RemoteCredentialGuard'>-</Data><Data Name='TargetOutboundUserName'>-</Data><Data Name='TargetOutboundDomainName'>-</Data><Data Name='VirtualAccount'>%%1843</Data><Data Name='TargetLinkedLogonId'>0xafeb64b</Data><Data Name='ElevatedToken'>%%1843</Data></EventData></Event>", "timestamp": "2026-09-24T06:58:29.000Z", "hostname": "", "event_id": "", "action": "event", "message": "Windows Event ", "severity": "info"}
{"log_type": "authentication", "raw": "<Event xmlns='http://schemas.microsoft.com/win/2004/08/events/event'><System><Provider Name='Microsoft-Windows-Security-Auditing' Guid='{54849625-5478-4994-a5ba-3e3b0328c30d}'/><EventID>4672</EventID><Version>0</Version><Level>0</Level><Task>12548</Task><Opcode>0</Opcode><Keywords>0x8020000000000000</Keywords><TimeCreated SystemTime='2026-09-23T15:44:41.9921828Z'/><EventRecordID>2719015</EventRecordID><Correlation ActivityID='{91197e41-4b03-0002-5f84-1991034bdd01}'/><Execution ProcessID='1160' ThreadID='13052'/><Channel>Security</Channel><Computer>ANURAGYADAV</Computer><Security/></System><EventData><Data Name='SubjectUserSid'>S-1-5-21-1961232722-1676839713-1897321690-1001</Data><Data Name='SubjectUserName'>anurag2003y@gmail.com</Data><Data Name='SubjectDomainName'>MicrosoftAccount</Data><Data Name='SubjectLogonId'>0xafeb64b</Data><Data Name='PrivilegeList'>SeSecurityPrivilege\n\t\t\tSeTakeOwnershipPrivilege\n\t\t\tSeLoadDriverPrivilege\n\t\t\tSeBackupPrivilege\n\t\t\tSeRestorePrivilege\n\t\t\tSeDebugPrivilege\n\t\t\tSeSystemEnvironmentPrivilege\n\t\t\tSeImpersonatePrivilege\n\t\t\tSeDelegateSessionUserImpersonatePrivilege</Data></EventData></Event>", "timestamp": "2026-09-24T06:58:29.000Z", "hostname": "", "event_id": "", "action": "event", "message": "Windows Event ", "severity": "info"}
{"log_type": "authentication", "raw": "<Event xmlns='http://schemas.microsoft.com/win/2004/08/events/event'><System><Provider Name='Microsoft-Windows-Security-Auditing' Guid='{54849625-5478-4994-a5ba-3e3b0328c30d}'/><EventID>4648</EventID><Version>0</Version><Level>0</Level><Task>12544</Task><Opcode>0</Opcode><Keywords>0x8020000000000000</Keywords><TimeCreated SystemTime='2026-09-23T15:44:42.0404315Z'/><EventRecordID>2719019</EventRecordID><Correlation/><Execution ProcessID='1160' ThreadID='9540'/><Channel>Security</Channel><Computer>ANURAGYADAV</Computer><Security/></System><EventData><Data Name='SubjectUserSid'>S-1-5-18</Data><Data Name='SubjectUserName'>ANURAGYADAV$</Data><Data Name='SubjectDomainName'>WORKGROUP</Data><Data Name='SubjectLogonId'>0x3e7</Data><Data Name='LogonGuid'>{00000000-0000-0000-0000-000000000000}</Data><Data Name='TargetUserName'>anurag2003y@gmail.com</Data><Data Name='TargetDomainName'>MicrosoftAccount</Data><Data Name='TargetLogonGuid'>{00000000-0000-0000-0000-000000000000}</Data><Data Name='TargetServerName'>localhost</Data><Data Name='TargetInfo'>localhost</Data><Data Name='ProcessId'>0x488</Data><Data Name='ProcessName'>C:\\Windows\\System32\\lsass.exe</Data><Data Name='IpAddress'>-</Data><Data Name='IpPort'>-</Data></EventData></Event>", "timestamp": "2026-09-24T06:58:29.000Z", "hostname": "", "event_id": "", "action": "event", "message": "Windows Event ", "severity": "info"}
{"log_type": "authentication", "raw": "<Event xmlns='http://schemas.microsoft.com/win/2004/08/events/event'><System><Provider Name='Microsoft-Windows-Security-Auditing' Guid='{54849625-5478-4994-a5ba-3e3b0328c30d}'/><EventID>4624</EventID><Version>3</Version><Level>0</Level><Task>12544</Task><Opcode>0</Opcode><Keywords>0x8020000000000000</Keywords><TimeCreated SystemTime='2026-09-23T15:44:42.0404797Z'/><EventRecordID>2719020</EventRecordID><Correlation/><Execution ProcessID='1160' ThreadID='9540'/><Channel>Security</Channel><Computer>ANURAGYADAV</Computer><Security/></System><EventData><Data Name='SubjectUserSid'>S-1-5-18</Data><Data Name='SubjectUserName'>ANURAGYADAV$</Data><Data Name='SubjectDomainName'>WORKGROUP</Data><Data Name='SubjectLogonId'>0x3e7</Data><Data Name='TargetUserSid'>S-1-5-21-1961232722-1676839713-1897321690-1001</Data><Data Name='TargetUserName'>anurag2003y@gmail.com</Data><Data Name='TargetDomainName'>MicrosoftAccount</Data><Data Name='TargetLogonId'>0xafec2ec</Data><Data Name='LogonType'>7</Data><Data Name='LogonProcessName'>Negotiat</Data><Data Name='AuthenticationPackageName'>Negotiate</Data><Data Name='WorkstationName'>ANURAGYADAV</Data><Data Name='LogonGuid'>{00000000-0000-0000-0000-000000000000}</Data><Data Name='TransmittedServices'>-</Data><Data Name='LmPackageName'>-</Data><Data Name='KeyLength'>0</Data><Data Name='ProcessId'>0x488</Data><Data Name='ProcessName'>C:\\Windows\\System32\\lsass.exe</Data><Data Name='IpAddress'>-</Data><Data Name='IpPort'>-</Data><Data Name='ImpersonationLevel'>%%1833</Data><Data Name='RestrictedAdminMode'>-</Data><Data Name='RemoteCredentialGuard'>-</Data><Data Name='TargetOutboundUserName'>-</Data><Data Name='TargetOutboundDomainName'>-</Data><Data Name='VirtualAccount'>%%1843</Data><Data Name='TargetLinkedLogonId'>0xafec45a</Data><Data Name='ElevatedToken'>%%1842</Data></EventData></Event>", "timestamp": "2026-09-24T06:58:29.000Z", "hostname": "", "event_id": "", "action": "event", "message": "Windows Event ", "severity": "info"}
{"log_type": "authentication", "raw": "<Event xmlns='http://schemas.microsoft.com/win/2004/08/events/event'><System><Provider Name='Microsoft-Windows-Security-Auditing' Guid='{54849625-5478-4994-a5ba-3e3b0328c30d}'/><EventID>4624</EventID><Version>3</Version><Level>0</Level><Task>12544</Task><Opcode>0</Opcode><Keywords>0x8020000000000000</Keywords><TimeCreated SystemTime='2026-09-23T15:44:42.0405035Z'/><EventRecordID>2719021</EventRecordID><Correlation/><Execution ProcessID='1160' ThreadID='9540'/><Channel>Security</Channel><Computer>ANURAGYADAV</Computer><Security/></System><EventData><Data Name='SubjectUserSid'>S-1-5-18</Data><Data Name='SubjectUserName'>ANURAGYADAV$</Data><Data Name='SubjectDomainName'>WORKGROUP</Data><Data Name='SubjectLogonId'>0x3e7</Data><Data Name='TargetUserSid'>S-1-5-21-1961232722-1676839713-1897321690-1001</Data><Data Name='TargetUserName'>anurag2003y@gmail.com</Data><Data Name='TargetDomainName'>MicrosoftAccount</Data><Data Name='TargetLogonId'>0xafec45a</Data><Data Name='LogonType'>7</Data><Data Name='LogonProcessName'>Negotiat</Data><Data Name='AuthenticationPackageName'>Negotiate</Data><Data Name='WorkstationName'>ANURAGYADAV</Data><Data Name='LogonGuid'>{00000000-0000-0000-0000-000000000000}</Data><Data Name='TransmittedServices'>-</Data><Data Name='LmPackageName'>-</Data><Data Name='KeyLength'>0</Data><Data Name='ProcessId'>0x488</Data><Data Name='ProcessName'>C:\\Windows\\System32\\lsass.exe</Data><Data Name='IpAddress'>-</Data><Data Name='IpPort'>-</Data><Data Name='ImpersonationLevel'>%%1833</Data><Data Name='RestrictedAdminMode'>-</Data><Data Name='RemoteCredentialGuard'>-</Data><Data Name='TargetOutboundUserName'>-</Data><Data Name='TargetOutboundDomainName'>-</Data><Data Name='VirtualAccount'>%%1843</Data><Data Name='TargetLinkedLogonId'>0xafec2ec</Data><Data Name='ElevatedToken'>%%1843</Data></EventData></Event>", "timestamp": "2026-09-24T06:58:29.000Z", "hostname": "", "event_id": "", "action": "event", "message": "Windows Event ", "severity": "info"}
